27-Feb-2020 17:07:04.635 INFO [Thread-4] org.apache.coyote.AbstractProtocol.pause Pausing ProtocolHandler ["http-nio-9999"]
27-Feb-2020 17:07:04.705 INFO [Thread-4] org.apache.coyote.AbstractProtocol.pause Pausing ProtocolHandler ["ajp-nio-8009"]
27-Feb-2020 17:07:04.713 INFO [Thread-4] org.apache.catalina.core.StandardService.stopInternal Stopping service [Catalina]
27-Feb-2020 17:07:04.963 INFO [Thread-4] org.apache.coyote.AbstractProtocol.stop Stopping ProtocolHandler ["http-nio-9999"]
27-Feb-2020 17:07:04.989 INFO [Thread-4] org.apache.coyote.AbstractProtocol.stop Stopping ProtocolHandler ["ajp-nio-8009"]
27-Feb-2020 17:07:05.003 INFO [Thread-4] org.apache.coyote.AbstractProtocol.destroy Destroying ProtocolHandler ["http-nio-9999"]
27-Feb-2020 17:07:05.005 INFO [Thread-4] org.apache.coyote.AbstractProtocol.destroy Destroying ProtocolHandler ["ajp-nio-8009"]
27-Feb-2020 17:08:22.790 INFO [main] org.apache.catalina.startup.VersionLoggerListener.log Server version name:   Apache Tomcat/9.0.30
27-Feb-2020 17:08:22.796 INFO [main] org.apache.catalina.startup.VersionLoggerListener.log Server built:          Dec 7 2019 16:42:04 UTC
27-Feb-2020 17:08:22.797 INFO [main] org.apache.catalina.startup.VersionLoggerListener.log Server version number: 9.0.30.0
27-Feb-2020 17:08:22.797 INFO [main] org.apache.catalina.startup.VersionLoggerListener.log OS Name:               Mac OS X
27-Feb-2020 17:08:22.797 INFO [main] org.apache.catalina.startup.VersionLoggerListener.log OS Version:            10.14.6
27-Feb-2020 17:08:22.798 INFO [main] org.apache.catalina.startup.VersionLoggerListener.log Architecture:          x86_64
27-Feb-2020 17:08:22.798 INFO [main] org.apache.catalina.startup.VersionLoggerListener.log Java Home:             /Library/Java/JavaVirtualMachines/jdk-11.0.1.jdk/Contents/Home
27-Feb-2020 17:08:22.798 INFO [main] org.apache.catalina.startup.VersionLoggerListener.log JVM Version:           11.0.1+13-LTS
27-Feb-2020 17:08:22.799 INFO [main] org.apache.catalina.startup.VersionLoggerListener.log JVM Vendor:            Oracle Corporation
27-Feb-2020 17:08:22.799 INFO [main] org.apache.catalina.startup.VersionLoggerListener.log CATALINA_BASE:         /Users/lixianlin/myWebProject/tomcat
27-Feb-2020 17:08:22.800 INFO [main] org.apache.catalina.startup.VersionLoggerListener.log CATALINA_HOME:         /Users/lixianlin/myWebProject/tomcat
27-Feb-2020 17:08:22.849 INFO [main] org.apache.catalina.startup.VersionLoggerListener.log Command line argument: --add-opens=java.base/java.lang=ALL-UNNAMED
27-Feb-2020 17:08:22.849 INFO [main] org.apache.catalina.startup.VersionLoggerListener.log Command line argument: --add-opens=java.base/java.io=ALL-UNNAMED
27-Feb-2020 17:08:22.849 INFO [main] org.apache.catalina.startup.VersionLoggerListener.log Command line argument: --add-opens=java.rmi/sun.rmi.transport=ALL-UNNAMED
27-Feb-2020 17:08:22.850 INFO [main] org.apache.catalina.startup.VersionLoggerListener.log Command line argument: -Djava.util.logging.config.file=/Users/lixianlin/myWebProject/tomcat/conf/logging.properties
27-Feb-2020 17:08:22.850 INFO [main] org.apache.catalina.startup.VersionLoggerListener.log Command line argument: -Djava.util.logging.manager=org.apache.juli.ClassLoaderLogManager
27-Feb-2020 17:08:22.851 INFO [main] org.apache.catalina.startup.VersionLoggerListener.log Command line argument: -Djdk.tls.ephemeralDHKeySize=2048
27-Feb-2020 17:08:22.852 INFO [main] org.apache.catalina.startup.VersionLoggerListener.log Command line argument: -Djava.protocol.handler.pkgs=org.apache.catalina.webresources
27-Feb-2020 17:08:22.853 INFO [main] org.apache.catalina.startup.VersionLoggerListener.log Command line argument: -Dorg.apache.catalina.security.SecurityListener.UMASK=0027
27-Feb-2020 17:08:22.854 INFO [main] org.apache.catalina.startup.VersionLoggerListener.log Command line argument: -Dignore.endorsed.dirs=
27-Feb-2020 17:08:22.854 INFO [main] org.apache.catalina.startup.VersionLoggerListener.log Command line argument: -Dcatalina.base=/Users/lixianlin/myWebProject/tomcat
27-Feb-2020 17:08:22.855 INFO [main] org.apache.catalina.startup.VersionLoggerListener.log Command line argument: -Dcatalina.home=/Users/lixianlin/myWebProject/tomcat
27-Feb-2020 17:08:22.855 INFO [main] org.apache.catalina.startup.VersionLoggerListener.log Command line argument: -Djava.io.tmpdir=/Users/lixianlin/myWebProject/tomcat/temp
27-Feb-2020 17:08:22.855 INFO [main] org.apache.catalina.core.AprLifecycleListener.lifecycleEvent The APR based Apache Tomcat Native library which allows optimal performance in production environments was not found on the java.library.path: [/Users/lixianlin/Library/Java/Extensions:/Library/Java/Extensions:/Network/Library/Java/Extensions:/System/Library/Java/Extensions:/usr/lib/java:.]
27-Feb-2020 17:08:23.547 INFO [main] org.apache.coyote.AbstractProtocol.init Initializing ProtocolHandler ["http-nio-9999"]
27-Feb-2020 17:08:23.639 INFO [main] org.apache.coyote.AbstractProtocol.init Initializing ProtocolHandler ["ajp-nio-8009"]
27-Feb-2020 17:08:23.644 INFO [main] org.apache.catalina.startup.Catalina.load Server initialization in [1,412] milliseconds
27-Feb-2020 17:08:23.762 INFO [main] org.apache.catalina.core.StandardService.startInternal Starting service [Catalina]
27-Feb-2020 17:08:23.763 INFO [main] org.apache.catalina.core.StandardEngine.startInternal Starting Servlet engine: [Apache Tomcat/9.0.30]
27-Feb-2020 17:08:23.779 INFO [main] org.apache.catalina.startup.HostConfig.deployDirectory Deploying web application directory [/Users/lixianlin/myWebProject/tomcat/webapps/docs]
27-Feb-2020 17:08:24.759 INFO [main] org.apache.jasper.servlet.TldScanner.scanJars At least one JAR was scanned for TLDs yet contained no TLDs. Enable debug logging for this logger for a complete list of JARs that were scanned but no TLDs were found in them. Skipping unneeded JARs during scanning can improve startup time and JSP compilation time.
27-Feb-2020 17:08:24.884 INFO [main] org.apache.catalina.startup.HostConfig.deployDirectory Deployment of web application directory [/Users/lixianlin/myWebProject/tomcat/webapps/docs] has finished in [1,105] ms
27-Feb-2020 17:08:24.885 INFO [main] org.apache.catalina.startup.HostConfig.deployDirectory Deploying web application directory [/Users/lixianlin/myWebProject/tomcat/webapps/manager]
27-Feb-2020 17:08:25.221 INFO [main] org.apache.jasper.servlet.TldScanner.scanJars At least one JAR was scanned for TLDs yet contained no TLDs. Enable debug logging for this logger for a complete list of JARs that were scanned but no TLDs were found in them. Skipping unneeded JARs during scanning can improve startup time and JSP compilation time.
27-Feb-2020 17:08:25.236 INFO [main] org.apache.catalina.startup.HostConfig.deployDirectory Deployment of web application directory [/Users/lixianlin/myWebProject/tomcat/webapps/manager] has finished in [350] ms
27-Feb-2020 17:08:25.236 INFO [main] org.apache.catalina.startup.HostConfig.deployDirectory Deploying web application directory [/Users/lixianlin/myWebProject/tomcat/webapps/examples]
27-Feb-2020 17:08:25.981 INFO [main] org.apache.jasper.servlet.TldScanner.scanJars At least one JAR was scanned for TLDs yet contained no TLDs. Enable debug logging for this logger for a complete list of JARs that were scanned but no TLDs were found in them. Skipping unneeded JARs during scanning can improve startup time and JSP compilation time.
27-Feb-2020 17:08:26.017 INFO [main] org.apache.catalina.startup.HostConfig.deployDirectory Deployment of web application directory [/Users/lixianlin/myWebProject/tomcat/webapps/examples] has finished in [780] ms
27-Feb-2020 17:08:26.018 INFO [main] org.apache.catalina.startup.HostConfig.deployDirectory Deploying web application directory [/Users/lixianlin/myWebProject/tomcat/webapps/ROOT]
27-Feb-2020 17:08:26.301 INFO [main] org.apache.jasper.servlet.TldScanner.scanJars At least one JAR was scanned for TLDs yet contained no TLDs. Enable debug logging for this logger for a complete list of JARs that were scanned but no TLDs were found in them. Skipping unneeded JARs during scanning can improve startup time and JSP compilation time.
27-Feb-2020 17:08:26.304 INFO [main] org.apache.catalina.startup.HostConfig.deployDirectory Deployment of web application directory [/Users/lixianlin/myWebProject/tomcat/webapps/ROOT] has finished in [287] ms
27-Feb-2020 17:08:26.305 INFO [main] org.apache.catalina.startup.HostConfig.deployDirectory Deploying web application directory [/Users/lixianlin/myWebProject/tomcat/webapps/hello]
27-Feb-2020 17:08:26.591 INFO [main] org.apache.jasper.servlet.TldScanner.scanJars At least one JAR was scanned for TLDs yet contained no TLDs. Enable debug logging for this logger for a complete list of JARs that were scanned but no TLDs were found in them. Skipping unneeded JARs during scanning can improve startup time and JSP compilation time.
27-Feb-2020 17:08:26.611 INFO [main] org.apache.catalina.startup.HostConfig.deployDirectory Deployment of web application directory [/Users/lixianlin/myWebProject/tomcat/webapps/hello] has finished in [305] ms
27-Feb-2020 17:08:26.612 INFO [main] org.apache.catalina.startup.HostConfig.deployDirectory Deploying web application directory [/Users/lixianlin/myWebProject/tomcat/webapps/host-manager]
27-Feb-2020 17:08:26.918 INFO [main] org.apache.jasper.servlet.TldScanner.scanJars At least one JAR was scanned for TLDs yet contained no TLDs. Enable debug logging for this logger for a complete list of JARs that were scanned but no TLDs were found in them. Skipping unneeded JARs during scanning can improve startup time and JSP compilation time.
27-Feb-2020 17:08:26.922 INFO [main] org.apache.catalina.startup.HostConfig.deployDirectory Deployment of web application directory [/Users/lixianlin/myWebProject/tomcat/webapps/host-manager] has finished in [311] ms
27-Feb-2020 17:08:26.933 INFO [main] org.apache.coyote.AbstractProtocol.start Starting ProtocolHandler ["http-nio-9999"]
27-Feb-2020 17:08:26.955 INFO [main] org.apache.coyote.AbstractProtocol.start Starting ProtocolHandler ["ajp-nio-8009"]
27-Feb-2020 17:08:26.962 INFO [main] org.apache.catalina.startup.Catalina.start Server startup in [3,316] milliseconds
27-Feb-2020 17:25:47.947 INFO [Catalina-utility-1] org.apache.catalina.core.StandardContext.reload Reloading Context with name [/hello] has started
27-Feb-2020 17:25:48.048 INFO [Catalina-utility-1] org.apache.catalina.core.StandardContext.reload Reloading Context with name [/hello] is completed
27-Feb-2020 17:27:15.496 INFO [Thread-4] org.apache.coyote.AbstractProtocol.pause Pausing ProtocolHandler ["http-nio-9999"]
27-Feb-2020 17:27:15.506 INFO [Thread-4] org.apache.coyote.AbstractProtocol.pause Pausing ProtocolHandler ["ajp-nio-8009"]
27-Feb-2020 17:27:15.514 INFO [Thread-4] org.apache.catalina.core.StandardService.stopInternal Stopping service [Catalina]
27-Feb-2020 17:27:15.567 INFO [Thread-4] org.apache.coyote.AbstractProtocol.stop Stopping ProtocolHandler ["http-nio-9999"]
27-Feb-2020 17:27:15.570 INFO [Thread-4] org.apache.coyote.AbstractProtocol.stop Stopping ProtocolHandler ["ajp-nio-8009"]
27-Feb-2020 17:27:15.573 INFO [Thread-4] org.apache.coyote.AbstractProtocol.destroy Destroying ProtocolHandler ["http-nio-9999"]
27-Feb-2020 17:27:15.574 INFO [Thread-4] org.apache.coyote.AbstractProtocol.destroy Destroying ProtocolHandler ["ajp-nio-8009"]
27-Feb-2020 17:28:03.109 INFO [main] org.apache.catalina.startup.VersionLoggerListener.log Server version name:   Apache Tomcat/9.0.30
27-Feb-2020 17:28:03.117 INFO [main] org.apache.catalina.startup.VersionLoggerListener.log Server built:          Dec 7 2019 16:42:04 UTC
27-Feb-2020 17:28:03.117 INFO [main] org.apache.catalina.startup.VersionLoggerListener.log Server version number: 9.0.30.0
27-Feb-2020 17:28:03.117 INFO [main] org.apache.catalina.startup.VersionLoggerListener.log OS Name:               Mac OS X
27-Feb-2020 17:28:03.118 INFO [main] org.apache.catalina.startup.VersionLoggerListener.log OS Version:            10.14.6
27-Feb-2020 17:28:03.118 INFO [main] org.apache.catalina.startup.VersionLoggerListener.log Architecture:          x86_64
27-Feb-2020 17:28:03.118 INFO [main] org.apache.catalina.startup.VersionLoggerListener.log Java Home:             /Library/Java/JavaVirtualMachines/jdk-11.0.1.jdk/Contents/Home
27-Feb-2020 17:28:03.118 INFO [main] org.apache.catalina.startup.VersionLoggerListener.log JVM Version:           11.0.1+13-LTS
27-Feb-2020 17:28:03.119 INFO [main] org.apache.catalina.startup.VersionLoggerListener.log JVM Vendor:            Oracle Corporation
27-Feb-2020 17:28:03.120 INFO [main] org.apache.catalina.startup.VersionLoggerListener.log CATALINA_BASE:         /Users/lixianlin/myWebProject/tomcat
27-Feb-2020 17:28:03.120 INFO [main] org.apache.catalina.startup.VersionLoggerListener.log CATALINA_HOME:         /Users/lixianlin/myWebProject/tomcat
27-Feb-2020 17:28:03.150 INFO [main] org.apache.catalina.startup.VersionLoggerListener.log Command line argument: --add-opens=java.base/java.lang=ALL-UNNAMED
27-Feb-2020 17:28:03.150 INFO [main] org.apache.catalina.startup.VersionLoggerListener.log Command line argument: --add-opens=java.base/java.io=ALL-UNNAMED
27-Feb-2020 17:28:03.151 INFO [main] org.apache.catalina.startup.VersionLoggerListener.log Command line argument: --add-opens=java.rmi/sun.rmi.transport=ALL-UNNAMED
27-Feb-2020 17:28:03.151 INFO [main] org.apache.catalina.startup.VersionLoggerListener.log Command line argument: -Djava.util.logging.config.file=/Users/lixianlin/myWebProject/tomcat/conf/logging.properties
27-Feb-2020 17:28:03.151 INFO [main] org.apache.catalina.startup.VersionLoggerListener.log Command line argument: -Djava.util.logging.manager=org.apache.juli.ClassLoaderLogManager
27-Feb-2020 17:28:03.151 INFO [main] org.apache.catalina.startup.VersionLoggerListener.log Command line argument: -Djdk.tls.ephemeralDHKeySize=2048
27-Feb-2020 17:28:03.152 INFO [main] org.apache.catalina.startup.VersionLoggerListener.log Command line argument: -Djava.protocol.handler.pkgs=org.apache.catalina.webresources
27-Feb-2020 17:28:03.152 INFO [main] org.apache.catalina.startup.VersionLoggerListener.log Command line argument: -Dorg.apache.catalina.security.SecurityListener.UMASK=0027
27-Feb-2020 17:28:03.152 INFO [main] org.apache.catalina.startup.VersionLoggerListener.log Command line argument: -Dignore.endorsed.dirs=
27-Feb-2020 17:28:03.152 INFO [main] org.apache.catalina.startup.VersionLoggerListener.log Command line argument: -Dcatalina.base=/Users/lixianlin/myWebProject/tomcat
27-Feb-2020 17:28:03.153 INFO [main] org.apache.catalina.startup.VersionLoggerListener.log Command line argument: -Dcatalina.home=/Users/lixianlin/myWebProject/tomcat
27-Feb-2020 17:28:03.153 INFO [main] org.apache.catalina.startup.VersionLoggerListener.log Command line argument: -Djava.io.tmpdir=/Users/lixianlin/myWebProject/tomcat/temp
27-Feb-2020 17:28:03.153 INFO [main] org.apache.catalina.core.AprLifecycleListener.lifecycleEvent The APR based Apache Tomcat Native library which allows optimal performance in production environments was not found on the java.library.path: [/Users/lixianlin/Library/Java/Extensions:/Library/Java/Extensions:/Network/Library/Java/Extensions:/System/Library/Java/Extensions:/usr/lib/java:.]
27-Feb-2020 17:28:03.671 INFO [main] org.apache.coyote.AbstractProtocol.init Initializing ProtocolHandler ["http-nio-9999"]
27-Feb-2020 17:28:03.731 INFO [main] org.apache.coyote.AbstractProtocol.init Initializing ProtocolHandler ["ajp-nio-8009"]
27-Feb-2020 17:28:03.737 INFO [main] org.apache.catalina.startup.Catalina.load Server initialization in [1,020] milliseconds
27-Feb-2020 17:28:03.838 INFO [main] org.apache.catalina.core.StandardService.startInternal Starting service [Catalina]
27-Feb-2020 17:28:03.839 INFO [main] org.apache.catalina.core.StandardEngine.startInternal Starting Servlet engine: [Apache Tomcat/9.0.30]
27-Feb-2020 17:28:03.852 INFO [main] org.apache.catalina.startup.HostConfig.deployDirectory Deploying web application directory [/Users/lixianlin/myWebProject/tomcat/webapps/docs]
27-Feb-2020 17:28:04.738 INFO [main] org.apache.jasper.servlet.TldScanner.scanJars At least one JAR was scanned for TLDs yet contained no TLDs. Enable debug logging for this logger for a complete list of JARs that were scanned but no TLDs were found in them. Skipping unneeded JARs during scanning can improve startup time and JSP compilation time.
27-Feb-2020 17:28:04.837 INFO [main] org.apache.catalina.startup.HostConfig.deployDirectory Deployment of web application directory [/Users/lixianlin/myWebProject/tomcat/webapps/docs] has finished in [984] ms
27-Feb-2020 17:28:04.837 INFO [main] org.apache.catalina.startup.HostConfig.deployDirectory Deploying web application directory [/Users/lixianlin/myWebProject/tomcat/webapps/manager]
27-Feb-2020 17:28:05.318 INFO [main] org.apache.jasper.servlet.TldScanner.scanJars At least one JAR was scanned for TLDs yet contained no TLDs. Enable debug logging for this logger for a complete list of JARs that were scanned but no TLDs were found in them. Skipping unneeded JARs during scanning can improve startup time and JSP compilation time.
27-Feb-2020 17:28:05.335 INFO [main] org.apache.catalina.startup.HostConfig.deployDirectory Deployment of web application directory [/Users/lixianlin/myWebProject/tomcat/webapps/manager] has finished in [498] ms
27-Feb-2020 17:28:05.338 INFO [main] org.apache.catalina.startup.HostConfig.deployDirectory Deploying web application directory [/Users/lixianlin/myWebProject/tomcat/webapps/examples]
27-Feb-2020 17:28:06.176 INFO [main] org.apache.jasper.servlet.TldScanner.scanJars At least one JAR was scanned for TLDs yet contained no TLDs. Enable debug logging for this logger for a complete list of JARs that were scanned but no TLDs were found in them. Skipping unneeded JARs during scanning can improve startup time and JSP compilation time.
27-Feb-2020 17:28:06.222 INFO [main] org.apache.catalina.startup.HostConfig.deployDirectory Deployment of web application directory [/Users/lixianlin/myWebProject/tomcat/webapps/examples] has finished in [886] ms
27-Feb-2020 17:28:06.223 INFO [main] org.apache.catalina.startup.HostConfig.deployDirectory Deploying web application directory [/Users/lixianlin/myWebProject/tomcat/webapps/ROOT]
27-Feb-2020 17:28:06.630 INFO [main] org.apache.jasper.servlet.TldScanner.scanJars At least one JAR was scanned for TLDs yet contained no TLDs. Enable debug logging for this logger for a complete list of JARs that were scanned but no TLDs were found in them. Skipping unneeded JARs during scanning can improve startup time and JSP compilation time.
27-Feb-2020 17:28:06.635 INFO [main] org.apache.catalina.startup.HostConfig.deployDirectory Deployment of web application directory [/Users/lixianlin/myWebProject/tomcat/webapps/ROOT] has finished in [411] ms
27-Feb-2020 17:28:06.635 INFO [main] org.apache.catalina.startup.HostConfig.deployDirectory Deploying web application directory [/Users/lixianlin/myWebProject/tomcat/webapps/hello]
27-Feb-2020 17:28:06.920 INFO [main] org.apache.jasper.servlet.TldScanner.scanJars At least one JAR was scanned for TLDs yet contained no TLDs. Enable debug logging for this logger for a complete list of JARs that were scanned but no TLDs were found in them. Skipping unneeded JARs during scanning can improve startup time and JSP compilation time.
27-Feb-2020 17:28:06.932 INFO [main] org.apache.catalina.startup.HostConfig.deployDirectory Deployment of web application directory [/Users/lixianlin/myWebProject/tomcat/webapps/hello] has finished in [297] ms
27-Feb-2020 17:28:06.933 INFO [main] org.apache.catalina.startup.HostConfig.deployDirectory Deploying web application directory [/Users/lixianlin/myWebProject/tomcat/webapps/host-manager]
27-Feb-2020 17:28:07.258 INFO [main] org.apache.jasper.servlet.TldScanner.scanJars At least one JAR was scanned for TLDs yet contained no TLDs. Enable debug logging for this logger for a complete list of JARs that were scanned but no TLDs were found in them. Skipping unneeded JARs during scanning can improve startup time and JSP compilation time.
27-Feb-2020 17:28:07.261 INFO [main] org.apache.catalina.startup.HostConfig.deployDirectory Deployment of web application directory [/Users/lixianlin/myWebProject/tomcat/webapps/host-manager] has finished in [328] ms
27-Feb-2020 17:28:07.271 INFO [main] org.apache.coyote.AbstractProtocol.start Starting ProtocolHandler ["http-nio-9999"]
27-Feb-2020 17:28:07.287 INFO [main] org.apache.coyote.AbstractProtocol.start Starting ProtocolHandler ["ajp-nio-8009"]
27-Feb-2020 17:28:07.292 INFO [main] org.apache.catalina.startup.Catalina.start Server startup in [3,554] milliseconds
27-Feb-2020 23:28:33.718 INFO [Catalina-utility-2] org.apache.catalina.startup.HostConfig.deployDirectory Deploying web application directory [/Users/lixianlin/myWebProject/tomcat/webapps/ebookshop]
27-Feb-2020 23:28:34.208 INFO [Catalina-utility-2] org.apache.jasper.servlet.TldScanner.scanJars At least one JAR was scanned for TLDs yet contained no TLDs. Enable debug logging for this logger for a complete list of JARs that were scanned but no TLDs were found in them. Skipping unneeded JARs during scanning can improve startup time and JSP compilation time.
27-Feb-2020 23:28:34.216 INFO [Catalina-utility-2] org.apache.catalina.startup.HostConfig.deployDirectory Deployment of web application directory [/Users/lixianlin/myWebProject/tomcat/webapps/ebookshop] has finished in [527] ms
27-Feb-2020 23:36:14.817 INFO [Thread-4] org.apache.coyote.AbstractProtocol.pause Pausing ProtocolHandler ["http-nio-9999"]
27-Feb-2020 23:36:14.832 INFO [Thread-4] org.apache.coyote.AbstractProtocol.pause Pausing ProtocolHandler ["ajp-nio-8009"]
27-Feb-2020 23:36:14.840 INFO [Thread-4] org.apache.catalina.core.StandardService.stopInternal Stopping service [Catalina]
27-Feb-2020 23:36:14.914 INFO [Thread-4] org.apache.coyote.AbstractProtocol.stop Stopping ProtocolHandler ["http-nio-9999"]
27-Feb-2020 23:36:14.924 INFO [Thread-4] org.apache.coyote.AbstractProtocol.stop Stopping ProtocolHandler ["ajp-nio-8009"]
27-Feb-2020 23:36:14.928 INFO [Thread-4] org.apache.coyote.AbstractProtocol.destroy Destroying ProtocolHandler ["http-nio-9999"]
27-Feb-2020 23:36:14.932 INFO [Thread-4] org.apache.coyote.AbstractProtocol.destroy Destroying ProtocolHandler ["ajp-nio-8009"]
27-Feb-2020 23:36:54.181 INFO [main] org.apache.catalina.startup.VersionLoggerListener.log Server version name:   Apache Tomcat/9.0.30
27-Feb-2020 23:36:54.187 INFO [main] org.apache.catalina.startup.VersionLoggerListener.log Server built:          Dec 7 2019 16:42:04 UTC
27-Feb-2020 23:36:54.188 INFO [main] org.apache.catalina.startup.VersionLoggerListener.log Server version number: 9.0.30.0
27-Feb-2020 23:36:54.189 INFO [main] org.apache.catalina.startup.VersionLoggerListener.log OS Name:               Mac OS X
27-Feb-2020 23:36:54.189 INFO [main] org.apache.catalina.startup.VersionLoggerListener.log OS Version:            10.14.6
27-Feb-2020 23:36:54.189 INFO [main] org.apache.catalina.startup.VersionLoggerListener.log Architecture:          x86_64
27-Feb-2020 23:36:54.190 INFO [main] org.apache.catalina.startup.VersionLoggerListener.log Java Home:             /Library/Java/JavaVirtualMachines/jdk-11.0.1.jdk/Contents/Home
27-Feb-2020 23:36:54.192 INFO [main] org.apache.catalina.startup.VersionLoggerListener.log JVM Version:           11.0.1+13-LTS
27-Feb-2020 23:36:54.192 INFO [main] org.apache.catalina.startup.VersionLoggerListener.log JVM Vendor:            Oracle Corporation
27-Feb-2020 23:36:54.193 INFO [main] org.apache.catalina.startup.VersionLoggerListener.log CATALINA_BASE:         /Users/lixianlin/myWebProject/tomcat
27-Feb-2020 23:36:54.193 INFO [main] org.apache.catalina.startup.VersionLoggerListener.log CATALINA_HOME:         /Users/lixianlin/myWebProject/tomcat
27-Feb-2020 23:36:54.215 INFO [main] org.apache.catalina.startup.VersionLoggerListener.log Command line argument: --add-opens=java.base/java.lang=ALL-UNNAMED
27-Feb-2020 23:36:54.215 INFO [main] org.apache.catalina.startup.VersionLoggerListener.log Command line argument: --add-opens=java.base/java.io=ALL-UNNAMED
27-Feb-2020 23:36:54.216 INFO [main] org.apache.catalina.startup.VersionLoggerListener.log Command line argument: --add-opens=java.rmi/sun.rmi.transport=ALL-UNNAMED
27-Feb-2020 23:36:54.216 INFO [main] org.apache.catalina.startup.VersionLoggerListener.log Command line argument: -Djava.util.logging.config.file=/Users/lixianlin/myWebProject/tomcat/conf/logging.properties
27-Feb-2020 23:36:54.217 INFO [main] org.apache.catalina.startup.VersionLoggerListener.log Command line argument: -Djava.util.logging.manager=org.apache.juli.ClassLoaderLogManager
27-Feb-2020 23:36:54.217 INFO [main] org.apache.catalina.startup.VersionLoggerListener.log Command line argument: -Djdk.tls.ephemeralDHKeySize=2048
27-Feb-2020 23:36:54.218 INFO [main] org.apache.catalina.startup.VersionLoggerListener.log Command line argument: -Djava.protocol.handler.pkgs=org.apache.catalina.webresources
27-Feb-2020 23:36:54.218 INFO [main] org.apache.catalina.startup.VersionLoggerListener.log Command line argument: -Dorg.apache.catalina.security.SecurityListener.UMASK=0027
27-Feb-2020 23:36:54.218 INFO [main] org.apache.catalina.startup.VersionLoggerListener.log Command line argument: -Dignore.endorsed.dirs=
27-Feb-2020 23:36:54.219 INFO [main] org.apache.catalina.startup.VersionLoggerListener.log Command line argument: -Dcatalina.base=/Users/lixianlin/myWebProject/tomcat
27-Feb-2020 23:36:54.219 INFO [main] org.apache.catalina.startup.VersionLoggerListener.log Command line argument: -Dcatalina.home=/Users/lixianlin/myWebProject/tomcat
27-Feb-2020 23:36:54.220 INFO [main] org.apache.catalina.startup.VersionLoggerListener.log Command line argument: -Djava.io.tmpdir=/Users/lixianlin/myWebProject/tomcat/temp
27-Feb-2020 23:36:54.220 INFO [main] org.apache.catalina.core.AprLifecycleListener.lifecycleEvent The APR based Apache Tomcat Native library which allows optimal performance in production environments was not found on the java.library.path: [/Users/lixianlin/Library/Java/Extensions:/Library/Java/Extensions:/Network/Library/Java/Extensions:/System/Library/Java/Extensions:/usr/lib/java:.]
27-Feb-2020 23:36:54.700 INFO [main] org.apache.coyote.AbstractProtocol.init Initializing ProtocolHandler ["http-nio-9999"]
27-Feb-2020 23:36:54.768 INFO [main] org.apache.coyote.AbstractProtocol.init Initializing ProtocolHandler ["ajp-nio-8009"]
27-Feb-2020 23:36:54.771 INFO [main] org.apache.catalina.startup.Catalina.load Server initialization in [938] milliseconds
27-Feb-2020 23:36:54.884 INFO [main] org.apache.catalina.core.StandardService.startInternal Starting service [Catalina]
27-Feb-2020 23:36:54.884 INFO [main] org.apache.catalina.core.StandardEngine.startInternal Starting Servlet engine: [Apache Tomcat/9.0.30]
27-Feb-2020 23:36:54.901 INFO [main] org.apache.catalina.startup.HostConfig.deployDirectory Deploying web application directory [/Users/lixianlin/myWebProject/tomcat/webapps/ebookshop]
27-Feb-2020 23:36:55.727 INFO [main] org.apache.jasper.servlet.TldScanner.scanJars At least one JAR was scanned for TLDs yet contained no TLDs. Enable debug logging for this logger for a complete list of JARs that were scanned but no TLDs were found in them. Skipping unneeded JARs during scanning can improve startup time and JSP compilation time.
27-Feb-2020 23:36:55.816 INFO [main] org.apache.catalina.startup.HostConfig.deployDirectory Deployment of web application directory [/Users/lixianlin/myWebProject/tomcat/webapps/ebookshop] has finished in [915] ms
27-Feb-2020 23:36:55.817 INFO [main] org.apache.catalina.startup.HostConfig.deployDirectory Deploying web application directory [/Users/lixianlin/myWebProject/tomcat/webapps/docs]
27-Feb-2020 23:36:56.161 INFO [main] org.apache.jasper.servlet.TldScanner.scanJars At least one JAR was scanned for TLDs yet contained no TLDs. Enable debug logging for this logger for a complete list of JARs that were scanned but no TLDs were found in them. Skipping unneeded JARs during scanning can improve startup time and JSP compilation time.
27-Feb-2020 23:36:56.164 INFO [main] org.apache.catalina.startup.HostConfig.deployDirectory Deployment of web application directory [/Users/lixianlin/myWebProject/tomcat/webapps/docs] has finished in [346] ms
27-Feb-2020 23:36:56.164 INFO [main] org.apache.catalina.startup.HostConfig.deployDirectory Deploying web application directory [/Users/lixianlin/myWebProject/tomcat/webapps/manager]
27-Feb-2020 23:36:56.496 INFO [main] org.apache.jasper.servlet.TldScanner.scanJars At least one JAR was scanned for TLDs yet contained no TLDs. Enable debug logging for this logger for a complete list of JARs that were scanned but no TLDs were found in them. Skipping unneeded JARs during scanning can improve startup time and JSP compilation time.
27-Feb-2020 23:36:56.509 INFO [main] org.apache.catalina.startup.HostConfig.deployDirectory Deployment of web application directory [/Users/lixianlin/myWebProject/tomcat/webapps/manager] has finished in [345] ms
27-Feb-2020 23:36:56.510 INFO [main] org.apache.catalina.startup.HostConfig.deployDirectory Deploying web application directory [/Users/lixianlin/myWebProject/tomcat/webapps/examples]
27-Feb-2020 23:36:57.240 INFO [main] org.apache.jasper.servlet.TldScanner.scanJars At least one JAR was scanned for TLDs yet contained no TLDs. Enable debug logging for this logger for a complete list of JARs that were scanned but no TLDs were found in them. Skipping unneeded JARs during scanning can improve startup time and JSP compilation time.
27-Feb-2020 23:36:57.272 INFO [main] org.apache.catalina.startup.HostConfig.deployDirectory Deployment of web application directory [/Users/lixianlin/myWebProject/tomcat/webapps/examples] has finished in [762] ms
27-Feb-2020 23:36:57.273 INFO [main] org.apache.catalina.startup.HostConfig.deployDirectory Deploying web application directory [/Users/lixianlin/myWebProject/tomcat/webapps/ROOT]
27-Feb-2020 23:36:57.526 INFO [main] org.apache.jasper.servlet.TldScanner.scanJars At least one JAR was scanned for TLDs yet contained no TLDs. Enable debug logging for this logger for a complete list of JARs that were scanned but no TLDs were found in them. Skipping unneeded JARs during scanning can improve startup time and JSP compilation time.
27-Feb-2020 23:36:57.529 INFO [main] org.apache.catalina.startup.HostConfig.deployDirectory Deployment of web application directory [/Users/lixianlin/myWebProject/tomcat/webapps/ROOT] has finished in [255] ms
27-Feb-2020 23:36:57.530 INFO [main] org.apache.catalina.startup.HostConfig.deployDirectory Deploying web application directory [/Users/lixianlin/myWebProject/tomcat/webapps/hello]
27-Feb-2020 23:36:57.800 INFO [main] org.apache.jasper.servlet.TldScanner.scanJars At least one JAR was scanned for TLDs yet contained no TLDs. Enable debug logging for this logger for a complete list of JARs that were scanned but no TLDs were found in them. Skipping unneeded JARs during scanning can improve startup time and JSP compilation time.
27-Feb-2020 23:36:57.803 INFO [main] org.apache.catalina.startup.HostConfig.deployDirectory Deployment of web application directory [/Users/lixianlin/myWebProject/tomcat/webapps/hello] has finished in [272] ms
27-Feb-2020 23:36:57.803 INFO [main] org.apache.catalina.startup.HostConfig.deployDirectory Deploying web application directory [/Users/lixianlin/myWebProject/tomcat/webapps/host-manager]
27-Feb-2020 23:36:58.040 INFO [main] org.apache.jasper.servlet.TldScanner.scanJars At least one JAR was scanned for TLDs yet contained no TLDs. Enable debug logging for this logger for a complete list of JARs that were scanned but no TLDs were found in them. Skipping unneeded JARs during scanning can improve startup time and JSP compilation time.
27-Feb-2020 23:36:58.043 INFO [main] org.apache.catalina.startup.HostConfig.deployDirectory Deployment of web application directory [/Users/lixianlin/myWebProject/tomcat/webapps/host-manager] has finished in [239] ms
27-Feb-2020 23:36:58.052 INFO [main] org.apache.coyote.AbstractProtocol.start Starting ProtocolHandler ["http-nio-9999"]
27-Feb-2020 23:36:58.067 INFO [main] org.apache.coyote.AbstractProtocol.start Starting ProtocolHandler ["ajp-nio-8009"]
27-Feb-2020 23:36:58.074 INFO [main] org.apache.catalina.startup.Catalina.start Server startup in [3,301] milliseconds
27-Feb-2020 23:39:10.463 INFO [Thread-4] org.apache.coyote.AbstractProtocol.pause Pausing ProtocolHandler ["http-nio-9999"]
27-Feb-2020 23:39:10.473 INFO [Thread-4] org.apache.coyote.AbstractProtocol.pause Pausing ProtocolHandler ["ajp-nio-8009"]
27-Feb-2020 23:39:10.481 INFO [Thread-4] org.apache.catalina.core.StandardService.stopInternal Stopping service [Catalina]
27-Feb-2020 23:39:10.564 INFO [Thread-4] org.apache.coyote.AbstractProtocol.stop Stopping ProtocolHandler ["http-nio-9999"]
27-Feb-2020 23:39:10.569 INFO [Thread-4] org.apache.coyote.AbstractProtocol.stop Stopping ProtocolHandler ["ajp-nio-8009"]
27-Feb-2020 23:39:10.574 INFO [Thread-4] org.apache.coyote.AbstractProtocol.destroy Destroying ProtocolHandler ["http-nio-9999"]
27-Feb-2020 23:39:10.575 INFO [Thread-4] org.apache.coyote.AbstractProtocol.destroy Destroying ProtocolHandler ["ajp-nio-8009"]
27-Feb-2020 23:41:23.228 INFO [main] org.apache.catalina.startup.VersionLoggerListener.log Server version name:   Apache Tomcat/9.0.30
27-Feb-2020 23:41:23.234 INFO [main] org.apache.catalina.startup.VersionLoggerListener.log Server built:          Dec 7 2019 16:42:04 UTC
27-Feb-2020 23:41:23.235 INFO [main] org.apache.catalina.startup.VersionLoggerListener.log Server version number: 9.0.30.0
27-Feb-2020 23:41:23.235 INFO [main] org.apache.catalina.startup.VersionLoggerListener.log OS Name:               Mac OS X
27-Feb-2020 23:41:23.236 INFO [main] org.apache.catalina.startup.VersionLoggerListener.log OS Version:            10.14.6
27-Feb-2020 23:41:23.236 INFO [main] org.apache.catalina.startup.VersionLoggerListener.log Architecture:          x86_64
27-Feb-2020 23:41:23.236 INFO [main] org.apache.catalina.startup.VersionLoggerListener.log Java Home:             /Library/Java/JavaVirtualMachines/jdk-11.0.1.jdk/Contents/Home
27-Feb-2020 23:41:23.236 INFO [main] org.apache.catalina.startup.VersionLoggerListener.log JVM Version:           11.0.1+13-LTS
27-Feb-2020 23:41:23.237 INFO [main] org.apache.catalina.startup.VersionLoggerListener.log JVM Vendor:            Oracle Corporation
27-Feb-2020 23:41:23.237 INFO [main] org.apache.catalina.startup.VersionLoggerListener.log CATALINA_BASE:         /Users/lixianlin/myWebProject/tomcat
27-Feb-2020 23:41:23.237 INFO [main] org.apache.catalina.startup.VersionLoggerListener.log CATALINA_HOME:         /Users/lixianlin/myWebProject/tomcat
27-Feb-2020 23:41:23.285 INFO [main] org.apache.catalina.startup.VersionLoggerListener.log Command line argument: --add-opens=java.base/java.lang=ALL-UNNAMED
27-Feb-2020 23:41:23.285 INFO [main] org.apache.catalina.startup.VersionLoggerListener.log Command line argument: --add-opens=java.base/java.io=ALL-UNNAMED
27-Feb-2020 23:41:23.285 INFO [main] org.apache.catalina.startup.VersionLoggerListener.log Command line argument: --add-opens=java.rmi/sun.rmi.transport=ALL-UNNAMED
27-Feb-2020 23:41:23.286 INFO [main] org.apache.catalina.startup.VersionLoggerListener.log Command line argument: -Djava.util.logging.config.file=/Users/lixianlin/myWebProject/tomcat/conf/logging.properties
27-Feb-2020 23:41:23.286 INFO [main] org.apache.catalina.startup.VersionLoggerListener.log Command line argument: -Djava.util.logging.manager=org.apache.juli.ClassLoaderLogManager
27-Feb-2020 23:41:23.286 INFO [main] org.apache.catalina.startup.VersionLoggerListener.log Command line argument: -Djdk.tls.ephemeralDHKeySize=2048
27-Feb-2020 23:41:23.286 INFO [main] org.apache.catalina.startup.VersionLoggerListener.log Command line argument: -Djava.protocol.handler.pkgs=org.apache.catalina.webresources
27-Feb-2020 23:41:23.286 INFO [main] org.apache.catalina.startup.VersionLoggerListener.log Command line argument: -Dorg.apache.catalina.security.SecurityListener.UMASK=0027
27-Feb-2020 23:41:23.287 INFO [main] org.apache.catalina.startup.VersionLoggerListener.log Command line argument: -Dignore.endorsed.dirs=
27-Feb-2020 23:41:23.287 INFO [main] org.apache.catalina.startup.VersionLoggerListener.log Command line argument: -Dcatalina.base=/Users/lixianlin/myWebProject/tomcat
27-Feb-2020 23:41:23.287 INFO [main] org.apache.catalina.startup.VersionLoggerListener.log Command line argument: -Dcatalina.home=/Users/lixianlin/myWebProject/tomcat
27-Feb-2020 23:41:23.287 INFO [main] org.apache.catalina.startup.VersionLoggerListener.log Command line argument: -Djava.io.tmpdir=/Users/lixianlin/myWebProject/tomcat/temp
27-Feb-2020 23:41:23.287 INFO [main] org.apache.catalina.core.AprLifecycleListener.lifecycleEvent The APR based Apache Tomcat Native library which allows optimal performance in production environments was not found on the java.library.path: [/Users/lixianlin/Library/Java/Extensions:/Library/Java/Extensions:/Network/Library/Java/Extensions:/System/Library/Java/Extensions:/usr/lib/java:.]
27-Feb-2020 23:41:24.169 INFO [main] org.apache.coyote.AbstractProtocol.init Initializing ProtocolHandler ["http-nio-9999"]
27-Feb-2020 23:41:24.302 INFO [main] org.apache.coyote.AbstractProtocol.init Initializing ProtocolHandler ["ajp-nio-8009"]
27-Feb-2020 23:41:24.306 INFO [main] org.apache.catalina.startup.Catalina.load Server initialization in [1,659] milliseconds
27-Feb-2020 23:41:24.416 INFO [main] org.apache.catalina.core.StandardService.startInternal Starting service [Catalina]
27-Feb-2020 23:41:24.417 INFO [main] org.apache.catalina.core.StandardEngine.startInternal Starting Servlet engine: [Apache Tomcat/9.0.30]
27-Feb-2020 23:41:24.435 INFO [main] org.apache.catalina.startup.HostConfig.deployDirectory Deploying web application directory [/Users/lixianlin/myWebProject/tomcat/webapps/ebookshop]
27-Feb-2020 23:41:25.674 INFO [main] org.apache.jasper.servlet.TldScanner.scanJars At least one JAR was scanned for TLDs yet contained no TLDs. Enable debug logging for this logger for a complete list of JARs that were scanned but no TLDs were found in them. Skipping unneeded JARs during scanning can improve startup time and JSP compilation time.
27-Feb-2020 23:41:25.809 INFO [main] org.apache.catalina.startup.HostConfig.deployDirectory Deployment of web application directory [/Users/lixianlin/myWebProject/tomcat/webapps/ebookshop] has finished in [1,373] ms
27-Feb-2020 23:41:25.809 INFO [main] org.apache.catalina.startup.HostConfig.deployDirectory Deploying web application directory [/Users/lixianlin/myWebProject/tomcat/webapps/docs]
27-Feb-2020 23:41:26.573 INFO [main] org.apache.jasper.servlet.TldScanner.scanJars At least one JAR was scanned for TLDs yet contained no TLDs. Enable debug logging for this logger for a complete list of JARs that were scanned but no TLDs were found in them. Skipping unneeded JARs during scanning can improve startup time and JSP compilation time.
27-Feb-2020 23:41:26.586 INFO [main] org.apache.catalina.startup.HostConfig.deployDirectory Deployment of web application directory [/Users/lixianlin/myWebProject/tomcat/webapps/docs] has finished in [777] ms
27-Feb-2020 23:41:26.588 INFO [main] org.apache.catalina.startup.HostConfig.deployDirectory Deploying web application directory [/Users/lixianlin/myWebProject/tomcat/webapps/manager]
27-Feb-2020 23:41:27.181 INFO [main] org.apache.jasper.servlet.TldScanner.scanJars At least one JAR was scanned for TLDs yet contained no TLDs. Enable debug logging for this logger for a complete list of JARs that were scanned but no TLDs were found in them. Skipping unneeded JARs during scanning can improve startup time and JSP compilation time.
27-Feb-2020 23:41:27.192 INFO [main] org.apache.catalina.startup.HostConfig.deployDirectory Deployment of web application directory [/Users/lixianlin/myWebProject/tomcat/webapps/manager] has finished in [605] ms
27-Feb-2020 23:41:27.193 INFO [main] org.apache.catalina.startup.HostConfig.deployDirectory Deploying web application directory [/Users/lixianlin/myWebProject/tomcat/webapps/examples]
27-Feb-2020 23:41:27.870 INFO [main] org.apache.jasper.servlet.TldScanner.scanJars At least one JAR was scanned for TLDs yet contained no TLDs. Enable debug logging for this logger for a complete list of JARs that were scanned but no TLDs were found in them. Skipping unneeded JARs during scanning can improve startup time and JSP compilation time.
27-Feb-2020 23:41:27.900 INFO [main] org.apache.catalina.startup.HostConfig.deployDirectory Deployment of web application directory [/Users/lixianlin/myWebProject/tomcat/webapps/examples] has finished in [707] ms
27-Feb-2020 23:41:27.901 INFO [main] org.apache.catalina.startup.HostConfig.deployDirectory Deploying web application directory [/Users/lixianlin/myWebProject/tomcat/webapps/ROOT]
27-Feb-2020 23:41:28.149 INFO [main] org.apache.jasper.servlet.TldScanner.scanJars At least one JAR was scanned for TLDs yet contained no TLDs. Enable debug logging for this logger for a complete list of JARs that were scanned but no TLDs were found in them. Skipping unneeded JARs during scanning can improve startup time and JSP compilation time.
27-Feb-2020 23:41:28.152 INFO [main] org.apache.catalina.startup.HostConfig.deployDirectory Deployment of web application directory [/Users/lixianlin/myWebProject/tomcat/webapps/ROOT] has finished in [251] ms
27-Feb-2020 23:41:28.153 INFO [main] org.apache.catalina.startup.HostConfig.deployDirectory Deploying web application directory [/Users/lixianlin/myWebProject/tomcat/webapps/hello]
27-Feb-2020 23:41:28.499 INFO [main] org.apache.jasper.servlet.TldScanner.scanJars At least one JAR was scanned for TLDs yet contained no TLDs. Enable debug logging for this logger for a complete list of JARs that were scanned but no TLDs were found in them. Skipping unneeded JARs during scanning can improve startup time and JSP compilation time.
27-Feb-2020 23:41:28.504 INFO [main] org.apache.catalina.startup.HostConfig.deployDirectory Deployment of web application directory [/Users/lixianlin/myWebProject/tomcat/webapps/hello] has finished in [350] ms
27-Feb-2020 23:41:28.505 INFO [main] org.apache.catalina.startup.HostConfig.deployDirectory Deploying web application directory [/Users/lixianlin/myWebProject/tomcat/webapps/host-manager]
27-Feb-2020 23:41:28.872 INFO [main] org.apache.jasper.servlet.TldScanner.scanJars At least one JAR was scanned for TLDs yet contained no TLDs. Enable debug logging for this logger for a complete list of JARs that were scanned but no TLDs were found in them. Skipping unneeded JARs during scanning can improve startup time and JSP compilation time.
27-Feb-2020 23:41:28.876 INFO [main] org.apache.catalina.startup.HostConfig.deployDirectory Deployment of web application directory [/Users/lixianlin/myWebProject/tomcat/webapps/host-manager] has finished in [371] ms
27-Feb-2020 23:41:28.885 INFO [main] org.apache.coyote.AbstractProtocol.start Starting ProtocolHandler ["http-nio-9999"]
27-Feb-2020 23:41:28.906 INFO [main] org.apache.coyote.AbstractProtocol.start Starting ProtocolHandler ["ajp-nio-8009"]
27-Feb-2020 23:41:28.928 INFO [main] org.apache.catalina.startup.Catalina.start Server startup in [4,622] milliseconds
27-Feb-2020 23:54:38.379 INFO [Thread-4] org.apache.coyote.AbstractProtocol.pause Pausing ProtocolHandler ["http-nio-9999"]
27-Feb-2020 23:54:38.396 INFO [Thread-4] org.apache.coyote.AbstractProtocol.pause Pausing ProtocolHandler ["ajp-nio-8009"]
27-Feb-2020 23:54:38.404 INFO [Thread-4] org.apache.catalina.core.StandardService.stopInternal Stopping service [Catalina]
27-Feb-2020 23:54:38.488 INFO [Thread-4] org.apache.coyote.AbstractProtocol.stop Stopping ProtocolHandler ["http-nio-9999"]
27-Feb-2020 23:54:38.492 INFO [Thread-4] org.apache.coyote.AbstractProtocol.stop Stopping ProtocolHandler ["ajp-nio-8009"]
27-Feb-2020 23:54:38.496 INFO [Thread-4] org.apache.coyote.AbstractProtocol.destroy Destroying ProtocolHandler ["http-nio-9999"]
27-Feb-2020 23:54:38.498 INFO [Thread-4] org.apache.coyote.AbstractProtocol.destroy Destroying ProtocolHandler ["ajp-nio-8009"]
27-Feb-2020 23:54:43.926 INFO [main] org.apache.catalina.startup.VersionLoggerListener.log Server version name:   Apache Tomcat/9.0.30
27-Feb-2020 23:54:43.933 INFO [main] org.apache.catalina.startup.VersionLoggerListener.log Server built:          Dec 7 2019 16:42:04 UTC
27-Feb-2020 23:54:43.933 INFO [main] org.apache.catalina.startup.VersionLoggerListener.log Server version number: 9.0.30.0
27-Feb-2020 23:54:43.933 INFO [main] org.apache.catalina.startup.VersionLoggerListener.log OS Name:               Mac OS X
27-Feb-2020 23:54:43.934 INFO [main] org.apache.catalina.startup.VersionLoggerListener.log OS Version:            10.14.6
27-Feb-2020 23:54:43.934 INFO [main] org.apache.catalina.startup.VersionLoggerListener.log Architecture:          x86_64
27-Feb-2020 23:54:43.934 INFO [main] org.apache.catalina.startup.VersionLoggerListener.log Java Home:             /Library/Java/JavaVirtualMachines/jdk-11.0.1.jdk/Contents/Home
27-Feb-2020 23:54:43.934 INFO [main] org.apache.catalina.startup.VersionLoggerListener.log JVM Version:           11.0.1+13-LTS
27-Feb-2020 23:54:43.935 INFO [main] org.apache.catalina.startup.VersionLoggerListener.log JVM Vendor:            Oracle Corporation
27-Feb-2020 23:54:43.935 INFO [main] org.apache.catalina.startup.VersionLoggerListener.log CATALINA_BASE:         /Users/lixianlin/myWebProject/tomcat
27-Feb-2020 23:54:43.936 INFO [main] org.apache.catalina.startup.VersionLoggerListener.log CATALINA_HOME:         /Users/lixianlin/myWebProject/tomcat
27-Feb-2020 23:54:43.964 INFO [main] org.apache.catalina.startup.VersionLoggerListener.log Command line argument: --add-opens=java.base/java.lang=ALL-UNNAMED
27-Feb-2020 23:54:43.964 INFO [main] org.apache.catalina.startup.VersionLoggerListener.log Command line argument: --add-opens=java.base/java.io=ALL-UNNAMED
27-Feb-2020 23:54:43.964 INFO [main] org.apache.catalina.startup.VersionLoggerListener.log Command line argument: --add-opens=java.rmi/sun.rmi.transport=ALL-UNNAMED
27-Feb-2020 23:54:43.965 INFO [main] org.apache.catalina.startup.VersionLoggerListener.log Command line argument: -Djava.util.logging.config.file=/Users/lixianlin/myWebProject/tomcat/conf/logging.properties
27-Feb-2020 23:54:43.965 INFO [main] org.apache.catalina.startup.VersionLoggerListener.log Command line argument: -Djava.util.logging.manager=org.apache.juli.ClassLoaderLogManager
27-Feb-2020 23:54:43.965 INFO [main] org.apache.catalina.startup.VersionLoggerListener.log Command line argument: -Djdk.tls.ephemeralDHKeySize=2048
27-Feb-2020 23:54:43.965 INFO [main] org.apache.catalina.startup.VersionLoggerListener.log Command line argument: -Djava.protocol.handler.pkgs=org.apache.catalina.webresources
27-Feb-2020 23:54:43.966 INFO [main] org.apache.catalina.startup.VersionLoggerListener.log Command line argument: -Dorg.apache.catalina.security.SecurityListener.UMASK=0027
27-Feb-2020 23:54:43.966 INFO [main] org.apache.catalina.startup.VersionLoggerListener.log Command line argument: -Dignore.endorsed.dirs=
27-Feb-2020 23:54:43.966 INFO [main] org.apache.catalina.startup.VersionLoggerListener.log Command line argument: -Dcatalina.base=/Users/lixianlin/myWebProject/tomcat
27-Feb-2020 23:54:43.966 INFO [main] org.apache.catalina.startup.VersionLoggerListener.log Command line argument: -Dcatalina.home=/Users/lixianlin/myWebProject/tomcat
27-Feb-2020 23:54:43.967 INFO [main] org.apache.catalina.startup.VersionLoggerListener.log Command line argument: -Djava.io.tmpdir=/Users/lixianlin/myWebProject/tomcat/temp
27-Feb-2020 23:54:43.967 INFO [main] org.apache.catalina.core.AprLifecycleListener.lifecycleEvent The APR based Apache Tomcat Native library which allows optimal performance in production environments was not found on the java.library.path: [/Users/lixianlin/Library/Java/Extensions:/Library/Java/Extensions:/Network/Library/Java/Extensions:/System/Library/Java/Extensions:/usr/lib/java:.]
27-Feb-2020 23:54:44.461 INFO [main] org.apache.coyote.AbstractProtocol.init Initializing ProtocolHandler ["http-nio-9999"]
27-Feb-2020 23:54:44.525 INFO [main] org.apache.coyote.AbstractProtocol.init Initializing ProtocolHandler ["ajp-nio-8009"]
27-Feb-2020 23:54:44.528 INFO [main] org.apache.catalina.startup.Catalina.load Server initialization in [967] milliseconds
27-Feb-2020 23:54:44.625 INFO [main] org.apache.catalina.core.StandardService.startInternal Starting service [Catalina]
27-Feb-2020 23:54:44.626 INFO [main] org.apache.catalina.core.StandardEngine.startInternal Starting Servlet engine: [Apache Tomcat/9.0.30]
27-Feb-2020 23:54:44.640 INFO [main] org.apache.catalina.startup.HostConfig.deployDirectory Deploying web application directory [/Users/lixianlin/myWebProject/tomcat/webapps/ebookshop]
27-Feb-2020 23:54:45.496 INFO [main] org.apache.jasper.servlet.TldScanner.scanJars At least one JAR was scanned for TLDs yet contained no TLDs. Enable debug logging for this logger for a complete list of JARs that were scanned but no TLDs were found in them. Skipping unneeded JARs during scanning can improve startup time and JSP compilation time.
27-Feb-2020 23:54:45.586 INFO [main] org.apache.catalina.startup.HostConfig.deployDirectory Deployment of web application directory [/Users/lixianlin/myWebProject/tomcat/webapps/ebookshop] has finished in [945] ms
27-Feb-2020 23:54:45.587 INFO [main] org.apache.catalina.startup.HostConfig.deployDirectory Deploying web application directory [/Users/lixianlin/myWebProject/tomcat/webapps/docs]
27-Feb-2020 23:54:45.893 INFO [main] org.apache.jasper.servlet.TldScanner.scanJars At least one JAR was scanned for TLDs yet contained no TLDs. Enable debug logging for this logger for a complete list of JARs that were scanned but no TLDs were found in them. Skipping unneeded JARs during scanning can improve startup time and JSP compilation time.
27-Feb-2020 23:54:45.896 INFO [main] org.apache.catalina.startup.HostConfig.deployDirectory Deployment of web application directory [/Users/lixianlin/myWebProject/tomcat/webapps/docs] has finished in [310] ms
27-Feb-2020 23:54:45.897 INFO [main] org.apache.catalina.startup.HostConfig.deployDirectory Deploying web application directory [/Users/lixianlin/myWebProject/tomcat/webapps/manager]
27-Feb-2020 23:54:46.197 INFO [main] org.apache.jasper.servlet.TldScanner.scanJars At least one JAR was scanned for TLDs yet contained no TLDs. Enable debug logging for this logger for a complete list of JARs that were scanned but no TLDs were found in them. Skipping unneeded JARs during scanning can improve startup time and JSP compilation time.
27-Feb-2020 23:54:46.210 INFO [main] org.apache.catalina.startup.HostConfig.deployDirectory Deployment of web application directory [/Users/lixianlin/myWebProject/tomcat/webapps/manager] has finished in [313] ms
27-Feb-2020 23:54:46.211 INFO [main] org.apache.catalina.startup.HostConfig.deployDirectory Deploying web application directory [/Users/lixianlin/myWebProject/tomcat/webapps/examples]
27-Feb-2020 23:54:46.846 INFO [main] org.apache.jasper.servlet.TldScanner.scanJars At least one JAR was scanned for TLDs yet contained no TLDs. Enable debug logging for this logger for a complete list of JARs that were scanned but no TLDs were found in them. Skipping unneeded JARs during scanning can improve startup time and JSP compilation time.
27-Feb-2020 23:54:46.875 INFO [main] org.apache.catalina.startup.HostConfig.deployDirectory Deployment of web application directory [/Users/lixianlin/myWebProject/tomcat/webapps/examples] has finished in [663] ms
27-Feb-2020 23:54:46.875 INFO [main] org.apache.catalina.startup.HostConfig.deployDirectory Deploying web application directory [/Users/lixianlin/myWebProject/tomcat/webapps/ROOT]
27-Feb-2020 23:54:47.128 INFO [main] org.apache.jasper.servlet.TldScanner.scanJars At least one JAR was scanned for TLDs yet contained no TLDs. Enable debug logging for this logger for a complete list of JARs that were scanned but no TLDs were found in them. Skipping unneeded JARs during scanning can improve startup time and JSP compilation time.
27-Feb-2020 23:54:47.131 INFO [main] org.apache.catalina.startup.HostConfig.deployDirectory Deployment of web application directory [/Users/lixianlin/myWebProject/tomcat/webapps/ROOT] has finished in [255] ms
27-Feb-2020 23:54:47.132 INFO [main] org.apache.catalina.startup.HostConfig.deployDirectory Deploying web application directory [/Users/lixianlin/myWebProject/tomcat/webapps/hello]
27-Feb-2020 23:54:47.411 INFO [main] org.apache.jasper.servlet.TldScanner.scanJars At least one JAR was scanned for TLDs yet contained no TLDs. Enable debug logging for this logger for a complete list of JARs that were scanned but no TLDs were found in them. Skipping unneeded JARs during scanning can improve startup time and JSP compilation time.
27-Feb-2020 23:54:47.417 INFO [main] org.apache.catalina.startup.HostConfig.deployDirectory Deployment of web application directory [/Users/lixianlin/myWebProject/tomcat/webapps/hello] has finished in [282] ms
27-Feb-2020 23:54:47.418 INFO [main] org.apache.catalina.startup.HostConfig.deployDirectory Deploying web application directory [/Users/lixianlin/myWebProject/tomcat/webapps/host-manager]
27-Feb-2020 23:54:47.673 INFO [main] org.apache.jasper.servlet.TldScanner.scanJars At least one JAR was scanned for TLDs yet contained no TLDs. Enable debug logging for this logger for a complete list of JARs that were scanned but no TLDs were found in them. Skipping unneeded JARs during scanning can improve startup time and JSP compilation time.
27-Feb-2020 23:54:47.675 INFO [main] org.apache.catalina.startup.HostConfig.deployDirectory Deployment of web application directory [/Users/lixianlin/myWebProject/tomcat/webapps/host-manager] has finished in [257] ms
27-Feb-2020 23:54:47.683 INFO [main] org.apache.coyote.AbstractProtocol.start Starting ProtocolHandler ["http-nio-9999"]
27-Feb-2020 23:54:47.696 INFO [main] org.apache.coyote.AbstractProtocol.start Starting ProtocolHandler ["ajp-nio-8009"]
27-Feb-2020 23:54:47.703 INFO [main] org.apache.catalina.startup.Catalina.start Server startup in [3,173] milliseconds
