05-Mar-2020 18:14:38.034 ?? [main] org.apache.catalina.core.StandardServer.await A valid shutdown command was received via the shutdown port. Stopping the Server instance.
05-Mar-2020 18:14:42.129 ?? [main] org.apache.catalina.startup.VersionLoggerListener.log Server version:        Apache Tomcat/9.0.4
05-Mar-2020 18:14:42.135 ?? [main] org.apache.catalina.startup.VersionLoggerListener.log Server built:          Jan 18 2018 19:42:17 UTC
05-Mar-2020 18:14:42.135 ?? [main] org.apache.catalina.startup.VersionLoggerListener.log Server number:         9.0.4.0
05-Mar-2020 18:14:42.135 ?? [main] org.apache.catalina.startup.VersionLoggerListener.log OS Name:               Windows 10
05-Mar-2020 18:14:42.136 ?? [main] org.apache.catalina.startup.VersionLoggerListener.log OS Version:            10.0
05-Mar-2020 18:14:42.136 ?? [main] org.apache.catalina.startup.VersionLoggerListener.log Architecture:          amd64
05-Mar-2020 18:14:42.136 ?? [main] org.apache.catalina.startup.VersionLoggerListener.log Java Home:             C:\Program Files\Java\jdk-11.0.6
05-Mar-2020 18:14:42.136 ?? [main] org.apache.catalina.startup.VersionLoggerListener.log JVM Version:           11.0.6+8-LTS
05-Mar-2020 18:14:42.137 ?? [main] org.apache.catalina.startup.VersionLoggerListener.log JVM Vendor:            Oracle Corporation
05-Mar-2020 18:14:42.137 ?? [main] org.apache.catalina.startup.VersionLoggerListener.log CATALINA_BASE:         E:\SGTravel\tomcat
05-Mar-2020 18:14:42.137 ?? [main] org.apache.catalina.startup.VersionLoggerListener.log CATALINA_HOME:         E:\SGTravel\tomcat
05-Mar-2020 18:14:42.138 ?? [main] org.apache.catalina.startup.VersionLoggerListener.log Command line argument: --add-opens=java.base/java.lang=ALL-UNNAMED
05-Mar-2020 18:14:42.138 ?? [main] org.apache.catalina.startup.VersionLoggerListener.log Command line argument: --add-opens=java.rmi/sun.rmi.transport=ALL-UNNAMED
05-Mar-2020 18:14:42.138 ?? [main] org.apache.catalina.startup.VersionLoggerListener.log Command line argument: -Djava.util.logging.config.file=E:\SGTravel\tomcat\conf\logging.properties
05-Mar-2020 18:14:42.138 ?? [main] org.apache.catalina.startup.VersionLoggerListener.log Command line argument: -Djava.util.logging.manager=org.apache.juli.ClassLoaderLogManager
05-Mar-2020 18:14:42.139 ?? [main] org.apache.catalina.startup.VersionLoggerListener.log Command line argument: -Djdk.tls.ephemeralDHKeySize=2048
05-Mar-2020 18:14:42.139 ?? [main] org.apache.catalina.startup.VersionLoggerListener.log Command line argument: -Djava.protocol.handler.pkgs=org.apache.catalina.webresources
05-Mar-2020 18:14:42.140 ?? [main] org.apache.catalina.startup.VersionLoggerListener.log Command line argument: -Dignore.endorsed.dirs=
05-Mar-2020 18:14:42.141 ?? [main] org.apache.catalina.startup.VersionLoggerListener.log Command line argument: -Dcatalina.base=E:\SGTravel\tomcat
05-Mar-2020 18:14:42.142 ?? [main] org.apache.catalina.startup.VersionLoggerListener.log Command line argument: -Dcatalina.home=E:\SGTravel\tomcat
05-Mar-2020 18:14:42.143 ?? [main] org.apache.catalina.startup.VersionLoggerListener.log Command line argument: -Djava.io.tmpdir=E:\SGTravel\tomcat\temp
05-Mar-2020 18:14:42.144 ?? [main] org.apache.catalina.core.AprLifecycleListener.lifecycleEvent The APR based Apache Tomcat Native library which allows optimal performance in production environments was not found on the java.library.path: [C:\Program Files\Java\jdk-11.0.6\bin;C:\WINDOWS\Sun\Java\bin;C:\WINDOWS\system32;C:\WINDOWS;C:\Python27\;C:\Python27\Scripts;C:\Program Files\AdoptOpenJDK\jdk-11.0.6.10-hotspot\bin;C:\Program Files (x86)\Common Files\Oracle\Java\javapath;C:\Program Files (x86)\Common Files\Intel\Shared Libraries\redist\intel64\compiler;C:\Program Files (x86)\Intel\Intel(R) Management Engine Components\iCLS\;C:\Program Files\Intel\Intel(R) Management Engine Components\iCLS\;C:\WINDOWS\system32;C:\WINDOWS;C:\WINDOWS\System32\Wbem;C:\WINDOWS\System32\WindowsPowerShell\v1.0\;C:\WINDOWS\System32\OpenSSH\;C:\Program Files (x86)\Intel\Intel(R) Management Engine Components\DAL;C:\Program Files\Intel\Intel(R) Management Engine Components\DAL;c:\Program Files (x86)\HP\HP Performance Advisor;C:\Program Files\MATLAB\R2018a\runtime\win64;C:\Program Files\MATLAB\R2018a\bin;C:\Program Files\Git\cmd;C:\Program Files\Microsoft SQL Server\130\Tools\Binn\;C:\Program Files\dotnet\;C:\Users\User\Documents\LiangyuFiles\IM2073\WebProject\apache-maven-3.6.3\bin;C:\Program Files\nodejs\;C:\ProgramData\chocolatey\bin;C:\Users\User\Anaconda4;C:\Users\User\Anaconda4\Library\mingw-w64\bin;C:\Users\User\Anaconda4\Library\usr\bin;C:\Users\User\Anaconda4\Library\bin;C:\Users\User\Anaconda4\Scripts;C:\Users\User\Anaconda3;C:\Users\User\Anaconda3\Library\mingw-w64\bin;C:\Users\User\Anaconda3\Library\usr\bin;C:\Users\User\Anaconda3\Library\bin;C:\Users\User\Anaconda3\Scripts;C:\Users\User\AppData\Local\Microsoft\WindowsApps;C:\Users\User\AppData\Local\Programs\Microsoft VS Code\bin;C:\Program Files\JetBrains\PyCharm 2019.2.3\bin;C:\Program Files\JetBrains\IntelliJ IDEA 2019.3.3\bin;C:\Users\User\AppData\Roaming\npm;.]
05-Mar-2020 18:14:42.204 ?? [main] org.apache.coyote.AbstractProtocol.init Initializing ProtocolHandler ["http-nio-9995"]
05-Mar-2020 18:14:42.215 ?? [main] org.apache.catalina.util.LifecycleBase.handleSubClassException Failed to initialize component [Connector[HTTP/1.1-9995]]
 org.apache.catalina.LifecycleException: Protocol handler initialization failed
	at org.apache.catalina.connector.Connector.initInternal(Connector.java:935)
	at org.apache.catalina.util.LifecycleBase.init(LifecycleBase.java:136)
	at org.apache.catalina.core.StandardService.initInternal(StandardService.java:530)
	at org.apache.catalina.util.LifecycleBase.init(LifecycleBase.java:136)
	at org.apache.catalina.core.StandardServer.initInternal(StandardServer.java:852)
	at org.apache.catalina.util.LifecycleBase.init(LifecycleBase.java:136)
	at org.apache.catalina.startup.Catalina.load(Catalina.java:622)
	at org.apache.catalina.startup.Catalina.load(Catalina.java:645)
	at java.base/jdk.internal.reflect.NativeMethodAccessorImpl.invoke0(Native Method)
	at java.base/jdk.internal.reflect.NativeMethodAccessorImpl.invoke(NativeMethodAccessorImpl.java:62)
	at java.base/jdk.internal.reflect.DelegatingMethodAccessorImpl.invoke(DelegatingMethodAccessorImpl.java:43)
	at java.base/java.lang.reflect.Method.invoke(Method.java:566)
	at org.apache.catalina.startup.Bootstrap.load(Bootstrap.java:309)
	at org.apache.catalina.startup.Bootstrap.main(Bootstrap.java:492)
Caused by: java.net.BindException: Address already in use: bind
	at java.base/sun.nio.ch.Net.bind0(Native Method)
	at java.base/sun.nio.ch.Net.bind(Net.java:461)
	at java.base/sun.nio.ch.Net.bind(Net.java:453)
	at java.base/sun.nio.ch.ServerSocketChannelImpl.bind(ServerSocketChannelImpl.java:227)
	at java.base/sun.nio.ch.ServerSocketAdaptor.bind(ServerSocketAdaptor.java:80)
	at org.apache.tomcat.util.net.NioEndpoint.initServerSocket(NioEndpoint.java:227)
	at org.apache.tomcat.util.net.NioEndpoint.bind(NioEndpoint.java:202)
	at org.apache.tomcat.util.net.AbstractEndpoint.init(AbstractEndpoint.java:1043)
	at org.apache.coyote.AbstractProtocol.init(AbstractProtocol.java:540)
	at org.apache.coyote.http11.AbstractHttp11Protocol.init(AbstractHttp11Protocol.java:74)
	at org.apache.catalina.connector.Connector.initInternal(Connector.java:932)
	... 13 more

05-Mar-2020 18:14:42.218 ?? [main] org.apache.coyote.AbstractProtocol.init Initializing ProtocolHandler ["ajp-nio-8009"]
05-Mar-2020 18:14:42.220 ?? [main] org.apache.catalina.util.LifecycleBase.handleSubClassException Failed to initialize component [Connector[AJP/1.3-8009]]
 org.apache.catalina.LifecycleException: Protocol handler initialization failed
	at org.apache.catalina.connector.Connector.initInternal(Connector.java:935)
	at org.apache.catalina.util.LifecycleBase.init(LifecycleBase.java:136)
	at org.apache.catalina.core.StandardService.initInternal(StandardService.java:530)
	at org.apache.catalina.util.LifecycleBase.init(LifecycleBase.java:136)
	at org.apache.catalina.core.StandardServer.initInternal(StandardServer.java:852)
	at org.apache.catalina.util.LifecycleBase.init(LifecycleBase.java:136)
	at org.apache.catalina.startup.Catalina.load(Catalina.java:622)
	at org.apache.catalina.startup.Catalina.load(Catalina.java:645)
	at java.base/jdk.internal.reflect.NativeMethodAccessorImpl.invoke0(Native Method)
	at java.base/jdk.internal.reflect.NativeMethodAccessorImpl.invoke(NativeMethodAccessorImpl.java:62)
	at java.base/jdk.internal.reflect.DelegatingMethodAccessorImpl.invoke(DelegatingMethodAccessorImpl.java:43)
	at java.base/java.lang.reflect.Method.invoke(Method.java:566)
	at org.apache.catalina.startup.Bootstrap.load(Bootstrap.java:309)
	at org.apache.catalina.startup.Bootstrap.main(Bootstrap.java:492)
Caused by: java.net.BindException: Address already in use: bind
	at java.base/sun.nio.ch.Net.bind0(Native Method)
	at java.base/sun.nio.ch.Net.bind(Net.java:461)
	at java.base/sun.nio.ch.Net.bind(Net.java:453)
	at java.base/sun.nio.ch.ServerSocketChannelImpl.bind(ServerSocketChannelImpl.java:227)
	at java.base/sun.nio.ch.ServerSocketAdaptor.bind(ServerSocketAdaptor.java:80)
	at org.apache.tomcat.util.net.NioEndpoint.initServerSocket(NioEndpoint.java:227)
	at org.apache.tomcat.util.net.NioEndpoint.bind(NioEndpoint.java:202)
	at org.apache.tomcat.util.net.AbstractEndpoint.init(AbstractEndpoint.java:1043)
	at org.apache.coyote.AbstractProtocol.init(AbstractProtocol.java:540)
	at org.apache.catalina.connector.Connector.initInternal(Connector.java:932)
	... 13 more

05-Mar-2020 18:14:42.222 ?? [main] org.apache.catalina.startup.Catalina.load Initialization processed in 456 ms
05-Mar-2020 18:14:42.299 ?? [main] org.apache.catalina.core.StandardService.startInternal Starting service [Catalina]
05-Mar-2020 18:14:42.299 ?? [main] org.apache.catalina.core.StandardEngine.startInternal Starting Servlet Engine: Apache Tomcat/9.0.4
05-Mar-2020 18:14:42.322 ?? [main] org.apache.catalina.startup.HostConfig.deployDirectory Deploying web application directory [E:\SGTravel\tomcat\webapps\docs]
05-Mar-2020 18:14:42.965 ?? [main] org.apache.jasper.servlet.TldScanner.scanJars At least one JAR was scanned for TLDs yet contained no TLDs. Enable debug logging for this logger for a complete list of JARs that were scanned but no TLDs were found in them. Skipping unneeded JARs during scanning can improve startup time and JSP compilation time.
05-Mar-2020 18:14:43.445 ?? [main] org.apache.catalina.util.SessionIdGeneratorBase.createSecureRandom Creation of SecureRandom instance for session ID generation using [SHA1PRNG] took [450] milliseconds.
05-Mar-2020 18:14:43.464 ?? [main] org.apache.catalina.startup.HostConfig.deployDirectory Deployment of web application directory [E:\SGTravel\tomcat\webapps\docs] has finished in [1,142] ms
05-Mar-2020 18:14:43.465 ?? [main] org.apache.catalina.startup.HostConfig.deployDirectory Deploying web application directory [E:\SGTravel\tomcat\webapps\examples]
05-Mar-2020 18:14:44.310 ?? [main] org.apache.jasper.servlet.TldScanner.scanJars At least one JAR was scanned for TLDs yet contained no TLDs. Enable debug logging for this logger for a complete list of JARs that were scanned but no TLDs were found in them. Skipping unneeded JARs during scanning can improve startup time and JSP compilation time.
05-Mar-2020 18:14:44.368 ?? [main] org.apache.catalina.startup.HostConfig.deployDirectory Deployment of web application directory [E:\SGTravel\tomcat\webapps\examples] has finished in [902] ms
05-Mar-2020 18:14:44.368 ?? [main] org.apache.catalina.startup.HostConfig.deployDirectory Deploying web application directory [E:\SGTravel\tomcat\webapps\host-manager]
05-Mar-2020 18:14:44.783 ?? [main] org.apache.jasper.servlet.TldScanner.scanJars At least one JAR was scanned for TLDs yet contained no TLDs. Enable debug logging for this logger for a complete list of JARs that were scanned but no TLDs were found in them. Skipping unneeded JARs during scanning can improve startup time and JSP compilation time.
05-Mar-2020 18:14:44.796 ?? [main] org.apache.catalina.startup.HostConfig.deployDirectory Deployment of web application directory [E:\SGTravel\tomcat\webapps\host-manager] has finished in [428] ms
05-Mar-2020 18:14:44.797 ?? [main] org.apache.catalina.startup.HostConfig.deployDirectory Deploying web application directory [E:\SGTravel\tomcat\webapps\manager]
05-Mar-2020 18:14:45.214 ?? [main] org.apache.jasper.servlet.TldScanner.scanJars At least one JAR was scanned for TLDs yet contained no TLDs. Enable debug logging for this logger for a complete list of JARs that were scanned but no TLDs were found in them. Skipping unneeded JARs during scanning can improve startup time and JSP compilation time.
05-Mar-2020 18:14:45.220 ?? [main] org.apache.catalina.startup.HostConfig.deployDirectory Deployment of web application directory [E:\SGTravel\tomcat\webapps\manager] has finished in [423] ms
05-Mar-2020 18:14:45.221 ?? [main] org.apache.catalina.startup.HostConfig.deployDirectory Deploying web application directory [E:\SGTravel\tomcat\webapps\ROOT]
05-Mar-2020 18:14:45.607 ?? [main] org.apache.jasper.servlet.TldScanner.scanJars At least one JAR was scanned for TLDs yet contained no TLDs. Enable debug logging for this logger for a complete list of JARs that were scanned but no TLDs were found in them. Skipping unneeded JARs during scanning can improve startup time and JSP compilation time.
05-Mar-2020 18:14:45.614 ?? [main] org.apache.catalina.startup.HostConfig.deployDirectory Deployment of web application directory [E:\SGTravel\tomcat\webapps\ROOT] has finished in [393] ms
05-Mar-2020 18:14:45.614 ?? [main] org.apache.catalina.startup.HostConfig.deployDirectory Deploying web application directory [E:\SGTravel\tomcat\webapps\SGTravel]
05-Mar-2020 18:14:46.080 ?? [main] org.apache.jasper.servlet.TldScanner.scanJars At least one JAR was scanned for TLDs yet contained no TLDs. Enable debug logging for this logger for a complete list of JARs that were scanned but no TLDs were found in them. Skipping unneeded JARs during scanning can improve startup time and JSP compilation time.
05-Mar-2020 18:14:46.086 ?? [main] org.apache.catalina.startup.HostConfig.deployDirectory Deployment of web application directory [E:\SGTravel\tomcat\webapps\SGTravel] has finished in [472] ms
05-Mar-2020 18:14:46.087 ?? [main] org.apache.catalina.startup.HostConfig.deployDirectory Deploying web application directory [E:\SGTravel\tomcat\webapps\web]
05-Mar-2020 18:14:46.447 ?? [main] org.apache.jasper.servlet.TldScanner.scanJars At least one JAR was scanned for TLDs yet contained no TLDs. Enable debug logging for this logger for a complete list of JARs that were scanned but no TLDs were found in them. Skipping unneeded JARs during scanning can improve startup time and JSP compilation time.
05-Mar-2020 18:14:46.469 ?? [main] org.apache.catalina.startup.HostConfig.deployDirectory Deployment of web application directory [E:\SGTravel\tomcat\webapps\web] has finished in [381] ms
05-Mar-2020 18:14:46.473 ?? [main] org.apache.catalina.startup.Catalina.start Server startup in 4248 ms
05-Mar-2020 18:14:46.486 ?? [main] org.apache.catalina.core.StandardServer.await StandardServer.await: create[localhost:8005]: 
 java.net.BindException: Address already in use: NET_Bind
	at java.base/java.net.PlainSocketImpl.bind0(Native Method)
	at java.base/java.net.PlainSocketImpl.socketBind(PlainSocketImpl.java:132)
	at java.base/java.net.AbstractPlainSocketImpl.bind(AbstractPlainSocketImpl.java:436)
	at java.base/java.net.ServerSocket.bind(ServerSocket.java:381)
	at java.base/java.net.ServerSocket.<init>(ServerSocket.java:243)
	at org.apache.catalina.core.StandardServer.await(StandardServer.java:422)
	at org.apache.catalina.startup.Catalina.await(Catalina.java:759)
	at org.apache.catalina.startup.Catalina.start(Catalina.java:705)
	at java.base/jdk.internal.reflect.NativeMethodAccessorImpl.invoke0(Native Method)
	at java.base/jdk.internal.reflect.NativeMethodAccessorImpl.invoke(NativeMethodAccessorImpl.java:62)
	at java.base/jdk.internal.reflect.DelegatingMethodAccessorImpl.invoke(DelegatingMethodAccessorImpl.java:43)
	at java.base/java.lang.reflect.Method.invoke(Method.java:566)
	at org.apache.catalina.startup.Bootstrap.start(Bootstrap.java:353)
	at org.apache.catalina.startup.Bootstrap.main(Bootstrap.java:493)

05-Mar-2020 18:14:46.487 ?? [main] org.apache.coyote.AbstractProtocol.pause Pausing ProtocolHandler ["http-nio-9995"]
05-Mar-2020 18:14:46.488 ?? [main] org.apache.coyote.AbstractProtocol.pause Pausing ProtocolHandler ["ajp-nio-8009"]
05-Mar-2020 18:14:46.491 ?? [main] org.apache.catalina.core.StandardService.stopInternal Stopping service [Catalina]
05-Mar-2020 18:14:46.518 ?? [main] org.apache.coyote.AbstractProtocol.stop Stopping ProtocolHandler ["http-nio-9995"]
05-Mar-2020 18:14:46.519 ?? [main] org.apache.coyote.AbstractProtocol.destroy Destroying ProtocolHandler ["http-nio-9995"]
05-Mar-2020 18:14:46.521 ?? [main] org.apache.coyote.AbstractProtocol.stop Stopping ProtocolHandler ["ajp-nio-8009"]
05-Mar-2020 18:14:46.521 ?? [main] org.apache.coyote.AbstractProtocol.destroy Destroying ProtocolHandler ["ajp-nio-8009"]
05-Mar-2020 18:18:10.839 ?? [ContainerBackgroundProcessor[StandardEngine[Catalina]]] org.apache.catalina.core.StandardContext.reload Reloading Context with name [/SGTravel] has started
05-Mar-2020 18:18:24.517 ?? [main] org.apache.catalina.startup.VersionLoggerListener.log Server version:        Apache Tomcat/9.0.4
05-Mar-2020 18:18:24.521 ?? [main] org.apache.catalina.startup.VersionLoggerListener.log Server built:          Jan 18 2018 19:42:17 UTC
05-Mar-2020 18:18:24.522 ?? [main] org.apache.catalina.startup.VersionLoggerListener.log Server number:         9.0.4.0
05-Mar-2020 18:18:24.522 ?? [main] org.apache.catalina.startup.VersionLoggerListener.log OS Name:               Windows 10
05-Mar-2020 18:18:24.522 ?? [main] org.apache.catalina.startup.VersionLoggerListener.log OS Version:            10.0
05-Mar-2020 18:18:24.523 ?? [main] org.apache.catalina.startup.VersionLoggerListener.log Architecture:          amd64
05-Mar-2020 18:18:24.524 ?? [main] org.apache.catalina.startup.VersionLoggerListener.log Java Home:             C:\Program Files\Java\jdk-11.0.6
05-Mar-2020 18:18:24.524 ?? [main] org.apache.catalina.startup.VersionLoggerListener.log JVM Version:           11.0.6+8-LTS
05-Mar-2020 18:18:24.525 ?? [main] org.apache.catalina.startup.VersionLoggerListener.log JVM Vendor:            Oracle Corporation
05-Mar-2020 18:18:24.525 ?? [main] org.apache.catalina.startup.VersionLoggerListener.log CATALINA_BASE:         E:\SGTravel\tomcat
05-Mar-2020 18:18:24.526 ?? [main] org.apache.catalina.startup.VersionLoggerListener.log CATALINA_HOME:         E:\SGTravel\tomcat
05-Mar-2020 18:18:24.527 ?? [main] org.apache.catalina.startup.VersionLoggerListener.log Command line argument: --add-opens=java.base/java.lang=ALL-UNNAMED
05-Mar-2020 18:18:24.527 ?? [main] org.apache.catalina.startup.VersionLoggerListener.log Command line argument: --add-opens=java.rmi/sun.rmi.transport=ALL-UNNAMED
05-Mar-2020 18:18:24.527 ?? [main] org.apache.catalina.startup.VersionLoggerListener.log Command line argument: -Djava.util.logging.config.file=E:\SGTravel\tomcat\conf\logging.properties
05-Mar-2020 18:18:24.528 ?? [main] org.apache.catalina.startup.VersionLoggerListener.log Command line argument: -Djava.util.logging.manager=org.apache.juli.ClassLoaderLogManager
05-Mar-2020 18:18:24.528 ?? [main] org.apache.catalina.startup.VersionLoggerListener.log Command line argument: -Djdk.tls.ephemeralDHKeySize=2048
05-Mar-2020 18:18:24.529 ?? [main] org.apache.catalina.startup.VersionLoggerListener.log Command line argument: -Djava.protocol.handler.pkgs=org.apache.catalina.webresources
05-Mar-2020 18:18:24.529 ?? [main] org.apache.catalina.startup.VersionLoggerListener.log Command line argument: -Dignore.endorsed.dirs=
05-Mar-2020 18:18:24.530 ?? [main] org.apache.catalina.startup.VersionLoggerListener.log Command line argument: -Dcatalina.base=E:\SGTravel\tomcat
05-Mar-2020 18:18:24.533 ?? [main] org.apache.catalina.startup.VersionLoggerListener.log Command line argument: -Dcatalina.home=E:\SGTravel\tomcat
05-Mar-2020 18:18:24.533 ?? [main] org.apache.catalina.startup.VersionLoggerListener.log Command line argument: -Djava.io.tmpdir=E:\SGTravel\tomcat\temp
05-Mar-2020 18:18:24.535 ?? [main] org.apache.catalina.core.AprLifecycleListener.lifecycleEvent The APR based Apache Tomcat Native library which allows optimal performance in production environments was not found on the java.library.path: [C:\Program Files\Java\jdk-11.0.6\bin;C:\WINDOWS\Sun\Java\bin;C:\WINDOWS\system32;C:\WINDOWS;C:\Python27\;C:\Python27\Scripts;C:\Program Files\AdoptOpenJDK\jdk-11.0.6.10-hotspot\bin;C:\Program Files (x86)\Common Files\Oracle\Java\javapath;C:\Program Files (x86)\Common Files\Intel\Shared Libraries\redist\intel64\compiler;C:\Program Files (x86)\Intel\Intel(R) Management Engine Components\iCLS\;C:\Program Files\Intel\Intel(R) Management Engine Components\iCLS\;C:\WINDOWS\system32;C:\WINDOWS;C:\WINDOWS\System32\Wbem;C:\WINDOWS\System32\WindowsPowerShell\v1.0\;C:\WINDOWS\System32\OpenSSH\;C:\Program Files (x86)\Intel\Intel(R) Management Engine Components\DAL;C:\Program Files\Intel\Intel(R) Management Engine Components\DAL;c:\Program Files (x86)\HP\HP Performance Advisor;C:\Program Files\MATLAB\R2018a\runtime\win64;C:\Program Files\MATLAB\R2018a\bin;C:\Program Files\Git\cmd;C:\Program Files\Microsoft SQL Server\130\Tools\Binn\;C:\Program Files\dotnet\;C:\Users\User\Documents\LiangyuFiles\IM2073\WebProject\apache-maven-3.6.3\bin;C:\Program Files\nodejs\;C:\ProgramData\chocolatey\bin;C:\Users\User\Anaconda4;C:\Users\User\Anaconda4\Library\mingw-w64\bin;C:\Users\User\Anaconda4\Library\usr\bin;C:\Users\User\Anaconda4\Library\bin;C:\Users\User\Anaconda4\Scripts;C:\Users\User\Anaconda3;C:\Users\User\Anaconda3\Library\mingw-w64\bin;C:\Users\User\Anaconda3\Library\usr\bin;C:\Users\User\Anaconda3\Library\bin;C:\Users\User\Anaconda3\Scripts;C:\Users\User\AppData\Local\Microsoft\WindowsApps;C:\Users\User\AppData\Local\Programs\Microsoft VS Code\bin;C:\Program Files\JetBrains\PyCharm 2019.2.3\bin;C:\Program Files\JetBrains\IntelliJ IDEA 2019.3.3\bin;C:\Users\User\AppData\Roaming\npm;.]
05-Mar-2020 18:18:24.594 ?? [main] org.apache.coyote.AbstractProtocol.init Initializing ProtocolHandler ["http-nio-9995"]
05-Mar-2020 18:18:25.152 ?? [main] org.apache.tomcat.util.net.NioSelectorPool.getSharedSelector Using a shared selector for servlet write/read
05-Mar-2020 18:18:25.158 ?? [main] org.apache.coyote.AbstractProtocol.init Initializing ProtocolHandler ["ajp-nio-8009"]
05-Mar-2020 18:18:25.161 ?? [main] org.apache.tomcat.util.net.NioSelectorPool.getSharedSelector Using a shared selector for servlet write/read
05-Mar-2020 18:18:25.161 ?? [main] org.apache.catalina.startup.Catalina.load Initialization processed in 1012 ms
05-Mar-2020 18:18:25.223 ?? [main] org.apache.catalina.core.StandardService.startInternal Starting service [Catalina]
05-Mar-2020 18:18:25.223 ?? [main] org.apache.catalina.core.StandardEngine.startInternal Starting Servlet Engine: Apache Tomcat/9.0.4
05-Mar-2020 18:18:25.236 ?? [main] org.apache.catalina.startup.HostConfig.deployDirectory Deploying web application directory [E:\SGTravel\tomcat\webapps\docs]
05-Mar-2020 18:18:25.932 ?? [main] org.apache.jasper.servlet.TldScanner.scanJars At least one JAR was scanned for TLDs yet contained no TLDs. Enable debug logging for this logger for a complete list of JARs that were scanned but no TLDs were found in them. Skipping unneeded JARs during scanning can improve startup time and JSP compilation time.
05-Mar-2020 18:18:26.376 ?? [main] org.apache.catalina.util.SessionIdGeneratorBase.createSecureRandom Creation of SecureRandom instance for session ID generation using [SHA1PRNG] took [426] milliseconds.
05-Mar-2020 18:18:26.396 ?? [main] org.apache.catalina.startup.HostConfig.deployDirectory Deployment of web application directory [E:\SGTravel\tomcat\webapps\docs] has finished in [1,160] ms
05-Mar-2020 18:18:26.397 ?? [main] org.apache.catalina.startup.HostConfig.deployDirectory Deploying web application directory [E:\SGTravel\tomcat\webapps\examples]
05-Mar-2020 18:18:27.294 ?? [main] org.apache.jasper.servlet.TldScanner.scanJars At least one JAR was scanned for TLDs yet contained no TLDs. Enable debug logging for this logger for a complete list of JARs that were scanned but no TLDs were found in them. Skipping unneeded JARs during scanning can improve startup time and JSP compilation time.
05-Mar-2020 18:18:27.342 ?? [main] org.apache.catalina.startup.HostConfig.deployDirectory Deployment of web application directory [E:\SGTravel\tomcat\webapps\examples] has finished in [945] ms
05-Mar-2020 18:18:27.343 ?? [main] org.apache.catalina.startup.HostConfig.deployDirectory Deploying web application directory [E:\SGTravel\tomcat\webapps\host-manager]
05-Mar-2020 18:18:27.722 ?? [main] org.apache.jasper.servlet.TldScanner.scanJars At least one JAR was scanned for TLDs yet contained no TLDs. Enable debug logging for this logger for a complete list of JARs that were scanned but no TLDs were found in them. Skipping unneeded JARs during scanning can improve startup time and JSP compilation time.
05-Mar-2020 18:18:27.732 ?? [main] org.apache.catalina.startup.HostConfig.deployDirectory Deployment of web application directory [E:\SGTravel\tomcat\webapps\host-manager] has finished in [389] ms
05-Mar-2020 18:18:27.733 ?? [main] org.apache.catalina.startup.HostConfig.deployDirectory Deploying web application directory [E:\SGTravel\tomcat\webapps\manager]
05-Mar-2020 18:18:28.123 ?? [main] org.apache.jasper.servlet.TldScanner.scanJars At least one JAR was scanned for TLDs yet contained no TLDs. Enable debug logging for this logger for a complete list of JARs that were scanned but no TLDs were found in them. Skipping unneeded JARs during scanning can improve startup time and JSP compilation time.
05-Mar-2020 18:18:28.130 ?? [main] org.apache.catalina.startup.HostConfig.deployDirectory Deployment of web application directory [E:\SGTravel\tomcat\webapps\manager] has finished in [397] ms
05-Mar-2020 18:18:28.131 ?? [main] org.apache.catalina.startup.HostConfig.deployDirectory Deploying web application directory [E:\SGTravel\tomcat\webapps\ROOT]
05-Mar-2020 18:18:28.550 ?? [main] org.apache.jasper.servlet.TldScanner.scanJars At least one JAR was scanned for TLDs yet contained no TLDs. Enable debug logging for this logger for a complete list of JARs that were scanned but no TLDs were found in them. Skipping unneeded JARs during scanning can improve startup time and JSP compilation time.
05-Mar-2020 18:18:28.556 ?? [main] org.apache.catalina.startup.HostConfig.deployDirectory Deployment of web application directory [E:\SGTravel\tomcat\webapps\ROOT] has finished in [425] ms
05-Mar-2020 18:18:28.556 ?? [main] org.apache.catalina.startup.HostConfig.deployDirectory Deploying web application directory [E:\SGTravel\tomcat\webapps\SGTravel]
05-Mar-2020 18:18:29.008 ?? [main] org.apache.jasper.servlet.TldScanner.scanJars At least one JAR was scanned for TLDs yet contained no TLDs. Enable debug logging for this logger for a complete list of JARs that were scanned but no TLDs were found in them. Skipping unneeded JARs during scanning can improve startup time and JSP compilation time.
05-Mar-2020 18:18:29.014 ?? [main] org.apache.catalina.startup.HostConfig.deployDirectory Deployment of web application directory [E:\SGTravel\tomcat\webapps\SGTravel] has finished in [458] ms
05-Mar-2020 18:18:29.015 ?? [main] org.apache.catalina.startup.HostConfig.deployDirectory Deploying web application directory [E:\SGTravel\tomcat\webapps\web]
05-Mar-2020 18:18:29.359 ?? [main] org.apache.jasper.servlet.TldScanner.scanJars At least one JAR was scanned for TLDs yet contained no TLDs. Enable debug logging for this logger for a complete list of JARs that were scanned but no TLDs were found in them. Skipping unneeded JARs during scanning can improve startup time and JSP compilation time.
05-Mar-2020 18:18:29.374 ?? [main] org.apache.catalina.startup.HostConfig.deployDirectory Deployment of web application directory [E:\SGTravel\tomcat\webapps\web] has finished in [359] ms
05-Mar-2020 18:18:29.376 ?? [main] org.apache.coyote.AbstractProtocol.start Starting ProtocolHandler ["http-nio-9995"]
05-Mar-2020 18:18:29.386 ?? [main] org.apache.coyote.AbstractProtocol.start Starting ProtocolHandler ["ajp-nio-8009"]
05-Mar-2020 18:18:29.395 ?? [main] org.apache.catalina.startup.Catalina.start Server startup in 4229 ms
05-Mar-2020 18:21:53.337 ?? [main] org.apache.catalina.startup.VersionLoggerListener.log Server version:        Apache Tomcat/9.0.4
05-Mar-2020 18:21:53.343 ?? [main] org.apache.catalina.startup.VersionLoggerListener.log Server built:          Jan 18 2018 19:42:17 UTC
05-Mar-2020 18:21:53.344 ?? [main] org.apache.catalina.startup.VersionLoggerListener.log Server number:         9.0.4.0
05-Mar-2020 18:21:53.344 ?? [main] org.apache.catalina.startup.VersionLoggerListener.log OS Name:               Windows 10
05-Mar-2020 18:21:53.344 ?? [main] org.apache.catalina.startup.VersionLoggerListener.log OS Version:            10.0
05-Mar-2020 18:21:53.344 ?? [main] org.apache.catalina.startup.VersionLoggerListener.log Architecture:          amd64
05-Mar-2020 18:21:53.345 ?? [main] org.apache.catalina.startup.VersionLoggerListener.log Java Home:             C:\Program Files\Java\jdk-11.0.6
05-Mar-2020 18:21:53.345 ?? [main] org.apache.catalina.startup.VersionLoggerListener.log JVM Version:           11.0.6+8-LTS
05-Mar-2020 18:21:53.345 ?? [main] org.apache.catalina.startup.VersionLoggerListener.log JVM Vendor:            Oracle Corporation
05-Mar-2020 18:21:53.345 ?? [main] org.apache.catalina.startup.VersionLoggerListener.log CATALINA_BASE:         E:\SGTravel\tomcat
05-Mar-2020 18:21:53.346 ?? [main] org.apache.catalina.startup.VersionLoggerListener.log CATALINA_HOME:         E:\SGTravel\tomcat
05-Mar-2020 18:21:53.346 ?? [main] org.apache.catalina.startup.VersionLoggerListener.log Command line argument: --add-opens=java.base/java.lang=ALL-UNNAMED
05-Mar-2020 18:21:53.346 ?? [main] org.apache.catalina.startup.VersionLoggerListener.log Command line argument: --add-opens=java.rmi/sun.rmi.transport=ALL-UNNAMED
05-Mar-2020 18:21:53.346 ?? [main] org.apache.catalina.startup.VersionLoggerListener.log Command line argument: -Djava.util.logging.config.file=E:\SGTravel\tomcat\conf\logging.properties
05-Mar-2020 18:21:53.347 ?? [main] org.apache.catalina.startup.VersionLoggerListener.log Command line argument: -Djava.util.logging.manager=org.apache.juli.ClassLoaderLogManager
05-Mar-2020 18:21:53.347 ?? [main] org.apache.catalina.startup.VersionLoggerListener.log Command line argument: -Djdk.tls.ephemeralDHKeySize=2048
05-Mar-2020 18:21:53.347 ?? [main] org.apache.catalina.startup.VersionLoggerListener.log Command line argument: -Djava.protocol.handler.pkgs=org.apache.catalina.webresources
05-Mar-2020 18:21:53.348 ?? [main] org.apache.catalina.startup.VersionLoggerListener.log Command line argument: -Dignore.endorsed.dirs=
05-Mar-2020 18:21:53.348 ?? [main] org.apache.catalina.startup.VersionLoggerListener.log Command line argument: -Dcatalina.base=E:\SGTravel\tomcat
05-Mar-2020 18:21:53.349 ?? [main] org.apache.catalina.startup.VersionLoggerListener.log Command line argument: -Dcatalina.home=E:\SGTravel\tomcat
05-Mar-2020 18:21:53.349 ?? [main] org.apache.catalina.startup.VersionLoggerListener.log Command line argument: -Djava.io.tmpdir=E:\SGTravel\tomcat\temp
05-Mar-2020 18:21:53.349 ?? [main] org.apache.catalina.core.AprLifecycleListener.lifecycleEvent The APR based Apache Tomcat Native library which allows optimal performance in production environments was not found on the java.library.path: [C:\Program Files\Java\jdk-11.0.6\bin;C:\WINDOWS\Sun\Java\bin;C:\WINDOWS\system32;C:\WINDOWS;C:\Python27\;C:\Python27\Scripts;C:\Program Files\AdoptOpenJDK\jdk-11.0.6.10-hotspot\bin;C:\Program Files (x86)\Common Files\Oracle\Java\javapath;C:\Program Files (x86)\Common Files\Intel\Shared Libraries\redist\intel64\compiler;C:\Program Files (x86)\Intel\Intel(R) Management Engine Components\iCLS\;C:\Program Files\Intel\Intel(R) Management Engine Components\iCLS\;C:\WINDOWS\system32;C:\WINDOWS;C:\WINDOWS\System32\Wbem;C:\WINDOWS\System32\WindowsPowerShell\v1.0\;C:\WINDOWS\System32\OpenSSH\;C:\Program Files (x86)\Intel\Intel(R) Management Engine Components\DAL;C:\Program Files\Intel\Intel(R) Management Engine Components\DAL;c:\Program Files (x86)\HP\HP Performance Advisor;C:\Program Files\MATLAB\R2018a\runtime\win64;C:\Program Files\MATLAB\R2018a\bin;C:\Program Files\Git\cmd;C:\Program Files\Microsoft SQL Server\130\Tools\Binn\;C:\Program Files\dotnet\;C:\Users\User\Documents\LiangyuFiles\IM2073\WebProject\apache-maven-3.6.3\bin;C:\Program Files\nodejs\;C:\ProgramData\chocolatey\bin;C:\Users\User\Anaconda4;C:\Users\User\Anaconda4\Library\mingw-w64\bin;C:\Users\User\Anaconda4\Library\usr\bin;C:\Users\User\Anaconda4\Library\bin;C:\Users\User\Anaconda4\Scripts;C:\Users\User\Anaconda3;C:\Users\User\Anaconda3\Library\mingw-w64\bin;C:\Users\User\Anaconda3\Library\usr\bin;C:\Users\User\Anaconda3\Library\bin;C:\Users\User\Anaconda3\Scripts;C:\Users\User\AppData\Local\Microsoft\WindowsApps;C:\Users\User\AppData\Local\Programs\Microsoft VS Code\bin;C:\Program Files\JetBrains\PyCharm 2019.2.3\bin;C:\Program Files\JetBrains\IntelliJ IDEA 2019.3.3\bin;C:\Users\User\AppData\Roaming\npm;.]
05-Mar-2020 18:21:53.401 ?? [main] org.apache.coyote.AbstractProtocol.init Initializing ProtocolHandler ["http-nio-9995"]
05-Mar-2020 18:21:53.821 ?? [main] org.apache.tomcat.util.net.NioSelectorPool.getSharedSelector Using a shared selector for servlet write/read
05-Mar-2020 18:21:53.832 ?? [main] org.apache.coyote.AbstractProtocol.init Initializing ProtocolHandler ["ajp-nio-8009"]
05-Mar-2020 18:21:53.836 ?? [main] org.apache.tomcat.util.net.NioSelectorPool.getSharedSelector Using a shared selector for servlet write/read
05-Mar-2020 18:21:53.837 ?? [main] org.apache.catalina.startup.Catalina.load Initialization processed in 874 ms
05-Mar-2020 18:21:53.902 ?? [main] org.apache.catalina.core.StandardService.startInternal Starting service [Catalina]
05-Mar-2020 18:21:53.902 ?? [main] org.apache.catalina.core.StandardEngine.startInternal Starting Servlet Engine: Apache Tomcat/9.0.4
05-Mar-2020 18:21:53.914 ?? [main] org.apache.catalina.startup.HostConfig.deployDirectory Deploying web application directory [E:\SGTravel\tomcat\webapps\docs]
05-Mar-2020 18:21:54.592 ?? [main] org.apache.jasper.servlet.TldScanner.scanJars At least one JAR was scanned for TLDs yet contained no TLDs. Enable debug logging for this logger for a complete list of JARs that were scanned but no TLDs were found in them. Skipping unneeded JARs during scanning can improve startup time and JSP compilation time.
05-Mar-2020 18:21:54.945 ?? [main] org.apache.catalina.util.SessionIdGeneratorBase.createSecureRandom Creation of SecureRandom instance for session ID generation using [SHA1PRNG] took [334] milliseconds.
05-Mar-2020 18:21:54.967 ?? [main] org.apache.catalina.startup.HostConfig.deployDirectory Deployment of web application directory [E:\SGTravel\tomcat\webapps\docs] has finished in [1,053] ms
05-Mar-2020 18:21:54.968 ?? [main] org.apache.catalina.startup.HostConfig.deployDirectory Deploying web application directory [E:\SGTravel\tomcat\webapps\examples]
05-Mar-2020 18:21:55.870 ?? [main] org.apache.jasper.servlet.TldScanner.scanJars At least one JAR was scanned for TLDs yet contained no TLDs. Enable debug logging for this logger for a complete list of JARs that were scanned but no TLDs were found in them. Skipping unneeded JARs during scanning can improve startup time and JSP compilation time.
05-Mar-2020 18:21:55.920 ?? [main] org.apache.catalina.startup.HostConfig.deployDirectory Deployment of web application directory [E:\SGTravel\tomcat\webapps\examples] has finished in [952] ms
05-Mar-2020 18:21:55.920 ?? [main] org.apache.catalina.startup.HostConfig.deployDirectory Deploying web application directory [E:\SGTravel\tomcat\webapps\host-manager]
05-Mar-2020 18:21:56.337 ?? [main] org.apache.jasper.servlet.TldScanner.scanJars At least one JAR was scanned for TLDs yet contained no TLDs. Enable debug logging for this logger for a complete list of JARs that were scanned but no TLDs were found in them. Skipping unneeded JARs during scanning can improve startup time and JSP compilation time.
05-Mar-2020 18:21:56.360 ?? [main] org.apache.catalina.startup.HostConfig.deployDirectory Deployment of web application directory [E:\SGTravel\tomcat\webapps\host-manager] has finished in [440] ms
05-Mar-2020 18:21:56.361 ?? [main] org.apache.catalina.startup.HostConfig.deployDirectory Deploying web application directory [E:\SGTravel\tomcat\webapps\manager]
05-Mar-2020 18:21:56.741 ?? [main] org.apache.jasper.servlet.TldScanner.scanJars At least one JAR was scanned for TLDs yet contained no TLDs. Enable debug logging for this logger for a complete list of JARs that were scanned but no TLDs were found in them. Skipping unneeded JARs during scanning can improve startup time and JSP compilation time.
05-Mar-2020 18:21:56.748 ?? [main] org.apache.catalina.startup.HostConfig.deployDirectory Deployment of web application directory [E:\SGTravel\tomcat\webapps\manager] has finished in [386] ms
05-Mar-2020 18:21:56.748 ?? [main] org.apache.catalina.startup.HostConfig.deployDirectory Deploying web application directory [E:\SGTravel\tomcat\webapps\ROOT]
05-Mar-2020 18:21:57.171 ?? [main] org.apache.jasper.servlet.TldScanner.scanJars At least one JAR was scanned for TLDs yet contained no TLDs. Enable debug logging for this logger for a complete list of JARs that were scanned but no TLDs were found in them. Skipping unneeded JARs during scanning can improve startup time and JSP compilation time.
05-Mar-2020 18:21:57.177 ?? [main] org.apache.catalina.startup.HostConfig.deployDirectory Deployment of web application directory [E:\SGTravel\tomcat\webapps\ROOT] has finished in [429] ms
05-Mar-2020 18:21:57.177 ?? [main] org.apache.catalina.startup.HostConfig.deployDirectory Deploying web application directory [E:\SGTravel\tomcat\webapps\SGTravel]
05-Mar-2020 18:21:57.636 ?? [main] org.apache.jasper.servlet.TldScanner.scanJars At least one JAR was scanned for TLDs yet contained no TLDs. Enable debug logging for this logger for a complete list of JARs that were scanned but no TLDs were found in them. Skipping unneeded JARs during scanning can improve startup time and JSP compilation time.
05-Mar-2020 18:21:57.651 ?? [main] org.apache.catalina.startup.HostConfig.deployDirectory Deployment of web application directory [E:\SGTravel\tomcat\webapps\SGTravel] has finished in [474] ms
05-Mar-2020 18:21:57.652 ?? [main] org.apache.catalina.startup.HostConfig.deployDirectory Deploying web application directory [E:\SGTravel\tomcat\webapps\web]
05-Mar-2020 18:21:58.007 ?? [main] org.apache.jasper.servlet.TldScanner.scanJars At least one JAR was scanned for TLDs yet contained no TLDs. Enable debug logging for this logger for a complete list of JARs that were scanned but no TLDs were found in them. Skipping unneeded JARs during scanning can improve startup time and JSP compilation time.
05-Mar-2020 18:21:58.022 ?? [main] org.apache.catalina.startup.HostConfig.deployDirectory Deployment of web application directory [E:\SGTravel\tomcat\webapps\web] has finished in [369] ms
05-Mar-2020 18:21:58.024 ?? [main] org.apache.coyote.AbstractProtocol.start Starting ProtocolHandler ["http-nio-9995"]
05-Mar-2020 18:21:58.034 ?? [main] org.apache.coyote.AbstractProtocol.start Starting ProtocolHandler ["ajp-nio-8009"]
05-Mar-2020 18:21:58.038 ?? [main] org.apache.catalina.startup.Catalina.start Server startup in 4200 ms
05-Mar-2020 19:09:04.081 ?? [main] org.apache.catalina.startup.VersionLoggerListener.log Server version:        Apache Tomcat/9.0.4
05-Mar-2020 19:09:04.088 ?? [main] org.apache.catalina.startup.VersionLoggerListener.log Server built:          Jan 18 2018 19:42:17 UTC
05-Mar-2020 19:09:04.089 ?? [main] org.apache.catalina.startup.VersionLoggerListener.log Server number:         9.0.4.0
05-Mar-2020 19:09:04.089 ?? [main] org.apache.catalina.startup.VersionLoggerListener.log OS Name:               Windows 10
05-Mar-2020 19:09:04.090 ?? [main] org.apache.catalina.startup.VersionLoggerListener.log OS Version:            10.0
05-Mar-2020 19:09:04.090 ?? [main] org.apache.catalina.startup.VersionLoggerListener.log Architecture:          amd64
05-Mar-2020 19:09:04.090 ?? [main] org.apache.catalina.startup.VersionLoggerListener.log Java Home:             C:\Program Files\Java\jdk-11.0.6
05-Mar-2020 19:09:04.090 ?? [main] org.apache.catalina.startup.VersionLoggerListener.log JVM Version:           11.0.6+8-LTS
05-Mar-2020 19:09:04.091 ?? [main] org.apache.catalina.startup.VersionLoggerListener.log JVM Vendor:            Oracle Corporation
05-Mar-2020 19:09:04.091 ?? [main] org.apache.catalina.startup.VersionLoggerListener.log CATALINA_BASE:         E:\SGTravel\tomcat
05-Mar-2020 19:09:04.091 ?? [main] org.apache.catalina.startup.VersionLoggerListener.log CATALINA_HOME:         E:\SGTravel\tomcat
05-Mar-2020 19:09:04.092 ?? [main] org.apache.catalina.startup.VersionLoggerListener.log Command line argument: --add-opens=java.base/java.lang=ALL-UNNAMED
05-Mar-2020 19:09:04.092 ?? [main] org.apache.catalina.startup.VersionLoggerListener.log Command line argument: --add-opens=java.rmi/sun.rmi.transport=ALL-UNNAMED
05-Mar-2020 19:09:04.092 ?? [main] org.apache.catalina.startup.VersionLoggerListener.log Command line argument: -Djava.util.logging.config.file=E:\SGTravel\tomcat\conf\logging.properties
05-Mar-2020 19:09:04.093 ?? [main] org.apache.catalina.startup.VersionLoggerListener.log Command line argument: -Djava.util.logging.manager=org.apache.juli.ClassLoaderLogManager
05-Mar-2020 19:09:04.093 ?? [main] org.apache.catalina.startup.VersionLoggerListener.log Command line argument: -Djdk.tls.ephemeralDHKeySize=2048
05-Mar-2020 19:09:04.093 ?? [main] org.apache.catalina.startup.VersionLoggerListener.log Command line argument: -Djava.protocol.handler.pkgs=org.apache.catalina.webresources
05-Mar-2020 19:09:04.094 ?? [main] org.apache.catalina.startup.VersionLoggerListener.log Command line argument: -Dignore.endorsed.dirs=
05-Mar-2020 19:09:04.095 ?? [main] org.apache.catalina.startup.VersionLoggerListener.log Command line argument: -Dcatalina.base=E:\SGTravel\tomcat
05-Mar-2020 19:09:04.096 ?? [main] org.apache.catalina.startup.VersionLoggerListener.log Command line argument: -Dcatalina.home=E:\SGTravel\tomcat
05-Mar-2020 19:09:04.097 ?? [main] org.apache.catalina.startup.VersionLoggerListener.log Command line argument: -Djava.io.tmpdir=E:\SGTravel\tomcat\temp
05-Mar-2020 19:09:04.098 ?? [main] org.apache.catalina.core.AprLifecycleListener.lifecycleEvent The APR based Apache Tomcat Native library which allows optimal performance in production environments was not found on the java.library.path: [C:\Program Files\Java\jdk-11.0.6\bin;C:\WINDOWS\Sun\Java\bin;C:\WINDOWS\system32;C:\WINDOWS;C:\Python27\;C:\Python27\Scripts;C:\Program Files\AdoptOpenJDK\jdk-11.0.6.10-hotspot\bin;C:\Program Files (x86)\Common Files\Oracle\Java\javapath;C:\Program Files (x86)\Common Files\Intel\Shared Libraries\redist\intel64\compiler;C:\Program Files (x86)\Intel\Intel(R) Management Engine Components\iCLS\;C:\Program Files\Intel\Intel(R) Management Engine Components\iCLS\;C:\WINDOWS\system32;C:\WINDOWS;C:\WINDOWS\System32\Wbem;C:\WINDOWS\System32\WindowsPowerShell\v1.0\;C:\WINDOWS\System32\OpenSSH\;C:\Program Files (x86)\Intel\Intel(R) Management Engine Components\DAL;C:\Program Files\Intel\Intel(R) Management Engine Components\DAL;c:\Program Files (x86)\HP\HP Performance Advisor;C:\Program Files\MATLAB\R2018a\runtime\win64;C:\Program Files\MATLAB\R2018a\bin;C:\Program Files\Git\cmd;C:\Program Files\Microsoft SQL Server\130\Tools\Binn\;C:\Program Files\dotnet\;C:\Users\User\Documents\LiangyuFiles\IM2073\WebProject\apache-maven-3.6.3\bin;C:\Program Files\nodejs\;C:\ProgramData\chocolatey\bin;C:\Users\User\Anaconda4;C:\Users\User\Anaconda4\Library\mingw-w64\bin;C:\Users\User\Anaconda4\Library\usr\bin;C:\Users\User\Anaconda4\Library\bin;C:\Users\User\Anaconda4\Scripts;C:\Users\User\Anaconda3;C:\Users\User\Anaconda3\Library\mingw-w64\bin;C:\Users\User\Anaconda3\Library\usr\bin;C:\Users\User\Anaconda3\Library\bin;C:\Users\User\Anaconda3\Scripts;C:\Users\User\AppData\Local\Microsoft\WindowsApps;C:\Users\User\AppData\Local\Programs\Microsoft VS Code\bin;C:\Program Files\JetBrains\PyCharm 2019.2.3\bin;C:\Program Files\JetBrains\IntelliJ IDEA 2019.3.3\bin;C:\Users\User\AppData\Roaming\npm;.]
05-Mar-2020 19:09:04.165 ?? [main] org.apache.coyote.AbstractProtocol.init Initializing ProtocolHandler ["http-nio-9995"]
05-Mar-2020 19:09:04.572 ?? [main] org.apache.tomcat.util.net.NioSelectorPool.getSharedSelector Using a shared selector for servlet write/read
05-Mar-2020 19:09:04.577 ?? [main] org.apache.coyote.AbstractProtocol.init Initializing ProtocolHandler ["ajp-nio-8009"]
05-Mar-2020 19:09:04.580 ?? [main] org.apache.tomcat.util.net.NioSelectorPool.getSharedSelector Using a shared selector for servlet write/read
05-Mar-2020 19:09:04.580 ?? [main] org.apache.catalina.startup.Catalina.load Initialization processed in 848 ms
05-Mar-2020 19:09:04.638 ?? [main] org.apache.catalina.core.StandardService.startInternal Starting service [Catalina]
05-Mar-2020 19:09:04.638 ?? [main] org.apache.catalina.core.StandardEngine.startInternal Starting Servlet Engine: Apache Tomcat/9.0.4
05-Mar-2020 19:09:04.649 ?? [main] org.apache.catalina.startup.HostConfig.deployDirectory Deploying web application directory [E:\SGTravel\tomcat\webapps\docs]
05-Mar-2020 19:09:05.248 ?? [main] org.apache.jasper.servlet.TldScanner.scanJars At least one JAR was scanned for TLDs yet contained no TLDs. Enable debug logging for this logger for a complete list of JARs that were scanned but no TLDs were found in them. Skipping unneeded JARs during scanning can improve startup time and JSP compilation time.
05-Mar-2020 19:09:05.634 ?? [main] org.apache.catalina.util.SessionIdGeneratorBase.createSecureRandom Creation of SecureRandom instance for session ID generation using [SHA1PRNG] took [367] milliseconds.
05-Mar-2020 19:09:05.662 ?? [main] org.apache.catalina.startup.HostConfig.deployDirectory Deployment of web application directory [E:\SGTravel\tomcat\webapps\docs] has finished in [1,013] ms
05-Mar-2020 19:09:05.663 ?? [main] org.apache.catalina.startup.HostConfig.deployDirectory Deploying web application directory [E:\SGTravel\tomcat\webapps\examples]
05-Mar-2020 19:09:06.505 ?? [main] org.apache.jasper.servlet.TldScanner.scanJars At least one JAR was scanned for TLDs yet contained no TLDs. Enable debug logging for this logger for a complete list of JARs that were scanned but no TLDs were found in them. Skipping unneeded JARs during scanning can improve startup time and JSP compilation time.
05-Mar-2020 19:09:06.556 ?? [main] org.apache.catalina.startup.HostConfig.deployDirectory Deployment of web application directory [E:\SGTravel\tomcat\webapps\examples] has finished in [893] ms
05-Mar-2020 19:09:06.556 ?? [main] org.apache.catalina.startup.HostConfig.deployDirectory Deploying web application directory [E:\SGTravel\tomcat\webapps\host-manager]
05-Mar-2020 19:09:06.938 ?? [main] org.apache.jasper.servlet.TldScanner.scanJars At least one JAR was scanned for TLDs yet contained no TLDs. Enable debug logging for this logger for a complete list of JARs that were scanned but no TLDs were found in them. Skipping unneeded JARs during scanning can improve startup time and JSP compilation time.
05-Mar-2020 19:09:06.947 ?? [main] org.apache.catalina.startup.HostConfig.deployDirectory Deployment of web application directory [E:\SGTravel\tomcat\webapps\host-manager] has finished in [391] ms
05-Mar-2020 19:09:06.948 ?? [main] org.apache.catalina.startup.HostConfig.deployDirectory Deploying web application directory [E:\SGTravel\tomcat\webapps\manager]
05-Mar-2020 19:09:07.322 ?? [main] org.apache.jasper.servlet.TldScanner.scanJars At least one JAR was scanned for TLDs yet contained no TLDs. Enable debug logging for this logger for a complete list of JARs that were scanned but no TLDs were found in them. Skipping unneeded JARs during scanning can improve startup time and JSP compilation time.
05-Mar-2020 19:09:07.329 ?? [main] org.apache.catalina.startup.HostConfig.deployDirectory Deployment of web application directory [E:\SGTravel\tomcat\webapps\manager] has finished in [380] ms
05-Mar-2020 19:09:07.329 ?? [main] org.apache.catalina.startup.HostConfig.deployDirectory Deploying web application directory [E:\SGTravel\tomcat\webapps\ROOT]
05-Mar-2020 19:09:07.734 ?? [main] org.apache.jasper.servlet.TldScanner.scanJars At least one JAR was scanned for TLDs yet contained no TLDs. Enable debug logging for this logger for a complete list of JARs that were scanned but no TLDs were found in them. Skipping unneeded JARs during scanning can improve startup time and JSP compilation time.
05-Mar-2020 19:09:07.740 ?? [main] org.apache.catalina.startup.HostConfig.deployDirectory Deployment of web application directory [E:\SGTravel\tomcat\webapps\ROOT] has finished in [411] ms
05-Mar-2020 19:09:07.741 ?? [main] org.apache.catalina.startup.HostConfig.deployDirectory Deploying web application directory [E:\SGTravel\tomcat\webapps\SGTravel]
05-Mar-2020 19:09:08.179 ?? [main] org.apache.jasper.servlet.TldScanner.scanJars At least one JAR was scanned for TLDs yet contained no TLDs. Enable debug logging for this logger for a complete list of JARs that were scanned but no TLDs were found in them. Skipping unneeded JARs during scanning can improve startup time and JSP compilation time.
05-Mar-2020 19:09:08.186 ?? [main] org.apache.catalina.startup.HostConfig.deployDirectory Deployment of web application directory [E:\SGTravel\tomcat\webapps\SGTravel] has finished in [445] ms
05-Mar-2020 19:09:08.186 ?? [main] org.apache.catalina.startup.HostConfig.deployDirectory Deploying web application directory [E:\SGTravel\tomcat\webapps\web]
05-Mar-2020 19:09:08.536 ?? [main] org.apache.jasper.servlet.TldScanner.scanJars At least one JAR was scanned for TLDs yet contained no TLDs. Enable debug logging for this logger for a complete list of JARs that were scanned but no TLDs were found in them. Skipping unneeded JARs during scanning can improve startup time and JSP compilation time.
05-Mar-2020 19:09:08.552 ?? [main] org.apache.catalina.startup.HostConfig.deployDirectory Deployment of web application directory [E:\SGTravel\tomcat\webapps\web] has finished in [366] ms
05-Mar-2020 19:09:08.555 ?? [main] org.apache.coyote.AbstractProtocol.start Starting ProtocolHandler ["http-nio-9995"]
05-Mar-2020 19:09:08.563 ?? [main] org.apache.coyote.AbstractProtocol.start Starting ProtocolHandler ["ajp-nio-8009"]
05-Mar-2020 19:09:08.568 ?? [main] org.apache.catalina.startup.Catalina.start Server startup in 3987 ms
05-Mar-2020 19:45:12.920 ?? [main] org.apache.catalina.startup.VersionLoggerListener.log Server version:        Apache Tomcat/9.0.4
05-Mar-2020 19:52:19.888 ?? [main] org.apache.catalina.startup.VersionLoggerListener.log Server version:        Apache Tomcat/9.0.4
05-Mar-2020 19:52:19.893 ?? [main] org.apache.catalina.startup.VersionLoggerListener.log Server built:          Jan 18 2018 19:42:17 UTC
05-Mar-2020 19:52:19.894 ?? [main] org.apache.catalina.startup.VersionLoggerListener.log Server number:         9.0.4.0
05-Mar-2020 19:52:19.894 ?? [main] org.apache.catalina.startup.VersionLoggerListener.log OS Name:               Windows 10
05-Mar-2020 19:52:19.894 ?? [main] org.apache.catalina.startup.VersionLoggerListener.log OS Version:            10.0
05-Mar-2020 19:52:19.894 ?? [main] org.apache.catalina.startup.VersionLoggerListener.log Architecture:          amd64
05-Mar-2020 19:52:19.894 ?? [main] org.apache.catalina.startup.VersionLoggerListener.log Java Home:             C:\Program Files\Java\jdk-11.0.6
05-Mar-2020 19:52:19.894 ?? [main] org.apache.catalina.startup.VersionLoggerListener.log JVM Version:           11.0.6+8-LTS
05-Mar-2020 19:52:19.895 ?? [main] org.apache.catalina.startup.VersionLoggerListener.log JVM Vendor:            Oracle Corporation
05-Mar-2020 19:52:19.895 ?? [main] org.apache.catalina.startup.VersionLoggerListener.log CATALINA_BASE:         E:\SGTravel\tomcat
05-Mar-2020 19:52:19.895 ?? [main] org.apache.catalina.startup.VersionLoggerListener.log CATALINA_HOME:         E:\SGTravel\tomcat
05-Mar-2020 19:52:19.895 ?? [main] org.apache.catalina.startup.VersionLoggerListener.log Command line argument: --add-opens=java.base/java.lang=ALL-UNNAMED
05-Mar-2020 19:52:19.896 ?? [main] org.apache.catalina.startup.VersionLoggerListener.log Command line argument: --add-opens=java.rmi/sun.rmi.transport=ALL-UNNAMED
05-Mar-2020 19:52:19.896 ?? [main] org.apache.catalina.startup.VersionLoggerListener.log Command line argument: -Djava.util.logging.config.file=E:\SGTravel\tomcat\conf\logging.properties
05-Mar-2020 19:52:19.896 ?? [main] org.apache.catalina.startup.VersionLoggerListener.log Command line argument: -Djava.util.logging.manager=org.apache.juli.ClassLoaderLogManager
05-Mar-2020 19:52:19.896 ?? [main] org.apache.catalina.startup.VersionLoggerListener.log Command line argument: -Djdk.tls.ephemeralDHKeySize=2048
05-Mar-2020 19:52:19.896 ?? [main] org.apache.catalina.startup.VersionLoggerListener.log Command line argument: -Djava.protocol.handler.pkgs=org.apache.catalina.webresources
05-Mar-2020 19:52:19.897 ?? [main] org.apache.catalina.startup.VersionLoggerListener.log Command line argument: -Dignore.endorsed.dirs=
05-Mar-2020 19:52:19.897 ?? [main] org.apache.catalina.startup.VersionLoggerListener.log Command line argument: -Dcatalina.base=E:\SGTravel\tomcat
05-Mar-2020 19:52:19.898 ?? [main] org.apache.catalina.startup.VersionLoggerListener.log Command line argument: -Dcatalina.home=E:\SGTravel\tomcat
05-Mar-2020 19:52:19.898 ?? [main] org.apache.catalina.startup.VersionLoggerListener.log Command line argument: -Djava.io.tmpdir=E:\SGTravel\tomcat\temp
05-Mar-2020 19:52:19.898 ?? [main] org.apache.catalina.core.AprLifecycleListener.lifecycleEvent The APR based Apache Tomcat Native library which allows optimal performance in production environments was not found on the java.library.path: [C:\Program Files\Java\jdk-11.0.6\bin;C:\WINDOWS\Sun\Java\bin;C:\WINDOWS\system32;C:\WINDOWS;C:\Python27\;C:\Python27\Scripts;C:\Program Files\AdoptOpenJDK\jdk-11.0.6.10-hotspot\bin;C:\Program Files (x86)\Common Files\Oracle\Java\javapath;C:\Program Files (x86)\Common Files\Intel\Shared Libraries\redist\intel64\compiler;C:\Program Files (x86)\Intel\Intel(R) Management Engine Components\iCLS\;C:\Program Files\Intel\Intel(R) Management Engine Components\iCLS\;C:\WINDOWS\system32;C:\WINDOWS;C:\WINDOWS\System32\Wbem;C:\WINDOWS\System32\WindowsPowerShell\v1.0\;C:\WINDOWS\System32\OpenSSH\;C:\Program Files (x86)\Intel\Intel(R) Management Engine Components\DAL;C:\Program Files\Intel\Intel(R) Management Engine Components\DAL;c:\Program Files (x86)\HP\HP Performance Advisor;C:\Program Files\MATLAB\R2018a\runtime\win64;C:\Program Files\MATLAB\R2018a\bin;C:\Program Files\Git\cmd;C:\Program Files\Microsoft SQL Server\130\Tools\Binn\;C:\Program Files\dotnet\;C:\Users\User\Documents\LiangyuFiles\IM2073\WebProject\apache-maven-3.6.3\bin;C:\Program Files\nodejs\;C:\ProgramData\chocolatey\bin;C:\Users\User\Anaconda4;C:\Users\User\Anaconda4\Library\mingw-w64\bin;C:\Users\User\Anaconda4\Library\usr\bin;C:\Users\User\Anaconda4\Library\bin;C:\Users\User\Anaconda4\Scripts;C:\Users\User\Anaconda3;C:\Users\User\Anaconda3\Library\mingw-w64\bin;C:\Users\User\Anaconda3\Library\usr\bin;C:\Users\User\Anaconda3\Library\bin;C:\Users\User\Anaconda3\Scripts;C:\Users\User\AppData\Local\Microsoft\WindowsApps;C:\Users\User\AppData\Local\Programs\Microsoft VS Code\bin;C:\Program Files\JetBrains\PyCharm 2019.2.3\bin;C:\Program Files\JetBrains\IntelliJ IDEA 2019.3.3\bin;C:\Users\User\AppData\Roaming\npm;.]
05-Mar-2020 19:52:19.942 ?? [main] org.apache.coyote.AbstractProtocol.init Initializing ProtocolHandler ["http-nio-9995"]
05-Mar-2020 19:52:20.413 ?? [main] org.apache.tomcat.util.net.NioSelectorPool.getSharedSelector Using a shared selector for servlet write/read
05-Mar-2020 19:52:20.418 ?? [main] org.apache.coyote.AbstractProtocol.init Initializing ProtocolHandler ["ajp-nio-8009"]
05-Mar-2020 19:52:20.419 ?? [main] org.apache.tomcat.util.net.NioSelectorPool.getSharedSelector Using a shared selector for servlet write/read
05-Mar-2020 19:52:20.419 ?? [main] org.apache.catalina.startup.Catalina.load Initialization processed in 885 ms
05-Mar-2020 19:52:20.466 ?? [main] org.apache.catalina.core.StandardService.startInternal Starting service [Catalina]
05-Mar-2020 19:52:20.466 ?? [main] org.apache.catalina.core.StandardEngine.startInternal Starting Servlet Engine: Apache Tomcat/9.0.4
05-Mar-2020 19:52:20.477 ?? [main] org.apache.catalina.startup.HostConfig.deployDirectory Deploying web application directory [E:\SGTravel\tomcat\webapps\docs]
05-Mar-2020 19:52:21.149 ?? [main] org.apache.jasper.servlet.TldScanner.scanJars At least one JAR was scanned for TLDs yet contained no TLDs. Enable debug logging for this logger for a complete list of JARs that were scanned but no TLDs were found in them. Skipping unneeded JARs during scanning can improve startup time and JSP compilation time.
05-Mar-2020 19:52:21.618 ?? [main] org.apache.catalina.util.SessionIdGeneratorBase.createSecureRandom Creation of SecureRandom instance for session ID generation using [SHA1PRNG] took [450] milliseconds.
05-Mar-2020 19:52:21.643 ?? [main] org.apache.catalina.startup.HostConfig.deployDirectory Deployment of web application directory [E:\SGTravel\tomcat\webapps\docs] has finished in [1,166] ms
05-Mar-2020 19:52:21.643 ?? [main] org.apache.catalina.startup.HostConfig.deployDirectory Deploying web application directory [E:\SGTravel\tomcat\webapps\examples]
05-Mar-2020 19:52:22.504 ?? [main] org.apache.jasper.servlet.TldScanner.scanJars At least one JAR was scanned for TLDs yet contained no TLDs. Enable debug logging for this logger for a complete list of JARs that were scanned but no TLDs were found in them. Skipping unneeded JARs during scanning can improve startup time and JSP compilation time.
05-Mar-2020 19:52:22.558 ?? [main] org.apache.catalina.startup.HostConfig.deployDirectory Deployment of web application directory [E:\SGTravel\tomcat\webapps\examples] has finished in [914] ms
05-Mar-2020 19:52:22.558 ?? [main] org.apache.catalina.startup.HostConfig.deployDirectory Deploying web application directory [E:\SGTravel\tomcat\webapps\host-manager]
05-Mar-2020 19:52:22.932 ?? [main] org.apache.jasper.servlet.TldScanner.scanJars At least one JAR was scanned for TLDs yet contained no TLDs. Enable debug logging for this logger for a complete list of JARs that were scanned but no TLDs were found in them. Skipping unneeded JARs during scanning can improve startup time and JSP compilation time.
05-Mar-2020 19:52:22.944 ?? [main] org.apache.catalina.startup.HostConfig.deployDirectory Deployment of web application directory [E:\SGTravel\tomcat\webapps\host-manager] has finished in [386] ms
05-Mar-2020 19:52:22.944 ?? [main] org.apache.catalina.startup.HostConfig.deployDirectory Deploying web application directory [E:\SGTravel\tomcat\webapps\manager]
05-Mar-2020 19:52:23.344 ?? [main] org.apache.jasper.servlet.TldScanner.scanJars At least one JAR was scanned for TLDs yet contained no TLDs. Enable debug logging for this logger for a complete list of JARs that were scanned but no TLDs were found in them. Skipping unneeded JARs during scanning can improve startup time and JSP compilation time.
05-Mar-2020 19:52:23.350 ?? [main] org.apache.catalina.startup.HostConfig.deployDirectory Deployment of web application directory [E:\SGTravel\tomcat\webapps\manager] has finished in [406] ms
05-Mar-2020 19:52:23.351 ?? [main] org.apache.catalina.startup.HostConfig.deployDirectory Deploying web application directory [E:\SGTravel\tomcat\webapps\ROOT]
05-Mar-2020 19:52:23.769 ?? [main] org.apache.jasper.servlet.TldScanner.scanJars At least one JAR was scanned for TLDs yet contained no TLDs. Enable debug logging for this logger for a complete list of JARs that were scanned but no TLDs were found in them. Skipping unneeded JARs during scanning can improve startup time and JSP compilation time.
05-Mar-2020 19:52:23.776 ?? [main] org.apache.catalina.startup.HostConfig.deployDirectory Deployment of web application directory [E:\SGTravel\tomcat\webapps\ROOT] has finished in [424] ms
05-Mar-2020 19:52:23.776 ?? [main] org.apache.catalina.startup.HostConfig.deployDirectory Deploying web application directory [E:\SGTravel\tomcat\webapps\SGTravel]
05-Mar-2020 19:52:24.215 ?? [main] org.apache.jasper.servlet.TldScanner.scanJars At least one JAR was scanned for TLDs yet contained no TLDs. Enable debug logging for this logger for a complete list of JARs that were scanned but no TLDs were found in them. Skipping unneeded JARs during scanning can improve startup time and JSP compilation time.
05-Mar-2020 19:52:24.225 ?? [main] org.apache.catalina.startup.HostConfig.deployDirectory Deployment of web application directory [E:\SGTravel\tomcat\webapps\SGTravel] has finished in [449] ms
05-Mar-2020 19:52:24.226 ?? [main] org.apache.catalina.startup.HostConfig.deployDirectory Deploying web application directory [E:\SGTravel\tomcat\webapps\web]
05-Mar-2020 19:52:24.577 ?? [main] org.apache.jasper.servlet.TldScanner.scanJars At least one JAR was scanned for TLDs yet contained no TLDs. Enable debug logging for this logger for a complete list of JARs that were scanned but no TLDs were found in them. Skipping unneeded JARs during scanning can improve startup time and JSP compilation time.
05-Mar-2020 19:52:24.591 ?? [main] org.apache.catalina.startup.HostConfig.deployDirectory Deployment of web application directory [E:\SGTravel\tomcat\webapps\web] has finished in [364] ms
05-Mar-2020 19:52:24.593 ?? [main] org.apache.coyote.AbstractProtocol.start Starting ProtocolHandler ["http-nio-9995"]
05-Mar-2020 19:52:24.603 ?? [main] org.apache.coyote.AbstractProtocol.start Starting ProtocolHandler ["ajp-nio-8009"]
05-Mar-2020 19:52:24.614 ?? [main] org.apache.catalina.startup.Catalina.start Server startup in 4193 ms
05-Mar-2020 20:45:45.533 ?? [ContainerBackgroundProcessor[StandardEngine[Catalina]]] org.apache.catalina.core.StandardContext.reload Reloading Context with name [/SGTravel] has started
05-Mar-2020 20:45:46.163 ?? [ContainerBackgroundProcessor[StandardEngine[Catalina]]] org.apache.jasper.servlet.TldScanner.scanJars At least one JAR was scanned for TLDs yet contained no TLDs. Enable debug logging for this logger for a complete list of JARs that were scanned but no TLDs were found in them. Skipping unneeded JARs during scanning can improve startup time and JSP compilation time.
05-Mar-2020 20:45:46.169 ?? [ContainerBackgroundProcessor[StandardEngine[Catalina]]] org.apache.catalina.core.StandardContext.reload Reloading Context with name [/SGTravel] is completed
05-Mar-2020 20:45:56.200 ?? [ContainerBackgroundProcessor[StandardEngine[Catalina]]] org.apache.catalina.startup.HostConfig.reload Reloading context [/SGTravel]
05-Mar-2020 20:45:56.201 ?? [ContainerBackgroundProcessor[StandardEngine[Catalina]]] org.apache.catalina.core.StandardContext.reload Reloading Context with name [/SGTravel] has started
05-Mar-2020 20:45:56.713 ?? [ContainerBackgroundProcessor[StandardEngine[Catalina]]] org.apache.jasper.servlet.TldScanner.scanJars At least one JAR was scanned for TLDs yet contained no TLDs. Enable debug logging for this logger for a complete list of JARs that were scanned but no TLDs were found in them. Skipping unneeded JARs during scanning can improve startup time and JSP compilation time.
05-Mar-2020 20:45:56.716 ?? [ContainerBackgroundProcessor[StandardEngine[Catalina]]] org.apache.catalina.core.StandardContext.reload Reloading Context with name [/SGTravel] is completed
05-Mar-2020 20:46:37.241 ?? [main] org.apache.catalina.startup.VersionLoggerListener.log Server version:        Apache Tomcat/9.0.4
05-Mar-2020 20:46:37.246 ?? [main] org.apache.catalina.startup.VersionLoggerListener.log Server built:          Jan 18 2018 19:42:17 UTC
05-Mar-2020 20:46:37.247 ?? [main] org.apache.catalina.startup.VersionLoggerListener.log Server number:         9.0.4.0
05-Mar-2020 20:46:37.247 ?? [main] org.apache.catalina.startup.VersionLoggerListener.log OS Name:               Windows 10
05-Mar-2020 20:46:37.247 ?? [main] org.apache.catalina.startup.VersionLoggerListener.log OS Version:            10.0
05-Mar-2020 20:46:37.247 ?? [main] org.apache.catalina.startup.VersionLoggerListener.log Architecture:          amd64
05-Mar-2020 20:46:37.247 ?? [main] org.apache.catalina.startup.VersionLoggerListener.log Java Home:             C:\Program Files\Java\jdk-11.0.6
05-Mar-2020 20:46:37.247 ?? [main] org.apache.catalina.startup.VersionLoggerListener.log JVM Version:           11.0.6+8-LTS
05-Mar-2020 20:46:37.248 ?? [main] org.apache.catalina.startup.VersionLoggerListener.log JVM Vendor:            Oracle Corporation
05-Mar-2020 20:46:37.248 ?? [main] org.apache.catalina.startup.VersionLoggerListener.log CATALINA_BASE:         E:\SGTravel\tomcat
05-Mar-2020 20:46:37.248 ?? [main] org.apache.catalina.startup.VersionLoggerListener.log CATALINA_HOME:         E:\SGTravel\tomcat
05-Mar-2020 20:46:37.249 ?? [main] org.apache.catalina.startup.VersionLoggerListener.log Command line argument: --add-opens=java.base/java.lang=ALL-UNNAMED
05-Mar-2020 20:46:37.249 ?? [main] org.apache.catalina.startup.VersionLoggerListener.log Command line argument: --add-opens=java.rmi/sun.rmi.transport=ALL-UNNAMED
05-Mar-2020 20:46:37.249 ?? [main] org.apache.catalina.startup.VersionLoggerListener.log Command line argument: -Djava.util.logging.config.file=E:\SGTravel\tomcat\conf\logging.properties
05-Mar-2020 20:46:37.249 ?? [main] org.apache.catalina.startup.VersionLoggerListener.log Command line argument: -Djava.util.logging.manager=org.apache.juli.ClassLoaderLogManager
05-Mar-2020 20:46:37.250 ?? [main] org.apache.catalina.startup.VersionLoggerListener.log Command line argument: -Djdk.tls.ephemeralDHKeySize=2048
05-Mar-2020 20:46:37.250 ?? [main] org.apache.catalina.startup.VersionLoggerListener.log Command line argument: -Djava.protocol.handler.pkgs=org.apache.catalina.webresources
05-Mar-2020 20:46:37.250 ?? [main] org.apache.catalina.startup.VersionLoggerListener.log Command line argument: -Dignore.endorsed.dirs=
05-Mar-2020 20:46:37.251 ?? [main] org.apache.catalina.startup.VersionLoggerListener.log Command line argument: -Dcatalina.base=E:\SGTravel\tomcat
05-Mar-2020 20:46:37.251 ?? [main] org.apache.catalina.startup.VersionLoggerListener.log Command line argument: -Dcatalina.home=E:\SGTravel\tomcat
05-Mar-2020 20:46:37.252 ?? [main] org.apache.catalina.startup.VersionLoggerListener.log Command line argument: -Djava.io.tmpdir=E:\SGTravel\tomcat\temp
05-Mar-2020 20:46:37.252 ?? [main] org.apache.catalina.core.AprLifecycleListener.lifecycleEvent The APR based Apache Tomcat Native library which allows optimal performance in production environments was not found on the java.library.path: [C:\Program Files\Java\jdk-11.0.6\bin;C:\WINDOWS\Sun\Java\bin;C:\WINDOWS\system32;C:\WINDOWS;C:\Python27\;C:\Python27\Scripts;C:\Program Files\AdoptOpenJDK\jdk-11.0.6.10-hotspot\bin;C:\Program Files (x86)\Common Files\Oracle\Java\javapath;C:\Program Files (x86)\Common Files\Intel\Shared Libraries\redist\intel64\compiler;C:\Program Files (x86)\Intel\Intel(R) Management Engine Components\iCLS\;C:\Program Files\Intel\Intel(R) Management Engine Components\iCLS\;C:\WINDOWS\system32;C:\WINDOWS;C:\WINDOWS\System32\Wbem;C:\WINDOWS\System32\WindowsPowerShell\v1.0\;C:\WINDOWS\System32\OpenSSH\;C:\Program Files (x86)\Intel\Intel(R) Management Engine Components\DAL;C:\Program Files\Intel\Intel(R) Management Engine Components\DAL;c:\Program Files (x86)\HP\HP Performance Advisor;C:\Program Files\MATLAB\R2018a\runtime\win64;C:\Program Files\MATLAB\R2018a\bin;C:\Program Files\Git\cmd;C:\Program Files\Microsoft SQL Server\130\Tools\Binn\;C:\Program Files\dotnet\;C:\Users\User\Documents\LiangyuFiles\IM2073\WebProject\apache-maven-3.6.3\bin;C:\Program Files\nodejs\;C:\ProgramData\chocolatey\bin;C:\Users\User\Anaconda4;C:\Users\User\Anaconda4\Library\mingw-w64\bin;C:\Users\User\Anaconda4\Library\usr\bin;C:\Users\User\Anaconda4\Library\bin;C:\Users\User\Anaconda4\Scripts;C:\Users\User\Anaconda3;C:\Users\User\Anaconda3\Library\mingw-w64\bin;C:\Users\User\Anaconda3\Library\usr\bin;C:\Users\User\Anaconda3\Library\bin;C:\Users\User\Anaconda3\Scripts;C:\Users\User\AppData\Local\Microsoft\WindowsApps;C:\Users\User\AppData\Local\Programs\Microsoft VS Code\bin;C:\Program Files\JetBrains\PyCharm 2019.2.3\bin;C:\Program Files\JetBrains\IntelliJ IDEA 2019.3.3\bin;C:\Users\User\AppData\Roaming\npm;.]
05-Mar-2020 20:46:37.297 ?? [main] org.apache.coyote.AbstractProtocol.init Initializing ProtocolHandler ["http-nio-9995"]
05-Mar-2020 20:47:40.582 ?? [main] org.apache.catalina.startup.VersionLoggerListener.log Server version:        Apache Tomcat/9.0.4
05-Mar-2020 20:47:40.586 ?? [main] org.apache.catalina.startup.VersionLoggerListener.log Server built:          Jan 18 2018 19:42:17 UTC
05-Mar-2020 20:47:40.587 ?? [main] org.apache.catalina.startup.VersionLoggerListener.log Server number:         9.0.4.0
05-Mar-2020 20:47:40.587 ?? [main] org.apache.catalina.startup.VersionLoggerListener.log OS Name:               Windows 10
05-Mar-2020 20:47:40.587 ?? [main] org.apache.catalina.startup.VersionLoggerListener.log OS Version:            10.0
05-Mar-2020 20:47:40.587 ?? [main] org.apache.catalina.startup.VersionLoggerListener.log Architecture:          amd64
05-Mar-2020 20:47:40.587 ?? [main] org.apache.catalina.startup.VersionLoggerListener.log Java Home:             C:\Program Files\Java\jdk-11.0.6
05-Mar-2020 20:47:40.587 ?? [main] org.apache.catalina.startup.VersionLoggerListener.log JVM Version:           11.0.6+8-LTS
05-Mar-2020 20:47:40.588 ?? [main] org.apache.catalina.startup.VersionLoggerListener.log JVM Vendor:            Oracle Corporation
05-Mar-2020 20:47:40.588 ?? [main] org.apache.catalina.startup.VersionLoggerListener.log CATALINA_BASE:         E:\SGTravel\tomcat
05-Mar-2020 20:47:40.588 ?? [main] org.apache.catalina.startup.VersionLoggerListener.log CATALINA_HOME:         E:\SGTravel\tomcat
05-Mar-2020 20:47:40.588 ?? [main] org.apache.catalina.startup.VersionLoggerListener.log Command line argument: --add-opens=java.base/java.lang=ALL-UNNAMED
05-Mar-2020 20:47:40.588 ?? [main] org.apache.catalina.startup.VersionLoggerListener.log Command line argument: --add-opens=java.rmi/sun.rmi.transport=ALL-UNNAMED
05-Mar-2020 20:47:40.589 ?? [main] org.apache.catalina.startup.VersionLoggerListener.log Command line argument: -Djava.util.logging.config.file=E:\SGTravel\tomcat\conf\logging.properties
05-Mar-2020 20:47:40.589 ?? [main] org.apache.catalina.startup.VersionLoggerListener.log Command line argument: -Djava.util.logging.manager=org.apache.juli.ClassLoaderLogManager
05-Mar-2020 20:47:40.589 ?? [main] org.apache.catalina.startup.VersionLoggerListener.log Command line argument: -Djdk.tls.ephemeralDHKeySize=2048
05-Mar-2020 20:47:40.589 ?? [main] org.apache.catalina.startup.VersionLoggerListener.log Command line argument: -Djava.protocol.handler.pkgs=org.apache.catalina.webresources
05-Mar-2020 20:47:40.590 ?? [main] org.apache.catalina.startup.VersionLoggerListener.log Command line argument: -Dignore.endorsed.dirs=
05-Mar-2020 20:47:40.590 ?? [main] org.apache.catalina.startup.VersionLoggerListener.log Command line argument: -Dcatalina.base=E:\SGTravel\tomcat
05-Mar-2020 20:47:40.591 ?? [main] org.apache.catalina.startup.VersionLoggerListener.log Command line argument: -Dcatalina.home=E:\SGTravel\tomcat
05-Mar-2020 20:47:40.591 ?? [main] org.apache.catalina.startup.VersionLoggerListener.log Command line argument: -Djava.io.tmpdir=E:\SGTravel\tomcat\temp
05-Mar-2020 20:47:40.591 ?? [main] org.apache.catalina.core.AprLifecycleListener.lifecycleEvent The APR based Apache Tomcat Native library which allows optimal performance in production environments was not found on the java.library.path: [C:\Program Files\Java\jdk-11.0.6\bin;C:\WINDOWS\Sun\Java\bin;C:\WINDOWS\system32;C:\WINDOWS;C:\Python27\;C:\Python27\Scripts;C:\Program Files\AdoptOpenJDK\jdk-11.0.6.10-hotspot\bin;C:\Program Files (x86)\Common Files\Oracle\Java\javapath;C:\Program Files (x86)\Common Files\Intel\Shared Libraries\redist\intel64\compiler;C:\Program Files (x86)\Intel\Intel(R) Management Engine Components\iCLS\;C:\Program Files\Intel\Intel(R) Management Engine Components\iCLS\;C:\WINDOWS\system32;C:\WINDOWS;C:\WINDOWS\System32\Wbem;C:\WINDOWS\System32\WindowsPowerShell\v1.0\;C:\WINDOWS\System32\OpenSSH\;C:\Program Files (x86)\Intel\Intel(R) Management Engine Components\DAL;C:\Program Files\Intel\Intel(R) Management Engine Components\DAL;c:\Program Files (x86)\HP\HP Performance Advisor;C:\Program Files\MATLAB\R2018a\runtime\win64;C:\Program Files\MATLAB\R2018a\bin;C:\Program Files\Git\cmd;C:\Program Files\Microsoft SQL Server\130\Tools\Binn\;C:\Program Files\dotnet\;C:\Users\User\Documents\LiangyuFiles\IM2073\WebProject\apache-maven-3.6.3\bin;C:\Program Files\nodejs\;C:\ProgramData\chocolatey\bin;C:\Users\User\Anaconda4;C:\Users\User\Anaconda4\Library\mingw-w64\bin;C:\Users\User\Anaconda4\Library\usr\bin;C:\Users\User\Anaconda4\Library\bin;C:\Users\User\Anaconda4\Scripts;C:\Users\User\Anaconda3;C:\Users\User\Anaconda3\Library\mingw-w64\bin;C:\Users\User\Anaconda3\Library\usr\bin;C:\Users\User\Anaconda3\Library\bin;C:\Users\User\Anaconda3\Scripts;C:\Users\User\AppData\Local\Microsoft\WindowsApps;C:\Users\User\AppData\Local\Programs\Microsoft VS Code\bin;C:\Program Files\JetBrains\PyCharm 2019.2.3\bin;C:\Program Files\JetBrains\IntelliJ IDEA 2019.3.3\bin;C:\Users\User\AppData\Roaming\npm;.]
05-Mar-2020 20:47:40.640 ?? [main] org.apache.coyote.AbstractProtocol.init Initializing ProtocolHandler ["http-nio-9995"]
05-Mar-2020 20:47:41.168 ?? [main] org.apache.tomcat.util.net.NioSelectorPool.getSharedSelector Using a shared selector for servlet write/read
05-Mar-2020 20:47:41.173 ?? [main] org.apache.coyote.AbstractProtocol.init Initializing ProtocolHandler ["ajp-nio-8009"]
05-Mar-2020 20:47:41.180 ?? [main] org.apache.tomcat.util.net.NioSelectorPool.getSharedSelector Using a shared selector for servlet write/read
05-Mar-2020 20:47:41.181 ?? [main] org.apache.catalina.startup.Catalina.load Initialization processed in 968 ms
05-Mar-2020 20:47:41.257 ?? [main] org.apache.catalina.core.StandardService.startInternal Starting service [Catalina]
05-Mar-2020 20:47:41.258 ?? [main] org.apache.catalina.core.StandardEngine.startInternal Starting Servlet Engine: Apache Tomcat/9.0.4
05-Mar-2020 20:47:41.269 ?? [main] org.apache.catalina.startup.HostConfig.deployDirectory Deploying web application directory [E:\SGTravel\tomcat\webapps\docs]
05-Mar-2020 20:47:41.925 ?? [main] org.apache.jasper.servlet.TldScanner.scanJars At least one JAR was scanned for TLDs yet contained no TLDs. Enable debug logging for this logger for a complete list of JARs that were scanned but no TLDs were found in them. Skipping unneeded JARs during scanning can improve startup time and JSP compilation time.
05-Mar-2020 20:47:42.316 ?? [main] org.apache.catalina.util.SessionIdGeneratorBase.createSecureRandom Creation of SecureRandom instance for session ID generation using [SHA1PRNG] took [371] milliseconds.
05-Mar-2020 20:47:42.337 ?? [main] org.apache.catalina.startup.HostConfig.deployDirectory Deployment of web application directory [E:\SGTravel\tomcat\webapps\docs] has finished in [1,068] ms
05-Mar-2020 20:47:42.337 ?? [main] org.apache.catalina.startup.HostConfig.deployDirectory Deploying web application directory [E:\SGTravel\tomcat\webapps\examples]
05-Mar-2020 20:47:43.160 ?? [main] org.apache.jasper.servlet.TldScanner.scanJars At least one JAR was scanned for TLDs yet contained no TLDs. Enable debug logging for this logger for a complete list of JARs that were scanned but no TLDs were found in them. Skipping unneeded JARs during scanning can improve startup time and JSP compilation time.
05-Mar-2020 20:47:43.221 ?? [main] org.apache.catalina.startup.HostConfig.deployDirectory Deployment of web application directory [E:\SGTravel\tomcat\webapps\examples] has finished in [884] ms
05-Mar-2020 20:47:43.221 ?? [main] org.apache.catalina.startup.HostConfig.deployDirectory Deploying web application directory [E:\SGTravel\tomcat\webapps\host-manager]
05-Mar-2020 20:47:43.697 ?? [main] org.apache.jasper.servlet.TldScanner.scanJars At least one JAR was scanned for TLDs yet contained no TLDs. Enable debug logging for this logger for a complete list of JARs that were scanned but no TLDs were found in them. Skipping unneeded JARs during scanning can improve startup time and JSP compilation time.
05-Mar-2020 20:47:43.706 ?? [main] org.apache.catalina.startup.HostConfig.deployDirectory Deployment of web application directory [E:\SGTravel\tomcat\webapps\host-manager] has finished in [485] ms
05-Mar-2020 20:47:43.707 ?? [main] org.apache.catalina.startup.HostConfig.deployDirectory Deploying web application directory [E:\SGTravel\tomcat\webapps\manager]
05-Mar-2020 20:47:44.100 ?? [main] org.apache.jasper.servlet.TldScanner.scanJars At least one JAR was scanned for TLDs yet contained no TLDs. Enable debug logging for this logger for a complete list of JARs that were scanned but no TLDs were found in them. Skipping unneeded JARs during scanning can improve startup time and JSP compilation time.
05-Mar-2020 20:47:44.106 ?? [main] org.apache.catalina.startup.HostConfig.deployDirectory Deployment of web application directory [E:\SGTravel\tomcat\webapps\manager] has finished in [399] ms
05-Mar-2020 20:47:44.106 ?? [main] org.apache.catalina.startup.HostConfig.deployDirectory Deploying web application directory [E:\SGTravel\tomcat\webapps\ROOT]
05-Mar-2020 20:47:44.488 ?? [main] org.apache.jasper.servlet.TldScanner.scanJars At least one JAR was scanned for TLDs yet contained no TLDs. Enable debug logging for this logger for a complete list of JARs that were scanned but no TLDs were found in them. Skipping unneeded JARs during scanning can improve startup time and JSP compilation time.
05-Mar-2020 20:47:44.494 ?? [main] org.apache.catalina.startup.HostConfig.deployDirectory Deployment of web application directory [E:\SGTravel\tomcat\webapps\ROOT] has finished in [388] ms
05-Mar-2020 20:47:44.494 ?? [main] org.apache.catalina.startup.HostConfig.deployDirectory Deploying web application directory [E:\SGTravel\tomcat\webapps\SGTravel]
05-Mar-2020 20:47:44.911 ?? [main] org.apache.jasper.servlet.TldScanner.scanJars At least one JAR was scanned for TLDs yet contained no TLDs. Enable debug logging for this logger for a complete list of JARs that were scanned but no TLDs were found in them. Skipping unneeded JARs during scanning can improve startup time and JSP compilation time.
05-Mar-2020 20:47:44.926 ?? [main] org.apache.catalina.startup.HostConfig.deployDirectory Deployment of web application directory [E:\SGTravel\tomcat\webapps\SGTravel] has finished in [432] ms
05-Mar-2020 20:47:44.927 ?? [main] org.apache.catalina.startup.HostConfig.deployDirectory Deploying web application directory [E:\SGTravel\tomcat\webapps\web]
05-Mar-2020 20:47:45.269 ?? [main] org.apache.jasper.servlet.TldScanner.scanJars At least one JAR was scanned for TLDs yet contained no TLDs. Enable debug logging for this logger for a complete list of JARs that were scanned but no TLDs were found in them. Skipping unneeded JARs during scanning can improve startup time and JSP compilation time.
05-Mar-2020 20:47:45.288 ?? [main] org.apache.catalina.startup.HostConfig.deployDirectory Deployment of web application directory [E:\SGTravel\tomcat\webapps\web] has finished in [362] ms
05-Mar-2020 20:47:45.291 ?? [main] org.apache.coyote.AbstractProtocol.start Starting ProtocolHandler ["http-nio-9995"]
05-Mar-2020 20:47:45.300 ?? [main] org.apache.coyote.AbstractProtocol.start Starting ProtocolHandler ["ajp-nio-8009"]
05-Mar-2020 20:47:45.304 ?? [main] org.apache.catalina.startup.Catalina.start Server startup in 4122 ms
05-Mar-2020 20:56:08.794 ?? [ContainerBackgroundProcessor[StandardEngine[Catalina]]] org.apache.catalina.startup.HostConfig.reload Reloading context [/SGTravel]
05-Mar-2020 20:56:08.796 ?? [ContainerBackgroundProcessor[StandardEngine[Catalina]]] org.apache.catalina.core.StandardContext.reload Reloading Context with name [/SGTravel] has started
05-Mar-2020 20:56:09.281 ?? [ContainerBackgroundProcessor[StandardEngine[Catalina]]] org.apache.jasper.servlet.TldScanner.scanJars At least one JAR was scanned for TLDs yet contained no TLDs. Enable debug logging for this logger for a complete list of JARs that were scanned but no TLDs were found in them. Skipping unneeded JARs during scanning can improve startup time and JSP compilation time.
05-Mar-2020 20:56:09.294 ?? [ContainerBackgroundProcessor[StandardEngine[Catalina]]] org.apache.catalina.core.StandardContext.reload Reloading Context with name [/SGTravel] is completed
