04-Mar-2020 14:53:21.395 ?? [main] org.apache.catalina.startup.VersionLoggerListener.log Server version:        Apache Tomcat/9.0.4
04-Mar-2020 14:53:21.400 ?? [main] org.apache.catalina.startup.VersionLoggerListener.log Server built:          Jan 18 2018 19:42:17 UTC
04-Mar-2020 14:53:21.401 ?? [main] org.apache.catalina.startup.VersionLoggerListener.log Server number:         9.0.4.0
04-Mar-2020 14:53:21.401 ?? [main] org.apache.catalina.startup.VersionLoggerListener.log OS Name:               Windows 10
04-Mar-2020 14:53:21.401 ?? [main] org.apache.catalina.startup.VersionLoggerListener.log OS Version:            10.0
04-Mar-2020 14:53:21.401 ?? [main] org.apache.catalina.startup.VersionLoggerListener.log Architecture:          amd64
04-Mar-2020 14:53:21.402 ?? [main] org.apache.catalina.startup.VersionLoggerListener.log Java Home:             C:\Program Files\Java\jdk-11.0.6
04-Mar-2020 14:53:21.402 ?? [main] org.apache.catalina.startup.VersionLoggerListener.log JVM Version:           11.0.6+8-LTS
04-Mar-2020 14:53:21.402 ?? [main] org.apache.catalina.startup.VersionLoggerListener.log JVM Vendor:            Oracle Corporation
04-Mar-2020 14:53:21.403 ?? [main] org.apache.catalina.startup.VersionLoggerListener.log CATALINA_BASE:         E:\SGTravel\tomcat
04-Mar-2020 14:53:21.403 ?? [main] org.apache.catalina.startup.VersionLoggerListener.log CATALINA_HOME:         E:\SGTravel\tomcat
04-Mar-2020 14:53:21.403 ?? [main] org.apache.catalina.startup.VersionLoggerListener.log Command line argument: --add-opens=java.base/java.lang=ALL-UNNAMED
04-Mar-2020 14:53:21.403 ?? [main] org.apache.catalina.startup.VersionLoggerListener.log Command line argument: --add-opens=java.rmi/sun.rmi.transport=ALL-UNNAMED
04-Mar-2020 14:53:21.403 ?? [main] org.apache.catalina.startup.VersionLoggerListener.log Command line argument: -Djava.util.logging.config.file=E:\SGTravel\tomcat\conf\logging.properties
04-Mar-2020 14:53:21.404 ?? [main] org.apache.catalina.startup.VersionLoggerListener.log Command line argument: -Djava.util.logging.manager=org.apache.juli.ClassLoaderLogManager
04-Mar-2020 14:53:21.404 ?? [main] org.apache.catalina.startup.VersionLoggerListener.log Command line argument: -Djdk.tls.ephemeralDHKeySize=2048
04-Mar-2020 14:53:21.404 ?? [main] org.apache.catalina.startup.VersionLoggerListener.log Command line argument: -Djava.protocol.handler.pkgs=org.apache.catalina.webresources
04-Mar-2020 14:53:21.405 ?? [main] org.apache.catalina.startup.VersionLoggerListener.log Command line argument: -Dignore.endorsed.dirs=
04-Mar-2020 14:53:21.405 ?? [main] org.apache.catalina.startup.VersionLoggerListener.log Command line argument: -Dcatalina.base=E:\SGTravel\tomcat
04-Mar-2020 14:53:21.406 ?? [main] org.apache.catalina.startup.VersionLoggerListener.log Command line argument: -Dcatalina.home=E:\SGTravel\tomcat
04-Mar-2020 14:53:21.406 ?? [main] org.apache.catalina.startup.VersionLoggerListener.log Command line argument: -Djava.io.tmpdir=E:\SGTravel\tomcat\temp
04-Mar-2020 14:53:21.406 ?? [main] org.apache.catalina.core.AprLifecycleListener.lifecycleEvent The APR based Apache Tomcat Native library which allows optimal performance in production environments was not found on the java.library.path: [C:\Program Files\Java\jdk-11.0.6\bin;C:\WINDOWS\Sun\Java\bin;C:\WINDOWS\system32;C:\WINDOWS;C:\Python27\;C:\Python27\Scripts;C:\Program Files\AdoptOpenJDK\jdk-11.0.6.10-hotspot\bin;C:\Program Files (x86)\Common Files\Oracle\Java\javapath;C:\Program Files (x86)\Common Files\Intel\Shared Libraries\redist\intel64\compiler;C:\Program Files (x86)\Intel\Intel(R) Management Engine Components\iCLS\;C:\Program Files\Intel\Intel(R) Management Engine Components\iCLS\;C:\WINDOWS\system32;C:\WINDOWS;C:\WINDOWS\System32\Wbem;C:\WINDOWS\System32\WindowsPowerShell\v1.0\;C:\WINDOWS\System32\OpenSSH\;C:\Program Files (x86)\Intel\Intel(R) Management Engine Components\DAL;C:\Program Files\Intel\Intel(R) Management Engine Components\DAL;c:\Program Files (x86)\HP\HP Performance Advisor;C:\Program Files\MATLAB\R2018a\runtime\win64;C:\Program Files\MATLAB\R2018a\bin;C:\Program Files\Git\cmd;C:\Program Files\Microsoft SQL Server\130\Tools\Binn\;C:\Program Files\dotnet\;C:\Users\User\Documents\LiangyuFiles\IM2073\WebProject\apache-maven-3.6.3\bin;C:\Program Files\nodejs\;C:\ProgramData\chocolatey\bin;C:\Users\User\Anaconda4;C:\Users\User\Anaconda4\Library\mingw-w64\bin;C:\Users\User\Anaconda4\Library\usr\bin;C:\Users\User\Anaconda4\Library\bin;C:\Users\User\Anaconda4\Scripts;C:\Users\User\Anaconda3;C:\Users\User\Anaconda3\Library\mingw-w64\bin;C:\Users\User\Anaconda3\Library\usr\bin;C:\Users\User\Anaconda3\Library\bin;C:\Users\User\Anaconda3\Scripts;C:\Users\User\AppData\Local\Microsoft\WindowsApps;C:\Users\User\AppData\Local\Programs\Microsoft VS Code\bin;C:\Program Files\JetBrains\PyCharm 2019.2.3\bin;C:\Program Files\JetBrains\IntelliJ IDEA 2019.3.3\bin;C:\Users\User\AppData\Roaming\npm;.]
04-Mar-2020 14:53:21.472 ?? [main] org.apache.coyote.AbstractProtocol.init Initializing ProtocolHandler ["http-nio-9995"]
04-Mar-2020 14:53:21.939 ?? [main] org.apache.tomcat.util.net.NioSelectorPool.getSharedSelector Using a shared selector for servlet write/read
04-Mar-2020 14:53:21.954 ?? [main] org.apache.coyote.AbstractProtocol.init Initializing ProtocolHandler ["ajp-nio-8009"]
04-Mar-2020 14:53:21.958 ?? [main] org.apache.tomcat.util.net.NioSelectorPool.getSharedSelector Using a shared selector for servlet write/read
04-Mar-2020 14:53:21.959 ?? [main] org.apache.catalina.startup.Catalina.load Initialization processed in 934 ms
04-Mar-2020 14:53:22.021 ?? [main] org.apache.catalina.core.StandardService.startInternal Starting service [Catalina]
04-Mar-2020 14:53:22.022 ?? [main] org.apache.catalina.core.StandardEngine.startInternal Starting Servlet Engine: Apache Tomcat/9.0.4
04-Mar-2020 14:53:22.039 ?? [main] org.apache.catalina.startup.HostConfig.deployDirectory Deploying web application directory [E:\SGTravel\tomcat\webapps\docs]
04-Mar-2020 14:53:22.536 ?? [main] org.apache.jasper.servlet.TldScanner.scanJars At least one JAR was scanned for TLDs yet contained no TLDs. Enable debug logging for this logger for a complete list of JARs that were scanned but no TLDs were found in them. Skipping unneeded JARs during scanning can improve startup time and JSP compilation time.
04-Mar-2020 14:53:22.933 ?? [main] org.apache.catalina.util.SessionIdGeneratorBase.createSecureRandom Creation of SecureRandom instance for session ID generation using [SHA1PRNG] took [377] milliseconds.
04-Mar-2020 14:53:22.974 ?? [main] org.apache.catalina.startup.HostConfig.deployDirectory Deployment of web application directory [E:\SGTravel\tomcat\webapps\docs] has finished in [935] ms
04-Mar-2020 14:53:22.975 ?? [main] org.apache.catalina.startup.HostConfig.deployDirectory Deploying web application directory [E:\SGTravel\tomcat\webapps\ebookshop]
04-Mar-2020 14:53:23.349 ?? [main] org.apache.jasper.servlet.TldScanner.scanJars At least one JAR was scanned for TLDs yet contained no TLDs. Enable debug logging for this logger for a complete list of JARs that were scanned but no TLDs were found in them. Skipping unneeded JARs during scanning can improve startup time and JSP compilation time.
04-Mar-2020 14:53:23.354 ?? [main] org.apache.catalina.startup.HostConfig.deployDirectory Deployment of web application directory [E:\SGTravel\tomcat\webapps\ebookshop] has finished in [379] ms
04-Mar-2020 14:53:23.354 ?? [main] org.apache.catalina.startup.HostConfig.deployDirectory Deploying web application directory [E:\SGTravel\tomcat\webapps\examples]
04-Mar-2020 14:53:24.016 ?? [main] org.apache.jasper.servlet.TldScanner.scanJars At least one JAR was scanned for TLDs yet contained no TLDs. Enable debug logging for this logger for a complete list of JARs that were scanned but no TLDs were found in them. Skipping unneeded JARs during scanning can improve startup time and JSP compilation time.
04-Mar-2020 14:53:24.070 ?? [main] org.apache.catalina.startup.HostConfig.deployDirectory Deployment of web application directory [E:\SGTravel\tomcat\webapps\examples] has finished in [716] ms
04-Mar-2020 14:53:24.070 ?? [main] org.apache.catalina.startup.HostConfig.deployDirectory Deploying web application directory [E:\SGTravel\tomcat\webapps\hello]
04-Mar-2020 14:53:24.330 ?? [main] org.apache.jasper.servlet.TldScanner.scanJars At least one JAR was scanned for TLDs yet contained no TLDs. Enable debug logging for this logger for a complete list of JARs that were scanned but no TLDs were found in them. Skipping unneeded JARs during scanning can improve startup time and JSP compilation time.
04-Mar-2020 14:53:24.345 ?? [main] org.apache.catalina.startup.HostConfig.deployDirectory Deployment of web application directory [E:\SGTravel\tomcat\webapps\hello] has finished in [275] ms
04-Mar-2020 14:53:24.345 ?? [main] org.apache.catalina.startup.HostConfig.deployDirectory Deploying web application directory [E:\SGTravel\tomcat\webapps\host-manager]
04-Mar-2020 14:53:24.572 ?? [main] org.apache.jasper.servlet.TldScanner.scanJars At least one JAR was scanned for TLDs yet contained no TLDs. Enable debug logging for this logger for a complete list of JARs that were scanned but no TLDs were found in them. Skipping unneeded JARs during scanning can improve startup time and JSP compilation time.
04-Mar-2020 14:53:24.580 ?? [main] org.apache.catalina.startup.HostConfig.deployDirectory Deployment of web application directory [E:\SGTravel\tomcat\webapps\host-manager] has finished in [235] ms
04-Mar-2020 14:53:24.580 ?? [main] org.apache.catalina.startup.HostConfig.deployDirectory Deploying web application directory [E:\SGTravel\tomcat\webapps\manager]
04-Mar-2020 14:53:24.804 ?? [main] org.apache.jasper.servlet.TldScanner.scanJars At least one JAR was scanned for TLDs yet contained no TLDs. Enable debug logging for this logger for a complete list of JARs that were scanned but no TLDs were found in them. Skipping unneeded JARs during scanning can improve startup time and JSP compilation time.
04-Mar-2020 14:53:24.810 ?? [main] org.apache.catalina.startup.HostConfig.deployDirectory Deployment of web application directory [E:\SGTravel\tomcat\webapps\manager] has finished in [230] ms
04-Mar-2020 14:53:24.810 ?? [main] org.apache.catalina.startup.HostConfig.deployDirectory Deploying web application directory [E:\SGTravel\tomcat\webapps\ROOT]
04-Mar-2020 14:53:25.029 ?? [main] org.apache.jasper.servlet.TldScanner.scanJars At least one JAR was scanned for TLDs yet contained no TLDs. Enable debug logging for this logger for a complete list of JARs that were scanned but no TLDs were found in them. Skipping unneeded JARs during scanning can improve startup time and JSP compilation time.
04-Mar-2020 14:53:25.034 ?? [main] org.apache.catalina.startup.HostConfig.deployDirectory Deployment of web application directory [E:\SGTravel\tomcat\webapps\ROOT] has finished in [224] ms
04-Mar-2020 14:53:25.035 ?? [main] org.apache.catalina.startup.HostConfig.deployDirectory Deploying web application directory [E:\SGTravel\tomcat\webapps\SGTravel]
04-Mar-2020 14:53:25.363 ?? [main] org.apache.jasper.servlet.TldScanner.scanJars At least one JAR was scanned for TLDs yet contained no TLDs. Enable debug logging for this logger for a complete list of JARs that were scanned but no TLDs were found in them. Skipping unneeded JARs during scanning can improve startup time and JSP compilation time.
04-Mar-2020 14:53:25.368 ?? [main] org.apache.catalina.startup.HostConfig.deployDirectory Deployment of web application directory [E:\SGTravel\tomcat\webapps\SGTravel] has finished in [333] ms
04-Mar-2020 14:53:25.368 ?? [main] org.apache.catalina.startup.HostConfig.deployDirectory Deploying web application directory [E:\SGTravel\tomcat\webapps\web]
04-Mar-2020 14:53:25.541 ?? [main] org.apache.jasper.servlet.TldScanner.scanJars At least one JAR was scanned for TLDs yet contained no TLDs. Enable debug logging for this logger for a complete list of JARs that were scanned but no TLDs were found in them. Skipping unneeded JARs during scanning can improve startup time and JSP compilation time.
04-Mar-2020 14:53:25.562 ?? [main] org.apache.catalina.startup.HostConfig.deployDirectory Deployment of web application directory [E:\SGTravel\tomcat\webapps\web] has finished in [194] ms
04-Mar-2020 14:53:25.565 ?? [main] org.apache.coyote.AbstractProtocol.start Starting ProtocolHandler ["http-nio-9995"]
04-Mar-2020 14:53:25.581 ?? [main] org.apache.coyote.AbstractProtocol.start Starting ProtocolHandler ["ajp-nio-8009"]
04-Mar-2020 14:53:25.588 ?? [main] org.apache.catalina.startup.Catalina.start Server startup in 3626 ms
04-Mar-2020 15:11:54.613 ?? [ContainerBackgroundProcessor[StandardEngine[Catalina]]] org.apache.catalina.startup.HostConfig.undeploy Undeploying context [/ebookshop]
04-Mar-2020 15:12:05.303 ?? [ContainerBackgroundProcessor[StandardEngine[Catalina]]] org.apache.catalina.startup.HostConfig.undeploy Undeploying context [/hello]
04-Mar-2020 21:28:49.205 ?? [ContainerBackgroundProcessor[StandardEngine[Catalina]]] org.apache.catalina.core.StandardContext.reload Reloading Context with name [/SGTravel] has started
04-Mar-2020 21:28:49.521 ?? [ContainerBackgroundProcessor[StandardEngine[Catalina]]] org.apache.jasper.servlet.TldScanner.scanJars At least one JAR was scanned for TLDs yet contained no TLDs. Enable debug logging for this logger for a complete list of JARs that were scanned but no TLDs were found in them. Skipping unneeded JARs during scanning can improve startup time and JSP compilation time.
04-Mar-2020 21:28:49.527 ?? [ContainerBackgroundProcessor[StandardEngine[Catalina]]] org.apache.catalina.core.StandardContext.reload Reloading Context with name [/SGTravel] is completed
04-Mar-2020 21:39:32.822 ?? [main] org.apache.catalina.startup.VersionLoggerListener.log Server version:        Apache Tomcat/9.0.4
04-Mar-2020 21:39:32.826 ?? [main] org.apache.catalina.startup.VersionLoggerListener.log Server built:          Jan 18 2018 19:42:17 UTC
04-Mar-2020 21:39:32.827 ?? [main] org.apache.catalina.startup.VersionLoggerListener.log Server number:         9.0.4.0
04-Mar-2020 21:39:32.827 ?? [main] org.apache.catalina.startup.VersionLoggerListener.log OS Name:               Windows 10
04-Mar-2020 21:39:32.827 ?? [main] org.apache.catalina.startup.VersionLoggerListener.log OS Version:            10.0
04-Mar-2020 21:39:32.828 ?? [main] org.apache.catalina.startup.VersionLoggerListener.log Architecture:          amd64
04-Mar-2020 21:39:32.828 ?? [main] org.apache.catalina.startup.VersionLoggerListener.log Java Home:             C:\Program Files\Java\jdk-11.0.6
04-Mar-2020 21:39:32.828 ?? [main] org.apache.catalina.startup.VersionLoggerListener.log JVM Version:           11.0.6+8-LTS
04-Mar-2020 21:39:32.828 ?? [main] org.apache.catalina.startup.VersionLoggerListener.log JVM Vendor:            Oracle Corporation
04-Mar-2020 21:39:32.829 ?? [main] org.apache.catalina.startup.VersionLoggerListener.log CATALINA_BASE:         E:\SGTravel\tomcat
04-Mar-2020 21:39:32.829 ?? [main] org.apache.catalina.startup.VersionLoggerListener.log CATALINA_HOME:         E:\SGTravel\tomcat
04-Mar-2020 21:39:32.830 ?? [main] org.apache.catalina.startup.VersionLoggerListener.log Command line argument: --add-opens=java.base/java.lang=ALL-UNNAMED
04-Mar-2020 21:39:32.830 ?? [main] org.apache.catalina.startup.VersionLoggerListener.log Command line argument: --add-opens=java.rmi/sun.rmi.transport=ALL-UNNAMED
04-Mar-2020 21:39:32.831 ?? [main] org.apache.catalina.startup.VersionLoggerListener.log Command line argument: -Djava.util.logging.config.file=E:\SGTravel\tomcat\conf\logging.properties
04-Mar-2020 21:39:32.831 ?? [main] org.apache.catalina.startup.VersionLoggerListener.log Command line argument: -Djava.util.logging.manager=org.apache.juli.ClassLoaderLogManager
04-Mar-2020 21:39:32.831 ?? [main] org.apache.catalina.startup.VersionLoggerListener.log Command line argument: -Djdk.tls.ephemeralDHKeySize=2048
04-Mar-2020 21:39:32.831 ?? [main] org.apache.catalina.startup.VersionLoggerListener.log Command line argument: -Djava.protocol.handler.pkgs=org.apache.catalina.webresources
04-Mar-2020 21:39:32.832 ?? [main] org.apache.catalina.startup.VersionLoggerListener.log Command line argument: -Dignore.endorsed.dirs=
04-Mar-2020 21:39:32.832 ?? [main] org.apache.catalina.startup.VersionLoggerListener.log Command line argument: -Dcatalina.base=E:\SGTravel\tomcat
04-Mar-2020 21:39:32.833 ?? [main] org.apache.catalina.startup.VersionLoggerListener.log Command line argument: -Dcatalina.home=E:\SGTravel\tomcat
04-Mar-2020 21:39:32.833 ?? [main] org.apache.catalina.startup.VersionLoggerListener.log Command line argument: -Djava.io.tmpdir=E:\SGTravel\tomcat\temp
04-Mar-2020 21:39:32.834 ?? [main] org.apache.catalina.core.AprLifecycleListener.lifecycleEvent The APR based Apache Tomcat Native library which allows optimal performance in production environments was not found on the java.library.path: [C:\Program Files\Java\jdk-11.0.6\bin;C:\WINDOWS\Sun\Java\bin;C:\WINDOWS\system32;C:\WINDOWS;C:\Python27\;C:\Python27\Scripts;C:\Program Files\AdoptOpenJDK\jdk-11.0.6.10-hotspot\bin;C:\Program Files (x86)\Common Files\Oracle\Java\javapath;C:\Program Files (x86)\Common Files\Intel\Shared Libraries\redist\intel64\compiler;C:\Program Files (x86)\Intel\Intel(R) Management Engine Components\iCLS\;C:\Program Files\Intel\Intel(R) Management Engine Components\iCLS\;C:\WINDOWS\system32;C:\WINDOWS;C:\WINDOWS\System32\Wbem;C:\WINDOWS\System32\WindowsPowerShell\v1.0\;C:\WINDOWS\System32\OpenSSH\;C:\Program Files (x86)\Intel\Intel(R) Management Engine Components\DAL;C:\Program Files\Intel\Intel(R) Management Engine Components\DAL;c:\Program Files (x86)\HP\HP Performance Advisor;C:\Program Files\MATLAB\R2018a\runtime\win64;C:\Program Files\MATLAB\R2018a\bin;C:\Program Files\Git\cmd;C:\Program Files\Microsoft SQL Server\130\Tools\Binn\;C:\Program Files\dotnet\;C:\Users\User\Documents\LiangyuFiles\IM2073\WebProject\apache-maven-3.6.3\bin;C:\Program Files\nodejs\;C:\ProgramData\chocolatey\bin;C:\Users\User\Anaconda4;C:\Users\User\Anaconda4\Library\mingw-w64\bin;C:\Users\User\Anaconda4\Library\usr\bin;C:\Users\User\Anaconda4\Library\bin;C:\Users\User\Anaconda4\Scripts;C:\Users\User\Anaconda3;C:\Users\User\Anaconda3\Library\mingw-w64\bin;C:\Users\User\Anaconda3\Library\usr\bin;C:\Users\User\Anaconda3\Library\bin;C:\Users\User\Anaconda3\Scripts;C:\Users\User\AppData\Local\Microsoft\WindowsApps;C:\Users\User\AppData\Local\Programs\Microsoft VS Code\bin;C:\Program Files\JetBrains\PyCharm 2019.2.3\bin;C:\Program Files\JetBrains\IntelliJ IDEA 2019.3.3\bin;C:\Users\User\AppData\Roaming\npm;.]
04-Mar-2020 21:39:32.893 ?? [main] org.apache.coyote.AbstractProtocol.init Initializing ProtocolHandler ["http-nio-9995"]
04-Mar-2020 21:39:33.314 ?? [main] org.apache.tomcat.util.net.NioSelectorPool.getSharedSelector Using a shared selector for servlet write/read
04-Mar-2020 21:39:33.326 ?? [main] org.apache.coyote.AbstractProtocol.init Initializing ProtocolHandler ["ajp-nio-8009"]
04-Mar-2020 21:39:33.330 ?? [main] org.apache.tomcat.util.net.NioSelectorPool.getSharedSelector Using a shared selector for servlet write/read
04-Mar-2020 21:39:33.331 ?? [main] org.apache.catalina.startup.Catalina.load Initialization processed in 858 ms
04-Mar-2020 21:39:33.384 ?? [main] org.apache.catalina.core.StandardService.startInternal Starting service [Catalina]
04-Mar-2020 21:39:33.385 ?? [main] org.apache.catalina.core.StandardEngine.startInternal Starting Servlet Engine: Apache Tomcat/9.0.4
04-Mar-2020 21:39:33.395 ?? [main] org.apache.catalina.startup.HostConfig.deployDirectory Deploying web application directory [E:\SGTravel\tomcat\webapps\docs]
04-Mar-2020 21:39:34.034 ?? [main] org.apache.jasper.servlet.TldScanner.scanJars At least one JAR was scanned for TLDs yet contained no TLDs. Enable debug logging for this logger for a complete list of JARs that were scanned but no TLDs were found in them. Skipping unneeded JARs during scanning can improve startup time and JSP compilation time.
04-Mar-2020 21:39:34.416 ?? [main] org.apache.catalina.util.SessionIdGeneratorBase.createSecureRandom Creation of SecureRandom instance for session ID generation using [SHA1PRNG] took [364] milliseconds.
04-Mar-2020 21:39:34.455 ?? [main] org.apache.catalina.startup.HostConfig.deployDirectory Deployment of web application directory [E:\SGTravel\tomcat\webapps\docs] has finished in [1,060] ms
04-Mar-2020 21:39:34.456 ?? [main] org.apache.catalina.startup.HostConfig.deployDirectory Deploying web application directory [E:\SGTravel\tomcat\webapps\examples]
04-Mar-2020 21:39:35.243 ?? [main] org.apache.jasper.servlet.TldScanner.scanJars At least one JAR was scanned for TLDs yet contained no TLDs. Enable debug logging for this logger for a complete list of JARs that were scanned but no TLDs were found in them. Skipping unneeded JARs during scanning can improve startup time and JSP compilation time.
04-Mar-2020 21:39:35.296 ?? [main] org.apache.catalina.startup.HostConfig.deployDirectory Deployment of web application directory [E:\SGTravel\tomcat\webapps\examples] has finished in [840] ms
04-Mar-2020 21:39:35.296 ?? [main] org.apache.catalina.startup.HostConfig.deployDirectory Deploying web application directory [E:\SGTravel\tomcat\webapps\host-manager]
04-Mar-2020 21:39:35.710 ?? [main] org.apache.jasper.servlet.TldScanner.scanJars At least one JAR was scanned for TLDs yet contained no TLDs. Enable debug logging for this logger for a complete list of JARs that were scanned but no TLDs were found in them. Skipping unneeded JARs during scanning can improve startup time and JSP compilation time.
04-Mar-2020 21:39:35.723 ?? [main] org.apache.catalina.startup.HostConfig.deployDirectory Deployment of web application directory [E:\SGTravel\tomcat\webapps\host-manager] has finished in [427] ms
04-Mar-2020 21:39:35.724 ?? [main] org.apache.catalina.startup.HostConfig.deployDirectory Deploying web application directory [E:\SGTravel\tomcat\webapps\manager]
04-Mar-2020 21:39:36.134 ?? [main] org.apache.jasper.servlet.TldScanner.scanJars At least one JAR was scanned for TLDs yet contained no TLDs. Enable debug logging for this logger for a complete list of JARs that were scanned but no TLDs were found in them. Skipping unneeded JARs during scanning can improve startup time and JSP compilation time.
04-Mar-2020 21:39:36.145 ?? [main] org.apache.catalina.startup.HostConfig.deployDirectory Deployment of web application directory [E:\SGTravel\tomcat\webapps\manager] has finished in [421] ms
04-Mar-2020 21:39:36.146 ?? [main] org.apache.catalina.startup.HostConfig.deployDirectory Deploying web application directory [E:\SGTravel\tomcat\webapps\ROOT]
04-Mar-2020 21:39:36.576 ?? [main] org.apache.jasper.servlet.TldScanner.scanJars At least one JAR was scanned for TLDs yet contained no TLDs. Enable debug logging for this logger for a complete list of JARs that were scanned but no TLDs were found in them. Skipping unneeded JARs during scanning can improve startup time and JSP compilation time.
04-Mar-2020 21:39:36.583 ?? [main] org.apache.catalina.startup.HostConfig.deployDirectory Deployment of web application directory [E:\SGTravel\tomcat\webapps\ROOT] has finished in [437] ms
04-Mar-2020 21:39:36.583 ?? [main] org.apache.catalina.startup.HostConfig.deployDirectory Deploying web application directory [E:\SGTravel\tomcat\webapps\SGTravel]
04-Mar-2020 21:39:37.051 ?? [main] org.apache.jasper.servlet.TldScanner.scanJars At least one JAR was scanned for TLDs yet contained no TLDs. Enable debug logging for this logger for a complete list of JARs that were scanned but no TLDs were found in them. Skipping unneeded JARs during scanning can improve startup time and JSP compilation time.
04-Mar-2020 21:39:37.063 ?? [main] org.apache.catalina.startup.HostConfig.deployDirectory Deployment of web application directory [E:\SGTravel\tomcat\webapps\SGTravel] has finished in [479] ms
04-Mar-2020 21:39:37.063 ?? [main] org.apache.catalina.startup.HostConfig.deployDirectory Deploying web application directory [E:\SGTravel\tomcat\webapps\web]
04-Mar-2020 21:39:37.431 ?? [main] org.apache.jasper.servlet.TldScanner.scanJars At least one JAR was scanned for TLDs yet contained no TLDs. Enable debug logging for this logger for a complete list of JARs that were scanned but no TLDs were found in them. Skipping unneeded JARs during scanning can improve startup time and JSP compilation time.
04-Mar-2020 21:39:37.444 ?? [main] org.apache.catalina.startup.HostConfig.deployDirectory Deployment of web application directory [E:\SGTravel\tomcat\webapps\web] has finished in [381] ms
04-Mar-2020 21:39:37.447 ?? [main] org.apache.coyote.AbstractProtocol.start Starting ProtocolHandler ["http-nio-9995"]
04-Mar-2020 21:39:37.455 ?? [main] org.apache.coyote.AbstractProtocol.start Starting ProtocolHandler ["ajp-nio-8009"]
04-Mar-2020 21:39:37.463 ?? [main] org.apache.catalina.startup.Catalina.start Server startup in 4131 ms
04-Mar-2020 22:06:34.962 ?? [main] org.apache.catalina.startup.VersionLoggerListener.log Server version:        Apache Tomcat/9.0.4
04-Mar-2020 22:06:34.966 ?? [main] org.apache.catalina.startup.VersionLoggerListener.log Server built:          Jan 18 2018 19:42:17 UTC
04-Mar-2020 22:06:34.967 ?? [main] org.apache.catalina.startup.VersionLoggerListener.log Server number:         9.0.4.0
04-Mar-2020 22:06:34.967 ?? [main] org.apache.catalina.startup.VersionLoggerListener.log OS Name:               Windows 10
04-Mar-2020 22:06:34.967 ?? [main] org.apache.catalina.startup.VersionLoggerListener.log OS Version:            10.0
04-Mar-2020 22:06:34.967 ?? [main] org.apache.catalina.startup.VersionLoggerListener.log Architecture:          amd64
04-Mar-2020 22:06:34.967 ?? [main] org.apache.catalina.startup.VersionLoggerListener.log Java Home:             C:\Program Files\Java\jdk-11.0.6
04-Mar-2020 22:06:34.968 ?? [main] org.apache.catalina.startup.VersionLoggerListener.log JVM Version:           11.0.6+8-LTS
04-Mar-2020 22:06:34.968 ?? [main] org.apache.catalina.startup.VersionLoggerListener.log JVM Vendor:            Oracle Corporation
04-Mar-2020 22:06:34.969 ?? [main] org.apache.catalina.startup.VersionLoggerListener.log CATALINA_BASE:         E:\SGTravel\tomcat
04-Mar-2020 22:06:34.969 ?? [main] org.apache.catalina.startup.VersionLoggerListener.log CATALINA_HOME:         E:\SGTravel\tomcat
04-Mar-2020 22:06:34.969 ?? [main] org.apache.catalina.startup.VersionLoggerListener.log Command line argument: --add-opens=java.base/java.lang=ALL-UNNAMED
04-Mar-2020 22:06:34.969 ?? [main] org.apache.catalina.startup.VersionLoggerListener.log Command line argument: --add-opens=java.rmi/sun.rmi.transport=ALL-UNNAMED
04-Mar-2020 22:06:34.970 ?? [main] org.apache.catalina.startup.VersionLoggerListener.log Command line argument: -Djava.util.logging.config.file=E:\SGTravel\tomcat\conf\logging.properties
04-Mar-2020 22:06:34.970 ?? [main] org.apache.catalina.startup.VersionLoggerListener.log Command line argument: -Djava.util.logging.manager=org.apache.juli.ClassLoaderLogManager
04-Mar-2020 22:06:34.970 ?? [main] org.apache.catalina.startup.VersionLoggerListener.log Command line argument: -Djdk.tls.ephemeralDHKeySize=2048
04-Mar-2020 22:06:34.970 ?? [main] org.apache.catalina.startup.VersionLoggerListener.log Command line argument: -Djava.protocol.handler.pkgs=org.apache.catalina.webresources
04-Mar-2020 22:06:34.971 ?? [main] org.apache.catalina.startup.VersionLoggerListener.log Command line argument: -Dignore.endorsed.dirs=
04-Mar-2020 22:06:34.971 ?? [main] org.apache.catalina.startup.VersionLoggerListener.log Command line argument: -Dcatalina.base=E:\SGTravel\tomcat
04-Mar-2020 22:06:34.972 ?? [main] org.apache.catalina.startup.VersionLoggerListener.log Command line argument: -Dcatalina.home=E:\SGTravel\tomcat
04-Mar-2020 22:06:34.972 ?? [main] org.apache.catalina.startup.VersionLoggerListener.log Command line argument: -Djava.io.tmpdir=E:\SGTravel\tomcat\temp
04-Mar-2020 22:06:34.972 ?? [main] org.apache.catalina.core.AprLifecycleListener.lifecycleEvent The APR based Apache Tomcat Native library which allows optimal performance in production environments was not found on the java.library.path: [C:\Program Files\Java\jdk-11.0.6\bin;C:\WINDOWS\Sun\Java\bin;C:\WINDOWS\system32;C:\WINDOWS;C:\Python27\;C:\Python27\Scripts;C:\Program Files\AdoptOpenJDK\jdk-11.0.6.10-hotspot\bin;C:\Program Files (x86)\Common Files\Oracle\Java\javapath;C:\Program Files (x86)\Common Files\Intel\Shared Libraries\redist\intel64\compiler;C:\Program Files (x86)\Intel\Intel(R) Management Engine Components\iCLS\;C:\Program Files\Intel\Intel(R) Management Engine Components\iCLS\;C:\WINDOWS\system32;C:\WINDOWS;C:\WINDOWS\System32\Wbem;C:\WINDOWS\System32\WindowsPowerShell\v1.0\;C:\WINDOWS\System32\OpenSSH\;C:\Program Files (x86)\Intel\Intel(R) Management Engine Components\DAL;C:\Program Files\Intel\Intel(R) Management Engine Components\DAL;c:\Program Files (x86)\HP\HP Performance Advisor;C:\Program Files\MATLAB\R2018a\runtime\win64;C:\Program Files\MATLAB\R2018a\bin;C:\Program Files\Git\cmd;C:\Program Files\Microsoft SQL Server\130\Tools\Binn\;C:\Program Files\dotnet\;C:\Users\User\Documents\LiangyuFiles\IM2073\WebProject\apache-maven-3.6.3\bin;C:\Program Files\nodejs\;C:\ProgramData\chocolatey\bin;C:\Users\User\Anaconda4;C:\Users\User\Anaconda4\Library\mingw-w64\bin;C:\Users\User\Anaconda4\Library\usr\bin;C:\Users\User\Anaconda4\Library\bin;C:\Users\User\Anaconda4\Scripts;C:\Users\User\Anaconda3;C:\Users\User\Anaconda3\Library\mingw-w64\bin;C:\Users\User\Anaconda3\Library\usr\bin;C:\Users\User\Anaconda3\Library\bin;C:\Users\User\Anaconda3\Scripts;C:\Users\User\AppData\Local\Microsoft\WindowsApps;C:\Users\User\AppData\Local\Programs\Microsoft VS Code\bin;C:\Program Files\JetBrains\PyCharm 2019.2.3\bin;C:\Program Files\JetBrains\IntelliJ IDEA 2019.3.3\bin;C:\Users\User\AppData\Roaming\npm;.]
04-Mar-2020 22:06:35.021 ?? [main] org.apache.coyote.AbstractProtocol.init Initializing ProtocolHandler ["http-nio-9995"]
04-Mar-2020 22:06:35.507 ?? [main] org.apache.tomcat.util.net.NioSelectorPool.getSharedSelector Using a shared selector for servlet write/read
04-Mar-2020 22:06:35.513 ?? [main] org.apache.coyote.AbstractProtocol.init Initializing ProtocolHandler ["ajp-nio-8009"]
04-Mar-2020 22:06:35.515 ?? [main] org.apache.tomcat.util.net.NioSelectorPool.getSharedSelector Using a shared selector for servlet write/read
04-Mar-2020 22:06:35.515 ?? [main] org.apache.catalina.startup.Catalina.load Initialization processed in 932 ms
04-Mar-2020 22:06:35.564 ?? [main] org.apache.catalina.core.StandardService.startInternal Starting service [Catalina]
04-Mar-2020 22:06:35.564 ?? [main] org.apache.catalina.core.StandardEngine.startInternal Starting Servlet Engine: Apache Tomcat/9.0.4
04-Mar-2020 22:06:35.576 ?? [main] org.apache.catalina.startup.HostConfig.deployDirectory Deploying web application directory [E:\SGTravel\tomcat\webapps\docs]
04-Mar-2020 22:06:36.233 ?? [main] org.apache.jasper.servlet.TldScanner.scanJars At least one JAR was scanned for TLDs yet contained no TLDs. Enable debug logging for this logger for a complete list of JARs that were scanned but no TLDs were found in them. Skipping unneeded JARs during scanning can improve startup time and JSP compilation time.
04-Mar-2020 22:06:36.606 ?? [main] org.apache.catalina.util.SessionIdGeneratorBase.createSecureRandom Creation of SecureRandom instance for session ID generation using [SHA1PRNG] took [355] milliseconds.
04-Mar-2020 22:06:36.654 ?? [main] org.apache.catalina.startup.HostConfig.deployDirectory Deployment of web application directory [E:\SGTravel\tomcat\webapps\docs] has finished in [1,078] ms
04-Mar-2020 22:06:36.655 ?? [main] org.apache.catalina.startup.HostConfig.deployDirectory Deploying web application directory [E:\SGTravel\tomcat\webapps\examples]
04-Mar-2020 22:06:37.456 ?? [main] org.apache.jasper.servlet.TldScanner.scanJars At least one JAR was scanned for TLDs yet contained no TLDs. Enable debug logging for this logger for a complete list of JARs that were scanned but no TLDs were found in them. Skipping unneeded JARs during scanning can improve startup time and JSP compilation time.
04-Mar-2020 22:06:37.509 ?? [main] org.apache.catalina.startup.HostConfig.deployDirectory Deployment of web application directory [E:\SGTravel\tomcat\webapps\examples] has finished in [854] ms
04-Mar-2020 22:06:37.509 ?? [main] org.apache.catalina.startup.HostConfig.deployDirectory Deploying web application directory [E:\SGTravel\tomcat\webapps\host-manager]
04-Mar-2020 22:06:37.888 ?? [main] org.apache.jasper.servlet.TldScanner.scanJars At least one JAR was scanned for TLDs yet contained no TLDs. Enable debug logging for this logger for a complete list of JARs that were scanned but no TLDs were found in them. Skipping unneeded JARs during scanning can improve startup time and JSP compilation time.
04-Mar-2020 22:06:37.899 ?? [main] org.apache.catalina.startup.HostConfig.deployDirectory Deployment of web application directory [E:\SGTravel\tomcat\webapps\host-manager] has finished in [390] ms
04-Mar-2020 22:06:37.899 ?? [main] org.apache.catalina.startup.HostConfig.deployDirectory Deploying web application directory [E:\SGTravel\tomcat\webapps\manager]
04-Mar-2020 22:06:38.311 ?? [main] org.apache.jasper.servlet.TldScanner.scanJars At least one JAR was scanned for TLDs yet contained no TLDs. Enable debug logging for this logger for a complete list of JARs that were scanned but no TLDs were found in them. Skipping unneeded JARs during scanning can improve startup time and JSP compilation time.
04-Mar-2020 22:06:38.319 ?? [main] org.apache.catalina.startup.HostConfig.deployDirectory Deployment of web application directory [E:\SGTravel\tomcat\webapps\manager] has finished in [419] ms
04-Mar-2020 22:06:38.319 ?? [main] org.apache.catalina.startup.HostConfig.deployDirectory Deploying web application directory [E:\SGTravel\tomcat\webapps\ROOT]
04-Mar-2020 22:06:38.679 ?? [main] org.apache.jasper.servlet.TldScanner.scanJars At least one JAR was scanned for TLDs yet contained no TLDs. Enable debug logging for this logger for a complete list of JARs that were scanned but no TLDs were found in them. Skipping unneeded JARs during scanning can improve startup time and JSP compilation time.
04-Mar-2020 22:06:38.686 ?? [main] org.apache.catalina.startup.HostConfig.deployDirectory Deployment of web application directory [E:\SGTravel\tomcat\webapps\ROOT] has finished in [367] ms
04-Mar-2020 22:06:38.686 ?? [main] org.apache.catalina.startup.HostConfig.deployDirectory Deploying web application directory [E:\SGTravel\tomcat\webapps\SGTravel]
04-Mar-2020 22:06:39.162 ?? [main] org.apache.jasper.servlet.TldScanner.scanJars At least one JAR was scanned for TLDs yet contained no TLDs. Enable debug logging for this logger for a complete list of JARs that were scanned but no TLDs were found in them. Skipping unneeded JARs during scanning can improve startup time and JSP compilation time.
04-Mar-2020 22:06:39.171 ?? [main] org.apache.catalina.startup.HostConfig.deployDirectory Deployment of web application directory [E:\SGTravel\tomcat\webapps\SGTravel] has finished in [485] ms
04-Mar-2020 22:06:39.172 ?? [main] org.apache.catalina.startup.HostConfig.deployDirectory Deploying web application directory [E:\SGTravel\tomcat\webapps\web]
04-Mar-2020 22:06:39.526 ?? [main] org.apache.jasper.servlet.TldScanner.scanJars At least one JAR was scanned for TLDs yet contained no TLDs. Enable debug logging for this logger for a complete list of JARs that were scanned but no TLDs were found in them. Skipping unneeded JARs during scanning can improve startup time and JSP compilation time.
04-Mar-2020 22:06:39.539 ?? [main] org.apache.catalina.startup.HostConfig.deployDirectory Deployment of web application directory [E:\SGTravel\tomcat\webapps\web] has finished in [367] ms
04-Mar-2020 22:06:39.544 ?? [main] org.apache.coyote.AbstractProtocol.start Starting ProtocolHandler ["http-nio-9995"]
04-Mar-2020 22:06:39.561 ?? [main] org.apache.coyote.AbstractProtocol.start Starting ProtocolHandler ["ajp-nio-8009"]
04-Mar-2020 22:06:39.565 ?? [main] org.apache.catalina.startup.Catalina.start Server startup in 4048 ms
04-Mar-2020 22:18:44.159 ?? [main] org.apache.catalina.startup.VersionLoggerListener.log Server version:        Apache Tomcat/9.0.4
04-Mar-2020 22:18:44.164 ?? [main] org.apache.catalina.startup.VersionLoggerListener.log Server built:          Jan 18 2018 19:42:17 UTC
04-Mar-2020 22:18:44.164 ?? [main] org.apache.catalina.startup.VersionLoggerListener.log Server number:         9.0.4.0
04-Mar-2020 22:18:44.164 ?? [main] org.apache.catalina.startup.VersionLoggerListener.log OS Name:               Windows 10
04-Mar-2020 22:18:44.165 ?? [main] org.apache.catalina.startup.VersionLoggerListener.log OS Version:            10.0
04-Mar-2020 22:18:44.165 ?? [main] org.apache.catalina.startup.VersionLoggerListener.log Architecture:          amd64
04-Mar-2020 22:18:44.165 ?? [main] org.apache.catalina.startup.VersionLoggerListener.log Java Home:             C:\Program Files\Java\jdk-11.0.6
04-Mar-2020 22:18:44.165 ?? [main] org.apache.catalina.startup.VersionLoggerListener.log JVM Version:           11.0.6+8-LTS
04-Mar-2020 22:18:44.165 ?? [main] org.apache.catalina.startup.VersionLoggerListener.log JVM Vendor:            Oracle Corporation
04-Mar-2020 22:18:44.166 ?? [main] org.apache.catalina.startup.VersionLoggerListener.log CATALINA_BASE:         E:\SGTravel\tomcat
04-Mar-2020 22:18:44.166 ?? [main] org.apache.catalina.startup.VersionLoggerListener.log CATALINA_HOME:         E:\SGTravel\tomcat
04-Mar-2020 22:18:44.166 ?? [main] org.apache.catalina.startup.VersionLoggerListener.log Command line argument: --add-opens=java.base/java.lang=ALL-UNNAMED
04-Mar-2020 22:18:44.166 ?? [main] org.apache.catalina.startup.VersionLoggerListener.log Command line argument: --add-opens=java.rmi/sun.rmi.transport=ALL-UNNAMED
04-Mar-2020 22:18:44.167 ?? [main] org.apache.catalina.startup.VersionLoggerListener.log Command line argument: -Djava.util.logging.config.file=E:\SGTravel\tomcat\conf\logging.properties
04-Mar-2020 22:18:44.167 ?? [main] org.apache.catalina.startup.VersionLoggerListener.log Command line argument: -Djava.util.logging.manager=org.apache.juli.ClassLoaderLogManager
04-Mar-2020 22:18:44.167 ?? [main] org.apache.catalina.startup.VersionLoggerListener.log Command line argument: -Djdk.tls.ephemeralDHKeySize=2048
04-Mar-2020 22:18:44.167 ?? [main] org.apache.catalina.startup.VersionLoggerListener.log Command line argument: -Djava.protocol.handler.pkgs=org.apache.catalina.webresources
04-Mar-2020 22:18:44.168 ?? [main] org.apache.catalina.startup.VersionLoggerListener.log Command line argument: -Dignore.endorsed.dirs=
04-Mar-2020 22:18:44.169 ?? [main] org.apache.catalina.startup.VersionLoggerListener.log Command line argument: -Dcatalina.base=E:\SGTravel\tomcat
04-Mar-2020 22:18:44.170 ?? [main] org.apache.catalina.startup.VersionLoggerListener.log Command line argument: -Dcatalina.home=E:\SGTravel\tomcat
04-Mar-2020 22:18:44.170 ?? [main] org.apache.catalina.startup.VersionLoggerListener.log Command line argument: -Djava.io.tmpdir=E:\SGTravel\tomcat\temp
04-Mar-2020 22:18:44.170 ?? [main] org.apache.catalina.core.AprLifecycleListener.lifecycleEvent The APR based Apache Tomcat Native library which allows optimal performance in production environments was not found on the java.library.path: [C:\Program Files\Java\jdk-11.0.6\bin;C:\WINDOWS\Sun\Java\bin;C:\WINDOWS\system32;C:\WINDOWS;C:\Python27\;C:\Python27\Scripts;C:\Program Files\AdoptOpenJDK\jdk-11.0.6.10-hotspot\bin;C:\Program Files (x86)\Common Files\Oracle\Java\javapath;C:\Program Files (x86)\Common Files\Intel\Shared Libraries\redist\intel64\compiler;C:\Program Files (x86)\Intel\Intel(R) Management Engine Components\iCLS\;C:\Program Files\Intel\Intel(R) Management Engine Components\iCLS\;C:\WINDOWS\system32;C:\WINDOWS;C:\WINDOWS\System32\Wbem;C:\WINDOWS\System32\WindowsPowerShell\v1.0\;C:\WINDOWS\System32\OpenSSH\;C:\Program Files (x86)\Intel\Intel(R) Management Engine Components\DAL;C:\Program Files\Intel\Intel(R) Management Engine Components\DAL;c:\Program Files (x86)\HP\HP Performance Advisor;C:\Program Files\MATLAB\R2018a\runtime\win64;C:\Program Files\MATLAB\R2018a\bin;C:\Program Files\Git\cmd;C:\Program Files\Microsoft SQL Server\130\Tools\Binn\;C:\Program Files\dotnet\;C:\Users\User\Documents\LiangyuFiles\IM2073\WebProject\apache-maven-3.6.3\bin;C:\Program Files\nodejs\;C:\ProgramData\chocolatey\bin;C:\Users\User\Anaconda4;C:\Users\User\Anaconda4\Library\mingw-w64\bin;C:\Users\User\Anaconda4\Library\usr\bin;C:\Users\User\Anaconda4\Library\bin;C:\Users\User\Anaconda4\Scripts;C:\Users\User\Anaconda3;C:\Users\User\Anaconda3\Library\mingw-w64\bin;C:\Users\User\Anaconda3\Library\usr\bin;C:\Users\User\Anaconda3\Library\bin;C:\Users\User\Anaconda3\Scripts;C:\Users\User\AppData\Local\Microsoft\WindowsApps;C:\Users\User\AppData\Local\Programs\Microsoft VS Code\bin;C:\Program Files\JetBrains\PyCharm 2019.2.3\bin;C:\Program Files\JetBrains\IntelliJ IDEA 2019.3.3\bin;C:\Users\User\AppData\Roaming\npm;.]
04-Mar-2020 22:18:44.217 ?? [main] org.apache.coyote.AbstractProtocol.init Initializing ProtocolHandler ["http-nio-9995"]
04-Mar-2020 22:18:44.606 ?? [main] org.apache.tomcat.util.net.NioSelectorPool.getSharedSelector Using a shared selector for servlet write/read
04-Mar-2020 22:18:44.618 ?? [main] org.apache.coyote.AbstractProtocol.init Initializing ProtocolHandler ["ajp-nio-8009"]
04-Mar-2020 22:18:44.622 ?? [main] org.apache.tomcat.util.net.NioSelectorPool.getSharedSelector Using a shared selector for servlet write/read
04-Mar-2020 22:18:44.623 ?? [main] org.apache.catalina.startup.Catalina.load Initialization processed in 836 ms
04-Mar-2020 22:18:44.679 ?? [main] org.apache.catalina.core.StandardService.startInternal Starting service [Catalina]
04-Mar-2020 22:18:44.679 ?? [main] org.apache.catalina.core.StandardEngine.startInternal Starting Servlet Engine: Apache Tomcat/9.0.4
04-Mar-2020 22:18:44.691 ?? [main] org.apache.catalina.startup.HostConfig.deployDirectory Deploying web application directory [E:\SGTravel\tomcat\webapps\docs]
04-Mar-2020 22:18:45.400 ?? [main] org.apache.jasper.servlet.TldScanner.scanJars At least one JAR was scanned for TLDs yet contained no TLDs. Enable debug logging for this logger for a complete list of JARs that were scanned but no TLDs were found in them. Skipping unneeded JARs during scanning can improve startup time and JSP compilation time.
04-Mar-2020 22:18:45.775 ?? [main] org.apache.catalina.util.SessionIdGeneratorBase.createSecureRandom Creation of SecureRandom instance for session ID generation using [SHA1PRNG] took [348] milliseconds.
04-Mar-2020 22:18:45.795 ?? [main] org.apache.catalina.startup.HostConfig.deployDirectory Deployment of web application directory [E:\SGTravel\tomcat\webapps\docs] has finished in [1,104] ms
04-Mar-2020 22:18:45.796 ?? [main] org.apache.catalina.startup.HostConfig.deployDirectory Deploying web application directory [E:\SGTravel\tomcat\webapps\examples]
04-Mar-2020 22:18:46.636 ?? [main] org.apache.jasper.servlet.TldScanner.scanJars At least one JAR was scanned for TLDs yet contained no TLDs. Enable debug logging for this logger for a complete list of JARs that were scanned but no TLDs were found in them. Skipping unneeded JARs during scanning can improve startup time and JSP compilation time.
04-Mar-2020 22:18:46.682 ?? [main] org.apache.catalina.startup.HostConfig.deployDirectory Deployment of web application directory [E:\SGTravel\tomcat\webapps\examples] has finished in [886] ms
04-Mar-2020 22:18:46.683 ?? [main] org.apache.catalina.startup.HostConfig.deployDirectory Deploying web application directory [E:\SGTravel\tomcat\webapps\host-manager]
04-Mar-2020 22:18:47.064 ?? [main] org.apache.jasper.servlet.TldScanner.scanJars At least one JAR was scanned for TLDs yet contained no TLDs. Enable debug logging for this logger for a complete list of JARs that were scanned but no TLDs were found in them. Skipping unneeded JARs during scanning can improve startup time and JSP compilation time.
04-Mar-2020 22:18:47.076 ?? [main] org.apache.catalina.startup.HostConfig.deployDirectory Deployment of web application directory [E:\SGTravel\tomcat\webapps\host-manager] has finished in [393] ms
04-Mar-2020 22:18:47.077 ?? [main] org.apache.catalina.startup.HostConfig.deployDirectory Deploying web application directory [E:\SGTravel\tomcat\webapps\manager]
04-Mar-2020 22:18:47.475 ?? [main] org.apache.jasper.servlet.TldScanner.scanJars At least one JAR was scanned for TLDs yet contained no TLDs. Enable debug logging for this logger for a complete list of JARs that were scanned but no TLDs were found in them. Skipping unneeded JARs during scanning can improve startup time and JSP compilation time.
04-Mar-2020 22:18:47.481 ?? [main] org.apache.catalina.startup.HostConfig.deployDirectory Deployment of web application directory [E:\SGTravel\tomcat\webapps\manager] has finished in [404] ms
04-Mar-2020 22:18:47.482 ?? [main] org.apache.catalina.startup.HostConfig.deployDirectory Deploying web application directory [E:\SGTravel\tomcat\webapps\ROOT]
04-Mar-2020 22:18:47.859 ?? [main] org.apache.jasper.servlet.TldScanner.scanJars At least one JAR was scanned for TLDs yet contained no TLDs. Enable debug logging for this logger for a complete list of JARs that were scanned but no TLDs were found in them. Skipping unneeded JARs during scanning can improve startup time and JSP compilation time.
04-Mar-2020 22:18:47.866 ?? [main] org.apache.catalina.startup.HostConfig.deployDirectory Deployment of web application directory [E:\SGTravel\tomcat\webapps\ROOT] has finished in [385] ms
04-Mar-2020 22:18:47.867 ?? [main] org.apache.catalina.startup.HostConfig.deployDirectory Deploying web application directory [E:\SGTravel\tomcat\webapps\SGTravel]
04-Mar-2020 22:18:48.320 ?? [main] org.apache.jasper.servlet.TldScanner.scanJars At least one JAR was scanned for TLDs yet contained no TLDs. Enable debug logging for this logger for a complete list of JARs that were scanned but no TLDs were found in them. Skipping unneeded JARs during scanning can improve startup time and JSP compilation time.
04-Mar-2020 22:18:48.327 ?? [main] org.apache.catalina.startup.HostConfig.deployDirectory Deployment of web application directory [E:\SGTravel\tomcat\webapps\SGTravel] has finished in [460] ms
04-Mar-2020 22:18:48.328 ?? [main] org.apache.catalina.startup.HostConfig.deployDirectory Deploying web application directory [E:\SGTravel\tomcat\webapps\web]
04-Mar-2020 22:18:48.677 ?? [main] org.apache.jasper.servlet.TldScanner.scanJars At least one JAR was scanned for TLDs yet contained no TLDs. Enable debug logging for this logger for a complete list of JARs that were scanned but no TLDs were found in them. Skipping unneeded JARs during scanning can improve startup time and JSP compilation time.
04-Mar-2020 22:18:48.695 ?? [main] org.apache.catalina.startup.HostConfig.deployDirectory Deployment of web application directory [E:\SGTravel\tomcat\webapps\web] has finished in [367] ms
04-Mar-2020 22:18:48.699 ?? [main] org.apache.coyote.AbstractProtocol.start Starting ProtocolHandler ["http-nio-9995"]
04-Mar-2020 22:18:48.715 ?? [main] org.apache.coyote.AbstractProtocol.start Starting ProtocolHandler ["ajp-nio-8009"]
04-Mar-2020 22:18:48.719 ?? [main] org.apache.catalina.startup.Catalina.start Server startup in 4096 ms
