NOTE: Picked up JDK_JAVA_OPTIONS:  --add-opens=java.base/java.lang=ALL-UNNAMED --add-opens=java.base/java.io=ALL-UNNAMED --add-opens=java.rmi/sun.rmi.transport=ALL-UNNAMED
05-Mar-2020 21:38:15.196 INFO [main] org.apache.catalina.startup.VersionLoggerListener.log Server version name:   Apache Tomcat/9.0.30
05-Mar-2020 21:38:15.203 INFO [main] org.apache.catalina.startup.VersionLoggerListener.log Server built:          Dec 7 2019 16:42:04 UTC
05-Mar-2020 21:38:15.203 INFO [main] org.apache.catalina.startup.VersionLoggerListener.log Server version number: 9.0.30.0
05-Mar-2020 21:38:15.203 INFO [main] org.apache.catalina.startup.VersionLoggerListener.log OS Name:               Mac OS X
05-Mar-2020 21:38:15.204 INFO [main] org.apache.catalina.startup.VersionLoggerListener.log OS Version:            10.14.6
05-Mar-2020 21:38:15.204 INFO [main] org.apache.catalina.startup.VersionLoggerListener.log Architecture:          x86_64
05-Mar-2020 21:38:15.204 INFO [main] org.apache.catalina.startup.VersionLoggerListener.log Java Home:             /Library/Java/JavaVirtualMachines/jdk-11.0.1.jdk/Contents/Home
05-Mar-2020 21:38:15.205 INFO [main] org.apache.catalina.startup.VersionLoggerListener.log JVM Version:           11.0.1+13-LTS
05-Mar-2020 21:38:15.205 INFO [main] org.apache.catalina.startup.VersionLoggerListener.log JVM Vendor:            Oracle Corporation
05-Mar-2020 21:38:15.205 INFO [main] org.apache.catalina.startup.VersionLoggerListener.log CATALINA_BASE:         /Users/lixianlin/myWebProject/TravelWeb/tomcat
05-Mar-2020 21:38:15.206 INFO [main] org.apache.catalina.startup.VersionLoggerListener.log CATALINA_HOME:         /Users/lixianlin/myWebProject/TravelWeb/tomcat
05-Mar-2020 21:38:15.249 INFO [main] org.apache.catalina.startup.VersionLoggerListener.log Command line argument: --add-opens=java.base/java.lang=ALL-UNNAMED
05-Mar-2020 21:38:15.249 INFO [main] org.apache.catalina.startup.VersionLoggerListener.log Command line argument: --add-opens=java.base/java.io=ALL-UNNAMED
05-Mar-2020 21:38:15.250 INFO [main] org.apache.catalina.startup.VersionLoggerListener.log Command line argument: --add-opens=java.rmi/sun.rmi.transport=ALL-UNNAMED
05-Mar-2020 21:38:15.250 INFO [main] org.apache.catalina.startup.VersionLoggerListener.log Command line argument: -Djava.util.logging.config.file=/Users/lixianlin/myWebProject/TravelWeb/tomcat/conf/logging.properties
05-Mar-2020 21:38:15.250 INFO [main] org.apache.catalina.startup.VersionLoggerListener.log Command line argument: -Djava.util.logging.manager=org.apache.juli.ClassLoaderLogManager
05-Mar-2020 21:38:15.250 INFO [main] org.apache.catalina.startup.VersionLoggerListener.log Command line argument: -Djdk.tls.ephemeralDHKeySize=2048
05-Mar-2020 21:38:15.251 INFO [main] org.apache.catalina.startup.VersionLoggerListener.log Command line argument: -Djava.protocol.handler.pkgs=org.apache.catalina.webresources
05-Mar-2020 21:38:15.251 INFO [main] org.apache.catalina.startup.VersionLoggerListener.log Command line argument: -Dorg.apache.catalina.security.SecurityListener.UMASK=0027
05-Mar-2020 21:38:15.251 INFO [main] org.apache.catalina.startup.VersionLoggerListener.log Command line argument: -Dignore.endorsed.dirs=
05-Mar-2020 21:38:15.251 INFO [main] org.apache.catalina.startup.VersionLoggerListener.log Command line argument: -Dcatalina.base=/Users/lixianlin/myWebProject/TravelWeb/tomcat
05-Mar-2020 21:38:15.251 INFO [main] org.apache.catalina.startup.VersionLoggerListener.log Command line argument: -Dcatalina.home=/Users/lixianlin/myWebProject/TravelWeb/tomcat
05-Mar-2020 21:38:15.251 INFO [main] org.apache.catalina.startup.VersionLoggerListener.log Command line argument: -Djava.io.tmpdir=/Users/lixianlin/myWebProject/TravelWeb/tomcat/temp
05-Mar-2020 21:38:15.251 INFO [main] org.apache.catalina.core.AprLifecycleListener.lifecycleEvent The APR based Apache Tomcat Native library which allows optimal performance in production environments was not found on the java.library.path: [/Users/lixianlin/Library/Java/Extensions:/Library/Java/Extensions:/Network/Library/Java/Extensions:/System/Library/Java/Extensions:/usr/lib/java:.]
05-Mar-2020 21:38:15.769 INFO [main] org.apache.coyote.AbstractProtocol.init Initializing ProtocolHandler ["http-nio-9999"]
05-Mar-2020 21:38:15.835 INFO [main] org.apache.coyote.AbstractProtocol.init Initializing ProtocolHandler ["ajp-nio-8009"]
05-Mar-2020 21:38:15.839 INFO [main] org.apache.catalina.startup.Catalina.load Server initialization in [1,029] milliseconds
05-Mar-2020 21:38:15.925 INFO [main] org.apache.catalina.core.StandardService.startInternal Starting service [Catalina]
05-Mar-2020 21:38:15.925 INFO [main] org.apache.catalina.core.StandardEngine.startInternal Starting Servlet engine: [Apache Tomcat/9.0.30]
05-Mar-2020 21:38:15.936 INFO [main] org.apache.catalina.startup.HostConfig.deployDirectory Deploying web application directory [/Users/lixianlin/myWebProject/TravelWeb/tomcat/webapps/ebookshop]
05-Mar-2020 21:38:16.643 INFO [main] org.apache.jasper.servlet.TldScanner.scanJars At least one JAR was scanned for TLDs yet contained no TLDs. Enable debug logging for this logger for a complete list of JARs that were scanned but no TLDs were found in them. Skipping unneeded JARs during scanning can improve startup time and JSP compilation time.
05-Mar-2020 21:38:16.754 INFO [main] org.apache.catalina.startup.HostConfig.deployDirectory Deployment of web application directory [/Users/lixianlin/myWebProject/TravelWeb/tomcat/webapps/ebookshop] has finished in [817] ms
05-Mar-2020 21:38:16.754 INFO [main] org.apache.catalina.startup.HostConfig.deployDirectory Deploying web application directory [/Users/lixianlin/myWebProject/TravelWeb/tomcat/webapps/docs]
05-Mar-2020 21:38:17.057 INFO [main] org.apache.jasper.servlet.TldScanner.scanJars At least one JAR was scanned for TLDs yet contained no TLDs. Enable debug logging for this logger for a complete list of JARs that were scanned but no TLDs were found in them. Skipping unneeded JARs during scanning can improve startup time and JSP compilation time.
05-Mar-2020 21:38:17.060 INFO [main] org.apache.catalina.startup.HostConfig.deployDirectory Deployment of web application directory [/Users/lixianlin/myWebProject/TravelWeb/tomcat/webapps/docs] has finished in [306] ms
05-Mar-2020 21:38:17.061 INFO [main] org.apache.catalina.startup.HostConfig.deployDirectory Deploying web application directory [/Users/lixianlin/myWebProject/TravelWeb/tomcat/webapps/manager]
05-Mar-2020 21:38:17.358 INFO [main] org.apache.jasper.servlet.TldScanner.scanJars At least one JAR was scanned for TLDs yet contained no TLDs. Enable debug logging for this logger for a complete list of JARs that were scanned but no TLDs were found in them. Skipping unneeded JARs during scanning can improve startup time and JSP compilation time.
05-Mar-2020 21:38:17.365 INFO [main] org.apache.catalina.startup.HostConfig.deployDirectory Deployment of web application directory [/Users/lixianlin/myWebProject/TravelWeb/tomcat/webapps/manager] has finished in [303] ms
05-Mar-2020 21:38:17.365 INFO [main] org.apache.catalina.startup.HostConfig.deployDirectory Deploying web application directory [/Users/lixianlin/myWebProject/TravelWeb/tomcat/webapps/examples]
05-Mar-2020 21:38:17.902 INFO [main] org.apache.jasper.servlet.TldScanner.scanJars At least one JAR was scanned for TLDs yet contained no TLDs. Enable debug logging for this logger for a complete list of JARs that were scanned but no TLDs were found in them. Skipping unneeded JARs during scanning can improve startup time and JSP compilation time.
05-Mar-2020 21:38:17.927 INFO [main] org.apache.catalina.startup.HostConfig.deployDirectory Deployment of web application directory [/Users/lixianlin/myWebProject/TravelWeb/tomcat/webapps/examples] has finished in [562] ms
05-Mar-2020 21:38:17.928 INFO [main] org.apache.catalina.startup.HostConfig.deployDirectory Deploying web application directory [/Users/lixianlin/myWebProject/TravelWeb/tomcat/webapps/ROOT]
05-Mar-2020 21:38:18.164 INFO [main] org.apache.jasper.servlet.TldScanner.scanJars At least one JAR was scanned for TLDs yet contained no TLDs. Enable debug logging for this logger for a complete list of JARs that were scanned but no TLDs were found in them. Skipping unneeded JARs during scanning can improve startup time and JSP compilation time.
05-Mar-2020 21:38:18.167 INFO [main] org.apache.catalina.startup.HostConfig.deployDirectory Deployment of web application directory [/Users/lixianlin/myWebProject/TravelWeb/tomcat/webapps/ROOT] has finished in [239] ms
05-Mar-2020 21:38:18.168 INFO [main] org.apache.catalina.startup.HostConfig.deployDirectory Deploying web application directory [/Users/lixianlin/myWebProject/TravelWeb/tomcat/webapps/hello]
05-Mar-2020 21:38:18.408 INFO [main] org.apache.jasper.servlet.TldScanner.scanJars At least one JAR was scanned for TLDs yet contained no TLDs. Enable debug logging for this logger for a complete list of JARs that were scanned but no TLDs were found in them. Skipping unneeded JARs during scanning can improve startup time and JSP compilation time.
05-Mar-2020 21:38:18.411 INFO [main] org.apache.catalina.startup.HostConfig.deployDirectory Deployment of web application directory [/Users/lixianlin/myWebProject/TravelWeb/tomcat/webapps/hello] has finished in [243] ms
05-Mar-2020 21:38:18.412 INFO [main] org.apache.catalina.startup.HostConfig.deployDirectory Deploying web application directory [/Users/lixianlin/myWebProject/TravelWeb/tomcat/webapps/host-manager]
05-Mar-2020 21:38:18.662 INFO [main] org.apache.jasper.servlet.TldScanner.scanJars At least one JAR was scanned for TLDs yet contained no TLDs. Enable debug logging for this logger for a complete list of JARs that were scanned but no TLDs were found in them. Skipping unneeded JARs during scanning can improve startup time and JSP compilation time.
05-Mar-2020 21:38:18.665 INFO [main] org.apache.catalina.startup.HostConfig.deployDirectory Deployment of web application directory [/Users/lixianlin/myWebProject/TravelWeb/tomcat/webapps/host-manager] has finished in [254] ms
05-Mar-2020 21:38:18.666 INFO [main] org.apache.catalina.startup.HostConfig.deployDirectory Deploying web application directory [/Users/lixianlin/myWebProject/TravelWeb/tomcat/webapps/SGTravel]
05-Mar-2020 21:38:18.894 INFO [main] org.apache.jasper.servlet.TldScanner.scanJars At least one JAR was scanned for TLDs yet contained no TLDs. Enable debug logging for this logger for a complete list of JARs that were scanned but no TLDs were found in them. Skipping unneeded JARs during scanning can improve startup time and JSP compilation time.
05-Mar-2020 21:38:18.897 INFO [main] org.apache.catalina.startup.HostConfig.deployDirectory Deployment of web application directory [/Users/lixianlin/myWebProject/TravelWeb/tomcat/webapps/SGTravel] has finished in [230] ms
05-Mar-2020 21:38:18.905 INFO [main] org.apache.coyote.AbstractProtocol.start Starting ProtocolHandler ["http-nio-9999"]
05-Mar-2020 21:38:18.917 INFO [main] org.apache.coyote.AbstractProtocol.start Starting ProtocolHandler ["ajp-nio-8009"]
05-Mar-2020 21:38:18.922 INFO [main] org.apache.catalina.startup.Catalina.start Server startup in [3,081] milliseconds
05-Mar-2020 21:39:55.494 INFO [main] org.apache.catalina.core.StandardServer.await A valid shutdown command was received via the shutdown port. Stopping the Server instance.
05-Mar-2020 21:39:55.496 INFO [main] org.apache.coyote.AbstractProtocol.pause Pausing ProtocolHandler ["http-nio-9999"]
05-Mar-2020 21:39:55.505 INFO [main] org.apache.coyote.AbstractProtocol.pause Pausing ProtocolHandler ["ajp-nio-8009"]
05-Mar-2020 21:39:55.513 INFO [main] org.apache.catalina.core.StandardService.stopInternal Stopping service [Catalina]
05-Mar-2020 21:39:55.569 INFO [main] org.apache.coyote.AbstractProtocol.stop Stopping ProtocolHandler ["http-nio-9999"]
05-Mar-2020 21:39:55.573 INFO [main] org.apache.coyote.AbstractProtocol.stop Stopping ProtocolHandler ["ajp-nio-8009"]
05-Mar-2020 21:39:55.576 INFO [main] org.apache.coyote.AbstractProtocol.destroy Destroying ProtocolHandler ["http-nio-9999"]
05-Mar-2020 21:39:55.580 INFO [main] org.apache.coyote.AbstractProtocol.destroy Destroying ProtocolHandler ["ajp-nio-8009"]
NOTE: Picked up JDK_JAVA_OPTIONS:  --add-opens=java.base/java.lang=ALL-UNNAMED --add-opens=java.base/java.io=ALL-UNNAMED --add-opens=java.rmi/sun.rmi.transport=ALL-UNNAMED
05-Mar-2020 21:40:02.901 INFO [main] org.apache.catalina.startup.VersionLoggerListener.log Server version name:   Apache Tomcat/9.0.30
05-Mar-2020 21:40:02.907 INFO [main] org.apache.catalina.startup.VersionLoggerListener.log Server built:          Dec 7 2019 16:42:04 UTC
05-Mar-2020 21:40:02.907 INFO [main] org.apache.catalina.startup.VersionLoggerListener.log Server version number: 9.0.30.0
05-Mar-2020 21:40:02.907 INFO [main] org.apache.catalina.startup.VersionLoggerListener.log OS Name:               Mac OS X
05-Mar-2020 21:40:02.907 INFO [main] org.apache.catalina.startup.VersionLoggerListener.log OS Version:            10.14.6
05-Mar-2020 21:40:02.908 INFO [main] org.apache.catalina.startup.VersionLoggerListener.log Architecture:          x86_64
05-Mar-2020 21:40:02.908 INFO [main] org.apache.catalina.startup.VersionLoggerListener.log Java Home:             /Library/Java/JavaVirtualMachines/jdk-11.0.1.jdk/Contents/Home
05-Mar-2020 21:40:02.908 INFO [main] org.apache.catalina.startup.VersionLoggerListener.log JVM Version:           11.0.1+13-LTS
05-Mar-2020 21:40:02.909 INFO [main] org.apache.catalina.startup.VersionLoggerListener.log JVM Vendor:            Oracle Corporation
05-Mar-2020 21:40:02.909 INFO [main] org.apache.catalina.startup.VersionLoggerListener.log CATALINA_BASE:         /Users/lixianlin/myWebProject/TravelWeb/tomcat
05-Mar-2020 21:40:02.909 INFO [main] org.apache.catalina.startup.VersionLoggerListener.log CATALINA_HOME:         /Users/lixianlin/myWebProject/TravelWeb/tomcat
05-Mar-2020 21:40:02.929 INFO [main] org.apache.catalina.startup.VersionLoggerListener.log Command line argument: --add-opens=java.base/java.lang=ALL-UNNAMED
05-Mar-2020 21:40:02.929 INFO [main] org.apache.catalina.startup.VersionLoggerListener.log Command line argument: --add-opens=java.base/java.io=ALL-UNNAMED
05-Mar-2020 21:40:02.929 INFO [main] org.apache.catalina.startup.VersionLoggerListener.log Command line argument: --add-opens=java.rmi/sun.rmi.transport=ALL-UNNAMED
05-Mar-2020 21:40:02.929 INFO [main] org.apache.catalina.startup.VersionLoggerListener.log Command line argument: -Djava.util.logging.config.file=/Users/lixianlin/myWebProject/TravelWeb/tomcat/conf/logging.properties
05-Mar-2020 21:40:02.930 INFO [main] org.apache.catalina.startup.VersionLoggerListener.log Command line argument: -Djava.util.logging.manager=org.apache.juli.ClassLoaderLogManager
05-Mar-2020 21:40:02.930 INFO [main] org.apache.catalina.startup.VersionLoggerListener.log Command line argument: -Djdk.tls.ephemeralDHKeySize=2048
05-Mar-2020 21:40:02.930 INFO [main] org.apache.catalina.startup.VersionLoggerListener.log Command line argument: -Djava.protocol.handler.pkgs=org.apache.catalina.webresources
05-Mar-2020 21:40:02.930 INFO [main] org.apache.catalina.startup.VersionLoggerListener.log Command line argument: -Dorg.apache.catalina.security.SecurityListener.UMASK=0027
05-Mar-2020 21:40:02.930 INFO [main] org.apache.catalina.startup.VersionLoggerListener.log Command line argument: -Dignore.endorsed.dirs=
05-Mar-2020 21:40:02.931 INFO [main] org.apache.catalina.startup.VersionLoggerListener.log Command line argument: -Dcatalina.base=/Users/lixianlin/myWebProject/TravelWeb/tomcat
05-Mar-2020 21:40:02.931 INFO [main] org.apache.catalina.startup.VersionLoggerListener.log Command line argument: -Dcatalina.home=/Users/lixianlin/myWebProject/TravelWeb/tomcat
05-Mar-2020 21:40:02.931 INFO [main] org.apache.catalina.startup.VersionLoggerListener.log Command line argument: -Djava.io.tmpdir=/Users/lixianlin/myWebProject/TravelWeb/tomcat/temp
05-Mar-2020 21:40:02.931 INFO [main] org.apache.catalina.core.AprLifecycleListener.lifecycleEvent The APR based Apache Tomcat Native library which allows optimal performance in production environments was not found on the java.library.path: [/Users/lixianlin/Library/Java/Extensions:/Library/Java/Extensions:/Network/Library/Java/Extensions:/System/Library/Java/Extensions:/usr/lib/java:.]
05-Mar-2020 21:40:03.322 INFO [main] org.apache.coyote.AbstractProtocol.init Initializing ProtocolHandler ["http-nio-9999"]
05-Mar-2020 21:40:03.366 INFO [main] org.apache.coyote.AbstractProtocol.init Initializing ProtocolHandler ["ajp-nio-8009"]
05-Mar-2020 21:40:03.370 INFO [main] org.apache.catalina.startup.Catalina.load Server initialization in [751] milliseconds
05-Mar-2020 21:40:03.446 INFO [main] org.apache.catalina.core.StandardService.startInternal Starting service [Catalina]
05-Mar-2020 21:40:03.446 INFO [main] org.apache.catalina.core.StandardEngine.startInternal Starting Servlet engine: [Apache Tomcat/9.0.30]
05-Mar-2020 21:40:03.457 INFO [main] org.apache.catalina.startup.HostConfig.deployDirectory Deploying web application directory [/Users/lixianlin/myWebProject/TravelWeb/tomcat/webapps/ebookshop]
05-Mar-2020 21:40:04.071 INFO [main] org.apache.jasper.servlet.TldScanner.scanJars At least one JAR was scanned for TLDs yet contained no TLDs. Enable debug logging for this logger for a complete list of JARs that were scanned but no TLDs were found in them. Skipping unneeded JARs during scanning can improve startup time and JSP compilation time.
05-Mar-2020 21:40:04.138 INFO [main] org.apache.catalina.startup.HostConfig.deployDirectory Deployment of web application directory [/Users/lixianlin/myWebProject/TravelWeb/tomcat/webapps/ebookshop] has finished in [681] ms
05-Mar-2020 21:40:04.139 INFO [main] org.apache.catalina.startup.HostConfig.deployDirectory Deploying web application directory [/Users/lixianlin/myWebProject/TravelWeb/tomcat/webapps/docs]
05-Mar-2020 21:40:04.447 INFO [main] org.apache.jasper.servlet.TldScanner.scanJars At least one JAR was scanned for TLDs yet contained no TLDs. Enable debug logging for this logger for a complete list of JARs that were scanned but no TLDs were found in them. Skipping unneeded JARs during scanning can improve startup time and JSP compilation time.
05-Mar-2020 21:40:04.451 INFO [main] org.apache.catalina.startup.HostConfig.deployDirectory Deployment of web application directory [/Users/lixianlin/myWebProject/TravelWeb/tomcat/webapps/docs] has finished in [312] ms
05-Mar-2020 21:40:04.452 INFO [main] org.apache.catalina.startup.HostConfig.deployDirectory Deploying web application directory [/Users/lixianlin/myWebProject/TravelWeb/tomcat/webapps/manager]
05-Mar-2020 21:40:04.806 INFO [main] org.apache.jasper.servlet.TldScanner.scanJars At least one JAR was scanned for TLDs yet contained no TLDs. Enable debug logging for this logger for a complete list of JARs that were scanned but no TLDs were found in them. Skipping unneeded JARs during scanning can improve startup time and JSP compilation time.
05-Mar-2020 21:40:04.814 INFO [main] org.apache.catalina.startup.HostConfig.deployDirectory Deployment of web application directory [/Users/lixianlin/myWebProject/TravelWeb/tomcat/webapps/manager] has finished in [362] ms
05-Mar-2020 21:40:04.818 INFO [main] org.apache.catalina.startup.HostConfig.deployDirectory Deploying web application directory [/Users/lixianlin/myWebProject/TravelWeb/tomcat/webapps/examples]
05-Mar-2020 21:40:05.497 INFO [main] org.apache.jasper.servlet.TldScanner.scanJars At least one JAR was scanned for TLDs yet contained no TLDs. Enable debug logging for this logger for a complete list of JARs that were scanned but no TLDs were found in them. Skipping unneeded JARs during scanning can improve startup time and JSP compilation time.
05-Mar-2020 21:40:05.532 INFO [main] org.apache.catalina.startup.HostConfig.deployDirectory Deployment of web application directory [/Users/lixianlin/myWebProject/TravelWeb/tomcat/webapps/examples] has finished in [715] ms
05-Mar-2020 21:40:05.533 INFO [main] org.apache.catalina.startup.HostConfig.deployDirectory Deploying web application directory [/Users/lixianlin/myWebProject/TravelWeb/tomcat/webapps/ROOT]
05-Mar-2020 21:40:05.795 INFO [main] org.apache.jasper.servlet.TldScanner.scanJars At least one JAR was scanned for TLDs yet contained no TLDs. Enable debug logging for this logger for a complete list of JARs that were scanned but no TLDs were found in them. Skipping unneeded JARs during scanning can improve startup time and JSP compilation time.
05-Mar-2020 21:40:05.798 INFO [main] org.apache.catalina.startup.HostConfig.deployDirectory Deployment of web application directory [/Users/lixianlin/myWebProject/TravelWeb/tomcat/webapps/ROOT] has finished in [265] ms
05-Mar-2020 21:40:05.800 INFO [main] org.apache.catalina.startup.HostConfig.deployDirectory Deploying web application directory [/Users/lixianlin/myWebProject/TravelWeb/tomcat/webapps/hello]
05-Mar-2020 21:40:06.045 INFO [main] org.apache.jasper.servlet.TldScanner.scanJars At least one JAR was scanned for TLDs yet contained no TLDs. Enable debug logging for this logger for a complete list of JARs that were scanned but no TLDs were found in them. Skipping unneeded JARs during scanning can improve startup time and JSP compilation time.
05-Mar-2020 21:40:06.048 INFO [main] org.apache.catalina.startup.HostConfig.deployDirectory Deployment of web application directory [/Users/lixianlin/myWebProject/TravelWeb/tomcat/webapps/hello] has finished in [250] ms
05-Mar-2020 21:40:06.049 INFO [main] org.apache.catalina.startup.HostConfig.deployDirectory Deploying web application directory [/Users/lixianlin/myWebProject/TravelWeb/tomcat/webapps/host-manager]
05-Mar-2020 21:40:06.288 INFO [main] org.apache.jasper.servlet.TldScanner.scanJars At least one JAR was scanned for TLDs yet contained no TLDs. Enable debug logging for this logger for a complete list of JARs that were scanned but no TLDs were found in them. Skipping unneeded JARs during scanning can improve startup time and JSP compilation time.
05-Mar-2020 21:40:06.291 INFO [main] org.apache.catalina.startup.HostConfig.deployDirectory Deployment of web application directory [/Users/lixianlin/myWebProject/TravelWeb/tomcat/webapps/host-manager] has finished in [242] ms
05-Mar-2020 21:40:06.293 INFO [main] org.apache.catalina.startup.HostConfig.deployDirectory Deploying web application directory [/Users/lixianlin/myWebProject/TravelWeb/tomcat/webapps/SGTravel]
05-Mar-2020 21:40:06.516 INFO [main] org.apache.jasper.servlet.TldScanner.scanJars At least one JAR was scanned for TLDs yet contained no TLDs. Enable debug logging for this logger for a complete list of JARs that were scanned but no TLDs were found in them. Skipping unneeded JARs during scanning can improve startup time and JSP compilation time.
05-Mar-2020 21:40:06.519 INFO [main] org.apache.catalina.startup.HostConfig.deployDirectory Deployment of web application directory [/Users/lixianlin/myWebProject/TravelWeb/tomcat/webapps/SGTravel] has finished in [225] ms
05-Mar-2020 21:40:06.526 INFO [main] org.apache.coyote.AbstractProtocol.start Starting ProtocolHandler ["http-nio-9999"]
05-Mar-2020 21:40:06.537 INFO [main] org.apache.coyote.AbstractProtocol.start Starting ProtocolHandler ["ajp-nio-8009"]
05-Mar-2020 21:40:06.543 INFO [main] org.apache.catalina.startup.Catalina.start Server startup in [3,172] milliseconds
05-Mar-2020 21:40:18.349 INFO [main] org.apache.catalina.core.StandardServer.await A valid shutdown command was received via the shutdown port. Stopping the Server instance.
05-Mar-2020 21:40:18.349 INFO [main] org.apache.coyote.AbstractProtocol.pause Pausing ProtocolHandler ["http-nio-9999"]
05-Mar-2020 21:40:18.360 INFO [main] org.apache.coyote.AbstractProtocol.pause Pausing ProtocolHandler ["ajp-nio-8009"]
05-Mar-2020 21:40:18.369 INFO [main] org.apache.catalina.core.StandardService.stopInternal Stopping service [Catalina]
05-Mar-2020 21:40:18.420 INFO [main] org.apache.coyote.AbstractProtocol.stop Stopping ProtocolHandler ["http-nio-9999"]
05-Mar-2020 21:40:18.425 INFO [main] org.apache.coyote.AbstractProtocol.stop Stopping ProtocolHandler ["ajp-nio-8009"]
05-Mar-2020 21:40:18.433 INFO [main] org.apache.coyote.AbstractProtocol.destroy Destroying ProtocolHandler ["http-nio-9999"]
05-Mar-2020 21:40:18.434 INFO [main] org.apache.coyote.AbstractProtocol.destroy Destroying ProtocolHandler ["ajp-nio-8009"]
NOTE: Picked up JDK_JAVA_OPTIONS:  --add-opens=java.base/java.lang=ALL-UNNAMED --add-opens=java.base/java.io=ALL-UNNAMED --add-opens=java.rmi/sun.rmi.transport=ALL-UNNAMED
05-Mar-2020 21:40:37.338 INFO [main] org.apache.catalina.startup.VersionLoggerListener.log Server version name:   Apache Tomcat/9.0.30
05-Mar-2020 21:40:37.344 INFO [main] org.apache.catalina.startup.VersionLoggerListener.log Server built:          Dec 7 2019 16:42:04 UTC
05-Mar-2020 21:40:37.344 INFO [main] org.apache.catalina.startup.VersionLoggerListener.log Server version number: 9.0.30.0
05-Mar-2020 21:40:37.345 INFO [main] org.apache.catalina.startup.VersionLoggerListener.log OS Name:               Mac OS X
05-Mar-2020 21:40:37.345 INFO [main] org.apache.catalina.startup.VersionLoggerListener.log OS Version:            10.14.6
05-Mar-2020 21:40:37.345 INFO [main] org.apache.catalina.startup.VersionLoggerListener.log Architecture:          x86_64
05-Mar-2020 21:40:37.346 INFO [main] org.apache.catalina.startup.VersionLoggerListener.log Java Home:             /Library/Java/JavaVirtualMachines/jdk-11.0.1.jdk/Contents/Home
05-Mar-2020 21:40:37.346 INFO [main] org.apache.catalina.startup.VersionLoggerListener.log JVM Version:           11.0.1+13-LTS
05-Mar-2020 21:40:37.346 INFO [main] org.apache.catalina.startup.VersionLoggerListener.log JVM Vendor:            Oracle Corporation
05-Mar-2020 21:40:37.346 INFO [main] org.apache.catalina.startup.VersionLoggerListener.log CATALINA_BASE:         /Users/lixianlin/myWebProject/TravelWeb/tomcat
05-Mar-2020 21:40:37.347 INFO [main] org.apache.catalina.startup.VersionLoggerListener.log CATALINA_HOME:         /Users/lixianlin/myWebProject/TravelWeb/tomcat
05-Mar-2020 21:40:37.365 INFO [main] org.apache.catalina.startup.VersionLoggerListener.log Command line argument: --add-opens=java.base/java.lang=ALL-UNNAMED
05-Mar-2020 21:40:37.365 INFO [main] org.apache.catalina.startup.VersionLoggerListener.log Command line argument: --add-opens=java.base/java.io=ALL-UNNAMED
05-Mar-2020 21:40:37.366 INFO [main] org.apache.catalina.startup.VersionLoggerListener.log Command line argument: --add-opens=java.rmi/sun.rmi.transport=ALL-UNNAMED
05-Mar-2020 21:40:37.366 INFO [main] org.apache.catalina.startup.VersionLoggerListener.log Command line argument: -Djava.util.logging.config.file=/Users/lixianlin/myWebProject/TravelWeb/tomcat/conf/logging.properties
05-Mar-2020 21:40:37.366 INFO [main] org.apache.catalina.startup.VersionLoggerListener.log Command line argument: -Djava.util.logging.manager=org.apache.juli.ClassLoaderLogManager
05-Mar-2020 21:40:37.366 INFO [main] org.apache.catalina.startup.VersionLoggerListener.log Command line argument: -Djdk.tls.ephemeralDHKeySize=2048
05-Mar-2020 21:40:37.367 INFO [main] org.apache.catalina.startup.VersionLoggerListener.log Command line argument: -Djava.protocol.handler.pkgs=org.apache.catalina.webresources
05-Mar-2020 21:40:37.367 INFO [main] org.apache.catalina.startup.VersionLoggerListener.log Command line argument: -Dorg.apache.catalina.security.SecurityListener.UMASK=0027
05-Mar-2020 21:40:37.367 INFO [main] org.apache.catalina.startup.VersionLoggerListener.log Command line argument: -Dignore.endorsed.dirs=
05-Mar-2020 21:40:37.368 INFO [main] org.apache.catalina.startup.VersionLoggerListener.log Command line argument: -Dcatalina.base=/Users/lixianlin/myWebProject/TravelWeb/tomcat
05-Mar-2020 21:40:37.368 INFO [main] org.apache.catalina.startup.VersionLoggerListener.log Command line argument: -Dcatalina.home=/Users/lixianlin/myWebProject/TravelWeb/tomcat
05-Mar-2020 21:40:37.368 INFO [main] org.apache.catalina.startup.VersionLoggerListener.log Command line argument: -Djava.io.tmpdir=/Users/lixianlin/myWebProject/TravelWeb/tomcat/temp
05-Mar-2020 21:40:37.368 INFO [main] org.apache.catalina.core.AprLifecycleListener.lifecycleEvent The APR based Apache Tomcat Native library which allows optimal performance in production environments was not found on the java.library.path: [/Users/lixianlin/Library/Java/Extensions:/Library/Java/Extensions:/Network/Library/Java/Extensions:/System/Library/Java/Extensions:/usr/lib/java:.]
05-Mar-2020 21:40:37.805 INFO [main] org.apache.coyote.AbstractProtocol.init Initializing ProtocolHandler ["http-nio-9999"]
05-Mar-2020 21:40:37.863 INFO [main] org.apache.coyote.AbstractProtocol.init Initializing ProtocolHandler ["ajp-nio-8009"]
05-Mar-2020 21:40:37.867 INFO [main] org.apache.catalina.startup.Catalina.load Server initialization in [811] milliseconds
05-Mar-2020 21:40:37.965 INFO [main] org.apache.catalina.core.StandardService.startInternal Starting service [Catalina]
05-Mar-2020 21:40:37.966 INFO [main] org.apache.catalina.core.StandardEngine.startInternal Starting Servlet engine: [Apache Tomcat/9.0.30]
05-Mar-2020 21:40:37.979 INFO [main] org.apache.catalina.startup.HostConfig.deployDirectory Deploying web application directory [/Users/lixianlin/myWebProject/TravelWeb/tomcat/webapps/ebookshop]
05-Mar-2020 21:40:38.887 INFO [main] org.apache.jasper.servlet.TldScanner.scanJars At least one JAR was scanned for TLDs yet contained no TLDs. Enable debug logging for this logger for a complete list of JARs that were scanned but no TLDs were found in them. Skipping unneeded JARs during scanning can improve startup time and JSP compilation time.
05-Mar-2020 21:40:38.966 INFO [main] org.apache.catalina.startup.HostConfig.deployDirectory Deployment of web application directory [/Users/lixianlin/myWebProject/TravelWeb/tomcat/webapps/ebookshop] has finished in [987] ms
05-Mar-2020 21:40:38.967 INFO [main] org.apache.catalina.startup.HostConfig.deployDirectory Deploying web application directory [/Users/lixianlin/myWebProject/TravelWeb/tomcat/webapps/docs]
05-Mar-2020 21:40:39.340 INFO [main] org.apache.jasper.servlet.TldScanner.scanJars At least one JAR was scanned for TLDs yet contained no TLDs. Enable debug logging for this logger for a complete list of JARs that were scanned but no TLDs were found in them. Skipping unneeded JARs during scanning can improve startup time and JSP compilation time.
05-Mar-2020 21:40:39.343 INFO [main] org.apache.catalina.startup.HostConfig.deployDirectory Deployment of web application directory [/Users/lixianlin/myWebProject/TravelWeb/tomcat/webapps/docs] has finished in [377] ms
05-Mar-2020 21:40:39.344 INFO [main] org.apache.catalina.startup.HostConfig.deployDirectory Deploying web application directory [/Users/lixianlin/myWebProject/TravelWeb/tomcat/webapps/manager]
05-Mar-2020 21:40:39.618 INFO [main] org.apache.jasper.servlet.TldScanner.scanJars At least one JAR was scanned for TLDs yet contained no TLDs. Enable debug logging for this logger for a complete list of JARs that were scanned but no TLDs were found in them. Skipping unneeded JARs during scanning can improve startup time and JSP compilation time.
05-Mar-2020 21:40:39.626 INFO [main] org.apache.catalina.startup.HostConfig.deployDirectory Deployment of web application directory [/Users/lixianlin/myWebProject/TravelWeb/tomcat/webapps/manager] has finished in [283] ms
05-Mar-2020 21:40:39.627 INFO [main] org.apache.catalina.startup.HostConfig.deployDirectory Deploying web application directory [/Users/lixianlin/myWebProject/TravelWeb/tomcat/webapps/examples]
05-Mar-2020 21:40:40.225 INFO [main] org.apache.jasper.servlet.TldScanner.scanJars At least one JAR was scanned for TLDs yet contained no TLDs. Enable debug logging for this logger for a complete list of JARs that were scanned but no TLDs were found in them. Skipping unneeded JARs during scanning can improve startup time and JSP compilation time.
05-Mar-2020 21:40:40.251 INFO [main] org.apache.catalina.startup.HostConfig.deployDirectory Deployment of web application directory [/Users/lixianlin/myWebProject/TravelWeb/tomcat/webapps/examples] has finished in [623] ms
05-Mar-2020 21:40:40.251 INFO [main] org.apache.catalina.startup.HostConfig.deployDirectory Deploying web application directory [/Users/lixianlin/myWebProject/TravelWeb/tomcat/webapps/ROOT]
05-Mar-2020 21:40:40.570 INFO [main] org.apache.jasper.servlet.TldScanner.scanJars At least one JAR was scanned for TLDs yet contained no TLDs. Enable debug logging for this logger for a complete list of JARs that were scanned but no TLDs were found in them. Skipping unneeded JARs during scanning can improve startup time and JSP compilation time.
05-Mar-2020 21:40:40.573 INFO [main] org.apache.catalina.startup.HostConfig.deployDirectory Deployment of web application directory [/Users/lixianlin/myWebProject/TravelWeb/tomcat/webapps/ROOT] has finished in [322] ms
05-Mar-2020 21:40:40.574 INFO [main] org.apache.catalina.startup.HostConfig.deployDirectory Deploying web application directory [/Users/lixianlin/myWebProject/TravelWeb/tomcat/webapps/hello]
05-Mar-2020 21:40:40.879 INFO [main] org.apache.jasper.servlet.TldScanner.scanJars At least one JAR was scanned for TLDs yet contained no TLDs. Enable debug logging for this logger for a complete list of JARs that were scanned but no TLDs were found in them. Skipping unneeded JARs during scanning can improve startup time and JSP compilation time.
05-Mar-2020 21:40:40.883 INFO [main] org.apache.catalina.startup.HostConfig.deployDirectory Deployment of web application directory [/Users/lixianlin/myWebProject/TravelWeb/tomcat/webapps/hello] has finished in [310] ms
05-Mar-2020 21:40:40.884 INFO [main] org.apache.catalina.startup.HostConfig.deployDirectory Deploying web application directory [/Users/lixianlin/myWebProject/TravelWeb/tomcat/webapps/host-manager]
05-Mar-2020 21:40:41.124 INFO [main] org.apache.jasper.servlet.TldScanner.scanJars At least one JAR was scanned for TLDs yet contained no TLDs. Enable debug logging for this logger for a complete list of JARs that were scanned but no TLDs were found in them. Skipping unneeded JARs during scanning can improve startup time and JSP compilation time.
05-Mar-2020 21:40:41.128 INFO [main] org.apache.catalina.startup.HostConfig.deployDirectory Deployment of web application directory [/Users/lixianlin/myWebProject/TravelWeb/tomcat/webapps/host-manager] has finished in [243] ms
05-Mar-2020 21:40:41.128 INFO [main] org.apache.catalina.startup.HostConfig.deployDirectory Deploying web application directory [/Users/lixianlin/myWebProject/TravelWeb/tomcat/webapps/SGTravel]
05-Mar-2020 21:40:41.361 INFO [main] org.apache.jasper.servlet.TldScanner.scanJars At least one JAR was scanned for TLDs yet contained no TLDs. Enable debug logging for this logger for a complete list of JARs that were scanned but no TLDs were found in them. Skipping unneeded JARs during scanning can improve startup time and JSP compilation time.
05-Mar-2020 21:40:41.365 INFO [main] org.apache.catalina.startup.HostConfig.deployDirectory Deployment of web application directory [/Users/lixianlin/myWebProject/TravelWeb/tomcat/webapps/SGTravel] has finished in [237] ms
05-Mar-2020 21:40:41.374 INFO [main] org.apache.coyote.AbstractProtocol.start Starting ProtocolHandler ["http-nio-9999"]
05-Mar-2020 21:40:41.390 INFO [main] org.apache.coyote.AbstractProtocol.start Starting ProtocolHandler ["ajp-nio-8009"]
05-Mar-2020 21:40:41.396 INFO [main] org.apache.catalina.startup.Catalina.start Server startup in [3,528] milliseconds
05-Mar-2020 21:40:47.401 INFO [main] org.apache.catalina.core.StandardServer.await A valid shutdown command was received via the shutdown port. Stopping the Server instance.
05-Mar-2020 21:40:47.402 INFO [main] org.apache.coyote.AbstractProtocol.pause Pausing ProtocolHandler ["http-nio-9999"]
05-Mar-2020 21:40:47.413 INFO [main] org.apache.coyote.AbstractProtocol.pause Pausing ProtocolHandler ["ajp-nio-8009"]
05-Mar-2020 21:40:47.421 INFO [main] org.apache.catalina.core.StandardService.stopInternal Stopping service [Catalina]
05-Mar-2020 21:40:47.467 INFO [main] org.apache.coyote.AbstractProtocol.stop Stopping ProtocolHandler ["http-nio-9999"]
05-Mar-2020 21:40:47.473 INFO [main] org.apache.coyote.AbstractProtocol.stop Stopping ProtocolHandler ["ajp-nio-8009"]
05-Mar-2020 21:40:47.478 INFO [main] org.apache.coyote.AbstractProtocol.destroy Destroying ProtocolHandler ["http-nio-9999"]
05-Mar-2020 21:40:47.481 INFO [main] org.apache.coyote.AbstractProtocol.destroy Destroying ProtocolHandler ["ajp-nio-8009"]
NOTE: Picked up JDK_JAVA_OPTIONS:  --add-opens=java.base/java.lang=ALL-UNNAMED --add-opens=java.base/java.io=ALL-UNNAMED --add-opens=java.rmi/sun.rmi.transport=ALL-UNNAMED
05-Mar-2020 21:41:37.169 INFO [main] org.apache.catalina.startup.VersionLoggerListener.log Server version name:   Apache Tomcat/9.0.30
05-Mar-2020 21:41:37.175 INFO [main] org.apache.catalina.startup.VersionLoggerListener.log Server built:          Dec 7 2019 16:42:04 UTC
05-Mar-2020 21:41:37.175 INFO [main] org.apache.catalina.startup.VersionLoggerListener.log Server version number: 9.0.30.0
05-Mar-2020 21:41:37.175 INFO [main] org.apache.catalina.startup.VersionLoggerListener.log OS Name:               Mac OS X
05-Mar-2020 21:41:37.176 INFO [main] org.apache.catalina.startup.VersionLoggerListener.log OS Version:            10.14.6
05-Mar-2020 21:41:37.176 INFO [main] org.apache.catalina.startup.VersionLoggerListener.log Architecture:          x86_64
05-Mar-2020 21:41:37.176 INFO [main] org.apache.catalina.startup.VersionLoggerListener.log Java Home:             /Library/Java/JavaVirtualMachines/jdk-11.0.1.jdk/Contents/Home
05-Mar-2020 21:41:37.177 INFO [main] org.apache.catalina.startup.VersionLoggerListener.log JVM Version:           11.0.1+13-LTS
05-Mar-2020 21:41:37.177 INFO [main] org.apache.catalina.startup.VersionLoggerListener.log JVM Vendor:            Oracle Corporation
05-Mar-2020 21:41:37.177 INFO [main] org.apache.catalina.startup.VersionLoggerListener.log CATALINA_BASE:         /Users/lixianlin/myWebProject/TravelWeb/tomcat
05-Mar-2020 21:41:37.178 INFO [main] org.apache.catalina.startup.VersionLoggerListener.log CATALINA_HOME:         /Users/lixianlin/myWebProject/TravelWeb/tomcat
05-Mar-2020 21:41:37.196 INFO [main] org.apache.catalina.startup.VersionLoggerListener.log Command line argument: --add-opens=java.base/java.lang=ALL-UNNAMED
05-Mar-2020 21:41:37.197 INFO [main] org.apache.catalina.startup.VersionLoggerListener.log Command line argument: --add-opens=java.base/java.io=ALL-UNNAMED
05-Mar-2020 21:41:37.197 INFO [main] org.apache.catalina.startup.VersionLoggerListener.log Command line argument: --add-opens=java.rmi/sun.rmi.transport=ALL-UNNAMED
05-Mar-2020 21:41:37.197 INFO [main] org.apache.catalina.startup.VersionLoggerListener.log Command line argument: -Djava.util.logging.config.file=/Users/lixianlin/myWebProject/TravelWeb/tomcat/conf/logging.properties
05-Mar-2020 21:41:37.198 INFO [main] org.apache.catalina.startup.VersionLoggerListener.log Command line argument: -Djava.util.logging.manager=org.apache.juli.ClassLoaderLogManager
05-Mar-2020 21:41:37.198 INFO [main] org.apache.catalina.startup.VersionLoggerListener.log Command line argument: -Djdk.tls.ephemeralDHKeySize=2048
05-Mar-2020 21:41:37.198 INFO [main] org.apache.catalina.startup.VersionLoggerListener.log Command line argument: -Djava.protocol.handler.pkgs=org.apache.catalina.webresources
05-Mar-2020 21:41:37.198 INFO [main] org.apache.catalina.startup.VersionLoggerListener.log Command line argument: -Dorg.apache.catalina.security.SecurityListener.UMASK=0027
05-Mar-2020 21:41:37.199 INFO [main] org.apache.catalina.startup.VersionLoggerListener.log Command line argument: -Dignore.endorsed.dirs=
05-Mar-2020 21:41:37.199 INFO [main] org.apache.catalina.startup.VersionLoggerListener.log Command line argument: -Dcatalina.base=/Users/lixianlin/myWebProject/TravelWeb/tomcat
05-Mar-2020 21:41:37.199 INFO [main] org.apache.catalina.startup.VersionLoggerListener.log Command line argument: -Dcatalina.home=/Users/lixianlin/myWebProject/TravelWeb/tomcat
05-Mar-2020 21:41:37.199 INFO [main] org.apache.catalina.startup.VersionLoggerListener.log Command line argument: -Djava.io.tmpdir=/Users/lixianlin/myWebProject/TravelWeb/tomcat/temp
05-Mar-2020 21:41:37.200 INFO [main] org.apache.catalina.core.AprLifecycleListener.lifecycleEvent The APR based Apache Tomcat Native library which allows optimal performance in production environments was not found on the java.library.path: [/Users/lixianlin/Library/Java/Extensions:/Library/Java/Extensions:/Network/Library/Java/Extensions:/System/Library/Java/Extensions:/usr/lib/java:.]
05-Mar-2020 21:41:37.634 INFO [main] org.apache.coyote.AbstractProtocol.init Initializing ProtocolHandler ["http-nio-9999"]
05-Mar-2020 21:41:37.688 INFO [main] org.apache.coyote.AbstractProtocol.init Initializing ProtocolHandler ["ajp-nio-8009"]
05-Mar-2020 21:41:37.692 INFO [main] org.apache.catalina.startup.Catalina.load Server initialization in [813] milliseconds
05-Mar-2020 21:41:37.794 INFO [main] org.apache.catalina.core.StandardService.startInternal Starting service [Catalina]
05-Mar-2020 21:41:37.795 INFO [main] org.apache.catalina.core.StandardEngine.startInternal Starting Servlet engine: [Apache Tomcat/9.0.30]
05-Mar-2020 21:41:37.807 INFO [main] org.apache.catalina.startup.HostConfig.deployDirectory Deploying web application directory [/Users/lixianlin/myWebProject/TravelWeb/tomcat/webapps/ebookshop]
05-Mar-2020 21:41:38.613 INFO [main] org.apache.jasper.servlet.TldScanner.scanJars At least one JAR was scanned for TLDs yet contained no TLDs. Enable debug logging for this logger for a complete list of JARs that were scanned but no TLDs were found in them. Skipping unneeded JARs during scanning can improve startup time and JSP compilation time.
05-Mar-2020 21:41:38.685 INFO [main] org.apache.catalina.startup.HostConfig.deployDirectory Deployment of web application directory [/Users/lixianlin/myWebProject/TravelWeb/tomcat/webapps/ebookshop] has finished in [878] ms
05-Mar-2020 21:41:38.686 INFO [main] org.apache.catalina.startup.HostConfig.deployDirectory Deploying web application directory [/Users/lixianlin/myWebProject/TravelWeb/tomcat/webapps/docs]
05-Mar-2020 21:41:39.000 INFO [main] org.apache.jasper.servlet.TldScanner.scanJars At least one JAR was scanned for TLDs yet contained no TLDs. Enable debug logging for this logger for a complete list of JARs that were scanned but no TLDs were found in them. Skipping unneeded JARs during scanning can improve startup time and JSP compilation time.
05-Mar-2020 21:41:39.003 INFO [main] org.apache.catalina.startup.HostConfig.deployDirectory Deployment of web application directory [/Users/lixianlin/myWebProject/TravelWeb/tomcat/webapps/docs] has finished in [318] ms
05-Mar-2020 21:41:39.004 INFO [main] org.apache.catalina.startup.HostConfig.deployDirectory Deploying web application directory [/Users/lixianlin/myWebProject/TravelWeb/tomcat/webapps/manager]
05-Mar-2020 21:41:39.277 INFO [main] org.apache.jasper.servlet.TldScanner.scanJars At least one JAR was scanned for TLDs yet contained no TLDs. Enable debug logging for this logger for a complete list of JARs that were scanned but no TLDs were found in them. Skipping unneeded JARs during scanning can improve startup time and JSP compilation time.
05-Mar-2020 21:41:39.284 INFO [main] org.apache.catalina.startup.HostConfig.deployDirectory Deployment of web application directory [/Users/lixianlin/myWebProject/TravelWeb/tomcat/webapps/manager] has finished in [281] ms
05-Mar-2020 21:41:39.285 INFO [main] org.apache.catalina.startup.HostConfig.deployDirectory Deploying web application directory [/Users/lixianlin/myWebProject/TravelWeb/tomcat/webapps/examples]
05-Mar-2020 21:41:39.886 INFO [main] org.apache.jasper.servlet.TldScanner.scanJars At least one JAR was scanned for TLDs yet contained no TLDs. Enable debug logging for this logger for a complete list of JARs that were scanned but no TLDs were found in them. Skipping unneeded JARs during scanning can improve startup time and JSP compilation time.
05-Mar-2020 21:41:39.923 INFO [main] org.apache.catalina.startup.HostConfig.deployDirectory Deployment of web application directory [/Users/lixianlin/myWebProject/TravelWeb/tomcat/webapps/examples] has finished in [639] ms
05-Mar-2020 21:41:39.924 INFO [main] org.apache.catalina.startup.HostConfig.deployDirectory Deploying web application directory [/Users/lixianlin/myWebProject/TravelWeb/tomcat/webapps/ROOT]
05-Mar-2020 21:41:40.219 INFO [main] org.apache.jasper.servlet.TldScanner.scanJars At least one JAR was scanned for TLDs yet contained no TLDs. Enable debug logging for this logger for a complete list of JARs that were scanned but no TLDs were found in them. Skipping unneeded JARs during scanning can improve startup time and JSP compilation time.
05-Mar-2020 21:41:40.222 INFO [main] org.apache.catalina.startup.HostConfig.deployDirectory Deployment of web application directory [/Users/lixianlin/myWebProject/TravelWeb/tomcat/webapps/ROOT] has finished in [299] ms
05-Mar-2020 21:41:40.223 INFO [main] org.apache.catalina.startup.HostConfig.deployDirectory Deploying web application directory [/Users/lixianlin/myWebProject/TravelWeb/tomcat/webapps/hello]
05-Mar-2020 21:41:40.502 INFO [main] org.apache.jasper.servlet.TldScanner.scanJars At least one JAR was scanned for TLDs yet contained no TLDs. Enable debug logging for this logger for a complete list of JARs that were scanned but no TLDs were found in them. Skipping unneeded JARs during scanning can improve startup time and JSP compilation time.
05-Mar-2020 21:41:40.505 INFO [main] org.apache.catalina.startup.HostConfig.deployDirectory Deployment of web application directory [/Users/lixianlin/myWebProject/TravelWeb/tomcat/webapps/hello] has finished in [281] ms
05-Mar-2020 21:41:40.506 INFO [main] org.apache.catalina.startup.HostConfig.deployDirectory Deploying web application directory [/Users/lixianlin/myWebProject/TravelWeb/tomcat/webapps/host-manager]
05-Mar-2020 21:41:40.783 INFO [main] org.apache.jasper.servlet.TldScanner.scanJars At least one JAR was scanned for TLDs yet contained no TLDs. Enable debug logging for this logger for a complete list of JARs that were scanned but no TLDs were found in them. Skipping unneeded JARs during scanning can improve startup time and JSP compilation time.
05-Mar-2020 21:41:40.787 INFO [main] org.apache.catalina.startup.HostConfig.deployDirectory Deployment of web application directory [/Users/lixianlin/myWebProject/TravelWeb/tomcat/webapps/host-manager] has finished in [280] ms
05-Mar-2020 21:41:40.788 INFO [main] org.apache.catalina.startup.HostConfig.deployDirectory Deploying web application directory [/Users/lixianlin/myWebProject/TravelWeb/tomcat/webapps/SGTravel]
05-Mar-2020 21:41:41.047 INFO [main] org.apache.jasper.servlet.TldScanner.scanJars At least one JAR was scanned for TLDs yet contained no TLDs. Enable debug logging for this logger for a complete list of JARs that were scanned but no TLDs were found in them. Skipping unneeded JARs during scanning can improve startup time and JSP compilation time.
05-Mar-2020 21:41:41.049 INFO [main] org.apache.catalina.startup.HostConfig.deployDirectory Deployment of web application directory [/Users/lixianlin/myWebProject/TravelWeb/tomcat/webapps/SGTravel] has finished in [262] ms
05-Mar-2020 21:41:41.057 INFO [main] org.apache.coyote.AbstractProtocol.start Starting ProtocolHandler ["http-nio-9999"]
05-Mar-2020 21:41:41.068 INFO [main] org.apache.coyote.AbstractProtocol.start Starting ProtocolHandler ["ajp-nio-8009"]
05-Mar-2020 21:41:41.072 INFO [main] org.apache.catalina.startup.Catalina.start Server startup in [3,379] milliseconds
05-Mar-2020 21:42:12.879 INFO [main] org.apache.catalina.core.StandardServer.await A valid shutdown command was received via the shutdown port. Stopping the Server instance.
05-Mar-2020 21:42:12.880 INFO [main] org.apache.coyote.AbstractProtocol.pause Pausing ProtocolHandler ["http-nio-9999"]
05-Mar-2020 21:42:12.891 INFO [main] org.apache.coyote.AbstractProtocol.pause Pausing ProtocolHandler ["ajp-nio-8009"]
05-Mar-2020 21:42:12.899 INFO [main] org.apache.catalina.core.StandardService.stopInternal Stopping service [Catalina]
05-Mar-2020 21:42:12.944 INFO [main] org.apache.coyote.AbstractProtocol.stop Stopping ProtocolHandler ["http-nio-9999"]
05-Mar-2020 21:42:12.950 INFO [main] org.apache.coyote.AbstractProtocol.stop Stopping ProtocolHandler ["ajp-nio-8009"]
05-Mar-2020 21:42:12.953 INFO [main] org.apache.coyote.AbstractProtocol.destroy Destroying ProtocolHandler ["http-nio-9999"]
05-Mar-2020 21:42:12.956 INFO [main] org.apache.coyote.AbstractProtocol.destroy Destroying ProtocolHandler ["ajp-nio-8009"]
NOTE: Picked up JDK_JAVA_OPTIONS:  --add-opens=java.base/java.lang=ALL-UNNAMED --add-opens=java.base/java.io=ALL-UNNAMED --add-opens=java.rmi/sun.rmi.transport=ALL-UNNAMED
05-Mar-2020 21:43:15.468 INFO [main] org.apache.catalina.startup.VersionLoggerListener.log Server version name:   Apache Tomcat/9.0.30
05-Mar-2020 21:43:15.474 INFO [main] org.apache.catalina.startup.VersionLoggerListener.log Server built:          Dec 7 2019 16:42:04 UTC
05-Mar-2020 21:43:15.474 INFO [main] org.apache.catalina.startup.VersionLoggerListener.log Server version number: 9.0.30.0
05-Mar-2020 21:43:15.474 INFO [main] org.apache.catalina.startup.VersionLoggerListener.log OS Name:               Mac OS X
05-Mar-2020 21:43:15.475 INFO [main] org.apache.catalina.startup.VersionLoggerListener.log OS Version:            10.14.6
05-Mar-2020 21:43:15.475 INFO [main] org.apache.catalina.startup.VersionLoggerListener.log Architecture:          x86_64
05-Mar-2020 21:43:15.475 INFO [main] org.apache.catalina.startup.VersionLoggerListener.log Java Home:             /Library/Java/JavaVirtualMachines/jdk-11.0.1.jdk/Contents/Home
05-Mar-2020 21:43:15.476 INFO [main] org.apache.catalina.startup.VersionLoggerListener.log JVM Version:           11.0.1+13-LTS
05-Mar-2020 21:43:15.476 INFO [main] org.apache.catalina.startup.VersionLoggerListener.log JVM Vendor:            Oracle Corporation
05-Mar-2020 21:43:15.476 INFO [main] org.apache.catalina.startup.VersionLoggerListener.log CATALINA_BASE:         /Users/lixianlin/myWebProject/TravelWeb/tomcat
05-Mar-2020 21:43:15.477 INFO [main] org.apache.catalina.startup.VersionLoggerListener.log CATALINA_HOME:         /Users/lixianlin/myWebProject/TravelWeb/tomcat
05-Mar-2020 21:43:15.500 INFO [main] org.apache.catalina.startup.VersionLoggerListener.log Command line argument: --add-opens=java.base/java.lang=ALL-UNNAMED
05-Mar-2020 21:43:15.500 INFO [main] org.apache.catalina.startup.VersionLoggerListener.log Command line argument: --add-opens=java.base/java.io=ALL-UNNAMED
05-Mar-2020 21:43:15.500 INFO [main] org.apache.catalina.startup.VersionLoggerListener.log Command line argument: --add-opens=java.rmi/sun.rmi.transport=ALL-UNNAMED
05-Mar-2020 21:43:15.501 INFO [main] org.apache.catalina.startup.VersionLoggerListener.log Command line argument: -Djava.util.logging.config.file=/Users/lixianlin/myWebProject/TravelWeb/tomcat/conf/logging.properties
05-Mar-2020 21:43:15.501 INFO [main] org.apache.catalina.startup.VersionLoggerListener.log Command line argument: -Djava.util.logging.manager=org.apache.juli.ClassLoaderLogManager
05-Mar-2020 21:43:15.501 INFO [main] org.apache.catalina.startup.VersionLoggerListener.log Command line argument: -Djdk.tls.ephemeralDHKeySize=2048
05-Mar-2020 21:43:15.502 INFO [main] org.apache.catalina.startup.VersionLoggerListener.log Command line argument: -Djava.protocol.handler.pkgs=org.apache.catalina.webresources
05-Mar-2020 21:43:15.502 INFO [main] org.apache.catalina.startup.VersionLoggerListener.log Command line argument: -Dorg.apache.catalina.security.SecurityListener.UMASK=0027
05-Mar-2020 21:43:15.502 INFO [main] org.apache.catalina.startup.VersionLoggerListener.log Command line argument: -Dignore.endorsed.dirs=
05-Mar-2020 21:43:15.502 INFO [main] org.apache.catalina.startup.VersionLoggerListener.log Command line argument: -Dcatalina.base=/Users/lixianlin/myWebProject/TravelWeb/tomcat
05-Mar-2020 21:43:15.503 INFO [main] org.apache.catalina.startup.VersionLoggerListener.log Command line argument: -Dcatalina.home=/Users/lixianlin/myWebProject/TravelWeb/tomcat
05-Mar-2020 21:43:15.503 INFO [main] org.apache.catalina.startup.VersionLoggerListener.log Command line argument: -Djava.io.tmpdir=/Users/lixianlin/myWebProject/TravelWeb/tomcat/temp
05-Mar-2020 21:43:15.503 INFO [main] org.apache.catalina.core.AprLifecycleListener.lifecycleEvent The APR based Apache Tomcat Native library which allows optimal performance in production environments was not found on the java.library.path: [/Users/lixianlin/Library/Java/Extensions:/Library/Java/Extensions:/Network/Library/Java/Extensions:/System/Library/Java/Extensions:/usr/lib/java:.]
05-Mar-2020 21:43:15.890 INFO [main] org.apache.coyote.AbstractProtocol.init Initializing ProtocolHandler ["http-nio-9999"]
05-Mar-2020 21:43:15.936 INFO [main] org.apache.coyote.AbstractProtocol.init Initializing ProtocolHandler ["ajp-nio-8009"]
05-Mar-2020 21:43:15.940 INFO [main] org.apache.catalina.startup.Catalina.load Server initialization in [746] milliseconds
05-Mar-2020 21:43:16.028 INFO [main] org.apache.catalina.core.StandardService.startInternal Starting service [Catalina]
05-Mar-2020 21:43:16.029 INFO [main] org.apache.catalina.core.StandardEngine.startInternal Starting Servlet engine: [Apache Tomcat/9.0.30]
05-Mar-2020 21:43:16.041 INFO [main] org.apache.catalina.startup.HostConfig.deployDirectory Deploying web application directory [/Users/lixianlin/myWebProject/TravelWeb/tomcat/webapps/ebookshop]
05-Mar-2020 21:43:16.872 INFO [main] org.apache.jasper.servlet.TldScanner.scanJars At least one JAR was scanned for TLDs yet contained no TLDs. Enable debug logging for this logger for a complete list of JARs that were scanned but no TLDs were found in them. Skipping unneeded JARs during scanning can improve startup time and JSP compilation time.
05-Mar-2020 21:43:16.936 INFO [main] org.apache.catalina.startup.HostConfig.deployDirectory Deployment of web application directory [/Users/lixianlin/myWebProject/TravelWeb/tomcat/webapps/ebookshop] has finished in [895] ms
05-Mar-2020 21:43:16.937 INFO [main] org.apache.catalina.startup.HostConfig.deployDirectory Deploying web application directory [/Users/lixianlin/myWebProject/TravelWeb/tomcat/webapps/docs]
05-Mar-2020 21:43:17.214 INFO [main] org.apache.jasper.servlet.TldScanner.scanJars At least one JAR was scanned for TLDs yet contained no TLDs. Enable debug logging for this logger for a complete list of JARs that were scanned but no TLDs were found in them. Skipping unneeded JARs during scanning can improve startup time and JSP compilation time.
05-Mar-2020 21:43:17.217 INFO [main] org.apache.catalina.startup.HostConfig.deployDirectory Deployment of web application directory [/Users/lixianlin/myWebProject/TravelWeb/tomcat/webapps/docs] has finished in [280] ms
05-Mar-2020 21:43:17.218 INFO [main] org.apache.catalina.startup.HostConfig.deployDirectory Deploying web application directory [/Users/lixianlin/myWebProject/TravelWeb/tomcat/webapps/manager]
05-Mar-2020 21:43:17.494 INFO [main] org.apache.jasper.servlet.TldScanner.scanJars At least one JAR was scanned for TLDs yet contained no TLDs. Enable debug logging for this logger for a complete list of JARs that were scanned but no TLDs were found in them. Skipping unneeded JARs during scanning can improve startup time and JSP compilation time.
05-Mar-2020 21:43:17.501 INFO [main] org.apache.catalina.startup.HostConfig.deployDirectory Deployment of web application directory [/Users/lixianlin/myWebProject/TravelWeb/tomcat/webapps/manager] has finished in [283] ms
05-Mar-2020 21:43:17.502 INFO [main] org.apache.catalina.startup.HostConfig.deployDirectory Deploying web application directory [/Users/lixianlin/myWebProject/TravelWeb/tomcat/webapps/examples]
05-Mar-2020 21:43:17.989 INFO [main] org.apache.jasper.servlet.TldScanner.scanJars At least one JAR was scanned for TLDs yet contained no TLDs. Enable debug logging for this logger for a complete list of JARs that were scanned but no TLDs were found in them. Skipping unneeded JARs during scanning can improve startup time and JSP compilation time.
05-Mar-2020 21:43:18.010 INFO [main] org.apache.catalina.startup.HostConfig.deployDirectory Deployment of web application directory [/Users/lixianlin/myWebProject/TravelWeb/tomcat/webapps/examples] has finished in [508] ms
05-Mar-2020 21:43:18.011 INFO [main] org.apache.catalina.startup.HostConfig.deployDirectory Deploying web application directory [/Users/lixianlin/myWebProject/TravelWeb/tomcat/webapps/ROOT]
05-Mar-2020 21:43:18.231 INFO [main] org.apache.jasper.servlet.TldScanner.scanJars At least one JAR was scanned for TLDs yet contained no TLDs. Enable debug logging for this logger for a complete list of JARs that were scanned but no TLDs were found in them. Skipping unneeded JARs during scanning can improve startup time and JSP compilation time.
05-Mar-2020 21:43:18.234 INFO [main] org.apache.catalina.startup.HostConfig.deployDirectory Deployment of web application directory [/Users/lixianlin/myWebProject/TravelWeb/tomcat/webapps/ROOT] has finished in [223] ms
05-Mar-2020 21:43:18.234 INFO [main] org.apache.catalina.startup.HostConfig.deployDirectory Deploying web application directory [/Users/lixianlin/myWebProject/TravelWeb/tomcat/webapps/hello]
05-Mar-2020 21:43:18.457 INFO [main] org.apache.jasper.servlet.TldScanner.scanJars At least one JAR was scanned for TLDs yet contained no TLDs. Enable debug logging for this logger for a complete list of JARs that were scanned but no TLDs were found in them. Skipping unneeded JARs during scanning can improve startup time and JSP compilation time.
05-Mar-2020 21:43:18.460 INFO [main] org.apache.catalina.startup.HostConfig.deployDirectory Deployment of web application directory [/Users/lixianlin/myWebProject/TravelWeb/tomcat/webapps/hello] has finished in [226] ms
05-Mar-2020 21:43:18.460 INFO [main] org.apache.catalina.startup.HostConfig.deployDirectory Deploying web application directory [/Users/lixianlin/myWebProject/TravelWeb/tomcat/webapps/host-manager]
05-Mar-2020 21:43:18.698 INFO [main] org.apache.jasper.servlet.TldScanner.scanJars At least one JAR was scanned for TLDs yet contained no TLDs. Enable debug logging for this logger for a complete list of JARs that were scanned but no TLDs were found in them. Skipping unneeded JARs during scanning can improve startup time and JSP compilation time.
05-Mar-2020 21:43:18.701 INFO [main] org.apache.catalina.startup.HostConfig.deployDirectory Deployment of web application directory [/Users/lixianlin/myWebProject/TravelWeb/tomcat/webapps/host-manager] has finished in [240] ms
05-Mar-2020 21:43:18.701 INFO [main] org.apache.catalina.startup.HostConfig.deployDirectory Deploying web application directory [/Users/lixianlin/myWebProject/TravelWeb/tomcat/webapps/SGTravel]
05-Mar-2020 21:43:18.946 INFO [main] org.apache.jasper.servlet.TldScanner.scanJars At least one JAR was scanned for TLDs yet contained no TLDs. Enable debug logging for this logger for a complete list of JARs that were scanned but no TLDs were found in them. Skipping unneeded JARs during scanning can improve startup time and JSP compilation time.
05-Mar-2020 21:43:18.949 INFO [main] org.apache.catalina.startup.HostConfig.deployDirectory Deployment of web application directory [/Users/lixianlin/myWebProject/TravelWeb/tomcat/webapps/SGTravel] has finished in [247] ms
05-Mar-2020 21:43:18.956 INFO [main] org.apache.coyote.AbstractProtocol.start Starting ProtocolHandler ["http-nio-9999"]
05-Mar-2020 21:43:18.968 INFO [main] org.apache.coyote.AbstractProtocol.start Starting ProtocolHandler ["ajp-nio-8009"]
05-Mar-2020 21:43:18.976 INFO [main] org.apache.catalina.startup.Catalina.start Server startup in [3,035] milliseconds
