21-Feb-2020 10:29:29.303 INFO [main] org.apache.catalina.startup.VersionLoggerListener.log Server version name:   Apache Tomcat/9.0.30
21-Feb-2020 10:29:29.310 INFO [main] org.apache.catalina.startup.VersionLoggerListener.log Server built:          Dec 7 2019 16:42:04 UTC
21-Feb-2020 10:29:29.311 INFO [main] org.apache.catalina.startup.VersionLoggerListener.log Server version number: 9.0.30.0
21-Feb-2020 10:29:29.311 INFO [main] org.apache.catalina.startup.VersionLoggerListener.log OS Name:               Mac OS X
21-Feb-2020 10:29:29.312 INFO [main] org.apache.catalina.startup.VersionLoggerListener.log OS Version:            10.14.6
21-Feb-2020 10:29:29.312 INFO [main] org.apache.catalina.startup.VersionLoggerListener.log Architecture:          x86_64
21-Feb-2020 10:29:29.312 INFO [main] org.apache.catalina.startup.VersionLoggerListener.log Java Home:             /Library/Java/JavaVirtualMachines/jdk-11.0.1.jdk/Contents/Home
21-Feb-2020 10:29:29.312 INFO [main] org.apache.catalina.startup.VersionLoggerListener.log JVM Version:           11.0.1+13-LTS
21-Feb-2020 10:29:29.312 INFO [main] org.apache.catalina.startup.VersionLoggerListener.log JVM Vendor:            Oracle Corporation
21-Feb-2020 10:29:29.313 INFO [main] org.apache.catalina.startup.VersionLoggerListener.log CATALINA_BASE:         /Users/lixianlin/myWebProject/tomcat
21-Feb-2020 10:29:29.313 INFO [main] org.apache.catalina.startup.VersionLoggerListener.log CATALINA_HOME:         /Users/lixianlin/myWebProject/tomcat
21-Feb-2020 10:29:29.382 INFO [main] org.apache.catalina.startup.VersionLoggerListener.log Command line argument: --add-opens=java.base/java.lang=ALL-UNNAMED
21-Feb-2020 10:29:29.382 INFO [main] org.apache.catalina.startup.VersionLoggerListener.log Command line argument: --add-opens=java.base/java.io=ALL-UNNAMED
21-Feb-2020 10:29:29.382 INFO [main] org.apache.catalina.startup.VersionLoggerListener.log Command line argument: --add-opens=java.rmi/sun.rmi.transport=ALL-UNNAMED
21-Feb-2020 10:29:29.383 INFO [main] org.apache.catalina.startup.VersionLoggerListener.log Command line argument: -Djava.util.logging.config.file=/Users/lixianlin/myWebProject/tomcat/conf/logging.properties
21-Feb-2020 10:29:29.383 INFO [main] org.apache.catalina.startup.VersionLoggerListener.log Command line argument: -Djava.util.logging.manager=org.apache.juli.ClassLoaderLogManager
21-Feb-2020 10:29:29.383 INFO [main] org.apache.catalina.startup.VersionLoggerListener.log Command line argument: -Djdk.tls.ephemeralDHKeySize=2048
21-Feb-2020 10:29:29.383 INFO [main] org.apache.catalina.startup.VersionLoggerListener.log Command line argument: -Djava.protocol.handler.pkgs=org.apache.catalina.webresources
21-Feb-2020 10:29:29.384 INFO [main] org.apache.catalina.startup.VersionLoggerListener.log Command line argument: -Dorg.apache.catalina.security.SecurityListener.UMASK=0027
21-Feb-2020 10:29:29.384 INFO [main] org.apache.catalina.startup.VersionLoggerListener.log Command line argument: -Dignore.endorsed.dirs=
21-Feb-2020 10:29:29.384 INFO [main] org.apache.catalina.startup.VersionLoggerListener.log Command line argument: -Dcatalina.base=/Users/lixianlin/myWebProject/tomcat
21-Feb-2020 10:29:29.384 INFO [main] org.apache.catalina.startup.VersionLoggerListener.log Command line argument: -Dcatalina.home=/Users/lixianlin/myWebProject/tomcat
21-Feb-2020 10:29:29.385 INFO [main] org.apache.catalina.startup.VersionLoggerListener.log Command line argument: -Djava.io.tmpdir=/Users/lixianlin/myWebProject/tomcat/temp
21-Feb-2020 10:29:29.385 INFO [main] org.apache.catalina.core.AprLifecycleListener.lifecycleEvent The APR based Apache Tomcat Native library which allows optimal performance in production environments was not found on the java.library.path: [/Users/lixianlin/Library/Java/Extensions:/Library/Java/Extensions:/Network/Library/Java/Extensions:/System/Library/Java/Extensions:/usr/lib/java:.]
21-Feb-2020 10:29:29.999 INFO [main] org.apache.coyote.AbstractProtocol.init Initializing ProtocolHandler ["http-nio-8080"]
21-Feb-2020 10:29:30.090 INFO [main] org.apache.coyote.AbstractProtocol.init Initializing ProtocolHandler ["ajp-nio-8009"]
21-Feb-2020 10:29:30.096 INFO [main] org.apache.catalina.startup.Catalina.load Server initialization in [1,407] milliseconds
21-Feb-2020 10:29:30.244 INFO [main] org.apache.catalina.core.StandardService.startInternal Starting service [Catalina]
21-Feb-2020 10:29:30.245 INFO [main] org.apache.catalina.core.StandardEngine.startInternal Starting Servlet engine: [Apache Tomcat/9.0.30]
21-Feb-2020 10:29:30.268 INFO [main] org.apache.catalina.startup.HostConfig.deployDirectory Deploying web application directory [/Users/lixianlin/myWebProject/tomcat/webapps/docs]
21-Feb-2020 10:29:30.848 INFO [main] org.apache.catalina.startup.HostConfig.deployDirectory Deployment of web application directory [/Users/lixianlin/myWebProject/tomcat/webapps/docs] has finished in [579] ms
21-Feb-2020 10:29:30.848 INFO [main] org.apache.catalina.startup.HostConfig.deployDirectory Deploying web application directory [/Users/lixianlin/myWebProject/tomcat/webapps/manager]
21-Feb-2020 10:29:30.925 INFO [main] org.apache.catalina.startup.HostConfig.deployDirectory Deployment of web application directory [/Users/lixianlin/myWebProject/tomcat/webapps/manager] has finished in [77] ms
21-Feb-2020 10:29:30.926 INFO [main] org.apache.catalina.startup.HostConfig.deployDirectory Deploying web application directory [/Users/lixianlin/myWebProject/tomcat/webapps/examples]
21-Feb-2020 10:29:31.466 INFO [main] org.apache.catalina.startup.HostConfig.deployDirectory Deployment of web application directory [/Users/lixianlin/myWebProject/tomcat/webapps/examples] has finished in [540] ms
21-Feb-2020 10:29:31.467 INFO [main] org.apache.catalina.startup.HostConfig.deployDirectory Deploying web application directory [/Users/lixianlin/myWebProject/tomcat/webapps/ROOT]
21-Feb-2020 10:29:31.495 INFO [main] org.apache.catalina.startup.HostConfig.deployDirectory Deployment of web application directory [/Users/lixianlin/myWebProject/tomcat/webapps/ROOT] has finished in [28] ms
21-Feb-2020 10:29:31.496 INFO [main] org.apache.catalina.startup.HostConfig.deployDirectory Deploying web application directory [/Users/lixianlin/myWebProject/tomcat/webapps/host-manager]
21-Feb-2020 10:29:31.539 INFO [main] org.apache.catalina.startup.HostConfig.deployDirectory Deployment of web application directory [/Users/lixianlin/myWebProject/tomcat/webapps/host-manager] has finished in [42] ms
21-Feb-2020 10:29:31.546 INFO [main] org.apache.coyote.AbstractProtocol.start Starting ProtocolHandler ["http-nio-8080"]
21-Feb-2020 10:29:31.564 INFO [main] org.apache.coyote.AbstractProtocol.start Starting ProtocolHandler ["ajp-nio-8009"]
21-Feb-2020 10:29:31.571 INFO [main] org.apache.catalina.startup.Catalina.start Server startup in [1,473] milliseconds
21-Feb-2020 10:31:28.151 INFO [Thread-4] org.apache.coyote.AbstractProtocol.pause Pausing ProtocolHandler ["http-nio-8080"]
21-Feb-2020 10:31:28.185 INFO [Thread-4] org.apache.coyote.AbstractProtocol.pause Pausing ProtocolHandler ["ajp-nio-8009"]
21-Feb-2020 10:31:28.193 INFO [Thread-4] org.apache.catalina.core.StandardService.stopInternal Stopping service [Catalina]
21-Feb-2020 10:31:28.267 INFO [Thread-4] org.apache.coyote.AbstractProtocol.stop Stopping ProtocolHandler ["http-nio-8080"]
21-Feb-2020 10:31:28.271 INFO [Thread-4] org.apache.coyote.AbstractProtocol.stop Stopping ProtocolHandler ["ajp-nio-8009"]
21-Feb-2020 10:31:28.274 INFO [Thread-4] org.apache.coyote.AbstractProtocol.destroy Destroying ProtocolHandler ["http-nio-8080"]
21-Feb-2020 10:31:28.275 INFO [Thread-4] org.apache.coyote.AbstractProtocol.destroy Destroying ProtocolHandler ["ajp-nio-8009"]
21-Feb-2020 10:31:31.531 INFO [main] org.apache.catalina.startup.VersionLoggerListener.log Server version name:   Apache Tomcat/9.0.30
21-Feb-2020 10:31:31.536 INFO [main] org.apache.catalina.startup.VersionLoggerListener.log Server built:          Dec 7 2019 16:42:04 UTC
21-Feb-2020 10:31:31.537 INFO [main] org.apache.catalina.startup.VersionLoggerListener.log Server version number: 9.0.30.0
21-Feb-2020 10:31:31.537 INFO [main] org.apache.catalina.startup.VersionLoggerListener.log OS Name:               Mac OS X
21-Feb-2020 10:31:31.538 INFO [main] org.apache.catalina.startup.VersionLoggerListener.log OS Version:            10.14.6
21-Feb-2020 10:31:31.538 INFO [main] org.apache.catalina.startup.VersionLoggerListener.log Architecture:          x86_64
21-Feb-2020 10:31:31.538 INFO [main] org.apache.catalina.startup.VersionLoggerListener.log Java Home:             /Library/Java/JavaVirtualMachines/jdk-11.0.1.jdk/Contents/Home
21-Feb-2020 10:31:31.539 INFO [main] org.apache.catalina.startup.VersionLoggerListener.log JVM Version:           11.0.1+13-LTS
21-Feb-2020 10:31:31.539 INFO [main] org.apache.catalina.startup.VersionLoggerListener.log JVM Vendor:            Oracle Corporation
21-Feb-2020 10:31:31.539 INFO [main] org.apache.catalina.startup.VersionLoggerListener.log CATALINA_BASE:         /Users/lixianlin/myWebProject/tomcat
21-Feb-2020 10:31:31.539 INFO [main] org.apache.catalina.startup.VersionLoggerListener.log CATALINA_HOME:         /Users/lixianlin/myWebProject/tomcat
21-Feb-2020 10:31:31.562 INFO [main] org.apache.catalina.startup.VersionLoggerListener.log Command line argument: --add-opens=java.base/java.lang=ALL-UNNAMED
21-Feb-2020 10:31:31.562 INFO [main] org.apache.catalina.startup.VersionLoggerListener.log Command line argument: --add-opens=java.base/java.io=ALL-UNNAMED
21-Feb-2020 10:31:31.563 INFO [main] org.apache.catalina.startup.VersionLoggerListener.log Command line argument: --add-opens=java.rmi/sun.rmi.transport=ALL-UNNAMED
21-Feb-2020 10:31:31.563 INFO [main] org.apache.catalina.startup.VersionLoggerListener.log Command line argument: -Djava.util.logging.config.file=/Users/lixianlin/myWebProject/tomcat/conf/logging.properties
21-Feb-2020 10:31:31.563 INFO [main] org.apache.catalina.startup.VersionLoggerListener.log Command line argument: -Djava.util.logging.manager=org.apache.juli.ClassLoaderLogManager
21-Feb-2020 10:31:31.564 INFO [main] org.apache.catalina.startup.VersionLoggerListener.log Command line argument: -Djdk.tls.ephemeralDHKeySize=2048
21-Feb-2020 10:31:31.564 INFO [main] org.apache.catalina.startup.VersionLoggerListener.log Command line argument: -Djava.protocol.handler.pkgs=org.apache.catalina.webresources
21-Feb-2020 10:31:31.564 INFO [main] org.apache.catalina.startup.VersionLoggerListener.log Command line argument: -Dorg.apache.catalina.security.SecurityListener.UMASK=0027
21-Feb-2020 10:31:31.564 INFO [main] org.apache.catalina.startup.VersionLoggerListener.log Command line argument: -Dignore.endorsed.dirs=
21-Feb-2020 10:31:31.565 INFO [main] org.apache.catalina.startup.VersionLoggerListener.log Command line argument: -Dcatalina.base=/Users/lixianlin/myWebProject/tomcat
21-Feb-2020 10:31:31.565 INFO [main] org.apache.catalina.startup.VersionLoggerListener.log Command line argument: -Dcatalina.home=/Users/lixianlin/myWebProject/tomcat
21-Feb-2020 10:31:31.565 INFO [main] org.apache.catalina.startup.VersionLoggerListener.log Command line argument: -Djava.io.tmpdir=/Users/lixianlin/myWebProject/tomcat/temp
21-Feb-2020 10:31:31.565 INFO [main] org.apache.catalina.core.AprLifecycleListener.lifecycleEvent The APR based Apache Tomcat Native library which allows optimal performance in production environments was not found on the java.library.path: [/Users/lixianlin/Library/Java/Extensions:/Library/Java/Extensions:/Network/Library/Java/Extensions:/System/Library/Java/Extensions:/usr/lib/java:.]
21-Feb-2020 10:31:32.014 INFO [main] org.apache.coyote.AbstractProtocol.init Initializing ProtocolHandler ["http-nio-9999"]
21-Feb-2020 10:31:32.068 INFO [main] org.apache.coyote.AbstractProtocol.init Initializing ProtocolHandler ["ajp-nio-8009"]
21-Feb-2020 10:31:32.071 INFO [main] org.apache.catalina.startup.Catalina.load Server initialization in [911] milliseconds
21-Feb-2020 10:31:32.152 INFO [main] org.apache.catalina.core.StandardService.startInternal Starting service [Catalina]
21-Feb-2020 10:31:32.152 INFO [main] org.apache.catalina.core.StandardEngine.startInternal Starting Servlet engine: [Apache Tomcat/9.0.30]
21-Feb-2020 10:31:32.167 INFO [main] org.apache.catalina.startup.HostConfig.deployDirectory Deploying web application directory [/Users/lixianlin/myWebProject/tomcat/webapps/docs]
21-Feb-2020 10:31:32.599 INFO [main] org.apache.catalina.startup.HostConfig.deployDirectory Deployment of web application directory [/Users/lixianlin/myWebProject/tomcat/webapps/docs] has finished in [431] ms
21-Feb-2020 10:31:32.599 INFO [main] org.apache.catalina.startup.HostConfig.deployDirectory Deploying web application directory [/Users/lixianlin/myWebProject/tomcat/webapps/manager]
21-Feb-2020 10:31:32.656 INFO [main] org.apache.catalina.startup.HostConfig.deployDirectory Deployment of web application directory [/Users/lixianlin/myWebProject/tomcat/webapps/manager] has finished in [57] ms
21-Feb-2020 10:31:32.657 INFO [main] org.apache.catalina.startup.HostConfig.deployDirectory Deploying web application directory [/Users/lixianlin/myWebProject/tomcat/webapps/examples]
21-Feb-2020 10:31:33.136 INFO [main] org.apache.catalina.startup.HostConfig.deployDirectory Deployment of web application directory [/Users/lixianlin/myWebProject/tomcat/webapps/examples] has finished in [480] ms
21-Feb-2020 10:31:33.137 INFO [main] org.apache.catalina.startup.HostConfig.deployDirectory Deploying web application directory [/Users/lixianlin/myWebProject/tomcat/webapps/ROOT]
21-Feb-2020 10:31:33.167 INFO [main] org.apache.catalina.startup.HostConfig.deployDirectory Deployment of web application directory [/Users/lixianlin/myWebProject/tomcat/webapps/ROOT] has finished in [31] ms
21-Feb-2020 10:31:33.168 INFO [main] org.apache.catalina.startup.HostConfig.deployDirectory Deploying web application directory [/Users/lixianlin/myWebProject/tomcat/webapps/host-manager]
21-Feb-2020 10:31:33.212 INFO [main] org.apache.catalina.startup.HostConfig.deployDirectory Deployment of web application directory [/Users/lixianlin/myWebProject/tomcat/webapps/host-manager] has finished in [44] ms
21-Feb-2020 10:31:33.221 INFO [main] org.apache.coyote.AbstractProtocol.start Starting ProtocolHandler ["http-nio-9999"]
21-Feb-2020 10:31:33.237 INFO [main] org.apache.coyote.AbstractProtocol.start Starting ProtocolHandler ["ajp-nio-8009"]
21-Feb-2020 10:31:33.241 INFO [main] org.apache.catalina.startup.Catalina.start Server startup in [1,169] milliseconds
21-Feb-2020 10:38:55.372 INFO [Thread-4] org.apache.coyote.AbstractProtocol.pause Pausing ProtocolHandler ["http-nio-9999"]
21-Feb-2020 10:38:55.390 INFO [Thread-4] org.apache.coyote.AbstractProtocol.pause Pausing ProtocolHandler ["ajp-nio-8009"]
21-Feb-2020 10:38:55.397 INFO [Thread-4] org.apache.catalina.core.StandardService.stopInternal Stopping service [Catalina]
21-Feb-2020 10:38:55.457 INFO [Thread-4] org.apache.coyote.AbstractProtocol.stop Stopping ProtocolHandler ["http-nio-9999"]
21-Feb-2020 10:38:55.461 INFO [Thread-4] org.apache.coyote.AbstractProtocol.stop Stopping ProtocolHandler ["ajp-nio-8009"]
21-Feb-2020 10:38:55.464 INFO [Thread-4] org.apache.coyote.AbstractProtocol.destroy Destroying ProtocolHandler ["http-nio-9999"]
21-Feb-2020 10:38:55.466 INFO [Thread-4] org.apache.coyote.AbstractProtocol.destroy Destroying ProtocolHandler ["ajp-nio-8009"]
21-Feb-2020 10:48:42.918 INFO [main] org.apache.catalina.startup.VersionLoggerListener.log Server version name:   Apache Tomcat/9.0.30
21-Feb-2020 10:48:42.926 INFO [main] org.apache.catalina.startup.VersionLoggerListener.log Server built:          Dec 7 2019 16:42:04 UTC
21-Feb-2020 10:48:42.926 INFO [main] org.apache.catalina.startup.VersionLoggerListener.log Server version number: 9.0.30.0
21-Feb-2020 10:48:42.926 INFO [main] org.apache.catalina.startup.VersionLoggerListener.log OS Name:               Mac OS X
21-Feb-2020 10:48:42.926 INFO [main] org.apache.catalina.startup.VersionLoggerListener.log OS Version:            10.14.6
21-Feb-2020 10:48:42.927 INFO [main] org.apache.catalina.startup.VersionLoggerListener.log Architecture:          x86_64
21-Feb-2020 10:48:42.927 INFO [main] org.apache.catalina.startup.VersionLoggerListener.log Java Home:             /Library/Java/JavaVirtualMachines/jdk-11.0.1.jdk/Contents/Home
21-Feb-2020 10:48:42.927 INFO [main] org.apache.catalina.startup.VersionLoggerListener.log JVM Version:           11.0.1+13-LTS
21-Feb-2020 10:48:42.927 INFO [main] org.apache.catalina.startup.VersionLoggerListener.log JVM Vendor:            Oracle Corporation
21-Feb-2020 10:48:42.928 INFO [main] org.apache.catalina.startup.VersionLoggerListener.log CATALINA_BASE:         /Users/lixianlin/myWebProject/tomcat
21-Feb-2020 10:48:42.928 INFO [main] org.apache.catalina.startup.VersionLoggerListener.log CATALINA_HOME:         /Users/lixianlin/myWebProject/tomcat
21-Feb-2020 10:48:42.982 INFO [main] org.apache.catalina.startup.VersionLoggerListener.log Command line argument: --add-opens=java.base/java.lang=ALL-UNNAMED
21-Feb-2020 10:48:42.983 INFO [main] org.apache.catalina.startup.VersionLoggerListener.log Command line argument: --add-opens=java.base/java.io=ALL-UNNAMED
21-Feb-2020 10:48:42.984 INFO [main] org.apache.catalina.startup.VersionLoggerListener.log Command line argument: --add-opens=java.rmi/sun.rmi.transport=ALL-UNNAMED
21-Feb-2020 10:48:42.985 INFO [main] org.apache.catalina.startup.VersionLoggerListener.log Command line argument: -Djava.util.logging.config.file=/Users/lixianlin/myWebProject/tomcat/conf/logging.properties
21-Feb-2020 10:48:42.986 INFO [main] org.apache.catalina.startup.VersionLoggerListener.log Command line argument: -Djava.util.logging.manager=org.apache.juli.ClassLoaderLogManager
21-Feb-2020 10:48:42.986 INFO [main] org.apache.catalina.startup.VersionLoggerListener.log Command line argument: -Djdk.tls.ephemeralDHKeySize=2048
21-Feb-2020 10:48:42.986 INFO [main] org.apache.catalina.startup.VersionLoggerListener.log Command line argument: -Djava.protocol.handler.pkgs=org.apache.catalina.webresources
21-Feb-2020 10:48:42.986 INFO [main] org.apache.catalina.startup.VersionLoggerListener.log Command line argument: -Dorg.apache.catalina.security.SecurityListener.UMASK=0027
21-Feb-2020 10:48:42.987 INFO [main] org.apache.catalina.startup.VersionLoggerListener.log Command line argument: -Dignore.endorsed.dirs=
21-Feb-2020 10:48:42.987 INFO [main] org.apache.catalina.startup.VersionLoggerListener.log Command line argument: -Dcatalina.base=/Users/lixianlin/myWebProject/tomcat
21-Feb-2020 10:48:42.987 INFO [main] org.apache.catalina.startup.VersionLoggerListener.log Command line argument: -Dcatalina.home=/Users/lixianlin/myWebProject/tomcat
21-Feb-2020 10:48:42.988 INFO [main] org.apache.catalina.startup.VersionLoggerListener.log Command line argument: -Djava.io.tmpdir=/Users/lixianlin/myWebProject/tomcat/temp
21-Feb-2020 10:48:42.988 INFO [main] org.apache.catalina.core.AprLifecycleListener.lifecycleEvent The APR based Apache Tomcat Native library which allows optimal performance in production environments was not found on the java.library.path: [/Users/lixianlin/Library/Java/Extensions:/Library/Java/Extensions:/Network/Library/Java/Extensions:/System/Library/Java/Extensions:/usr/lib/java:.]
21-Feb-2020 10:48:43.521 INFO [main] org.apache.coyote.AbstractProtocol.init Initializing ProtocolHandler ["http-nio-9999"]
21-Feb-2020 10:48:43.603 INFO [main] org.apache.coyote.AbstractProtocol.init Initializing ProtocolHandler ["ajp-nio-8009"]
21-Feb-2020 10:48:43.607 INFO [main] org.apache.catalina.startup.Catalina.load Server initialization in [1,248] milliseconds
21-Feb-2020 10:48:43.711 INFO [main] org.apache.catalina.core.StandardService.startInternal Starting service [Catalina]
21-Feb-2020 10:48:43.711 INFO [main] org.apache.catalina.core.StandardEngine.startInternal Starting Servlet engine: [Apache Tomcat/9.0.30]
21-Feb-2020 10:48:43.728 INFO [main] org.apache.catalina.startup.HostConfig.deployDirectory Deploying web application directory [/Users/lixianlin/myWebProject/tomcat/webapps/docs]
21-Feb-2020 10:48:44.325 INFO [main] org.apache.catalina.startup.HostConfig.deployDirectory Deployment of web application directory [/Users/lixianlin/myWebProject/tomcat/webapps/docs] has finished in [597] ms
21-Feb-2020 10:48:44.326 INFO [main] org.apache.catalina.startup.HostConfig.deployDirectory Deploying web application directory [/Users/lixianlin/myWebProject/tomcat/webapps/manager]
21-Feb-2020 10:48:44.411 INFO [main] org.apache.catalina.startup.HostConfig.deployDirectory Deployment of web application directory [/Users/lixianlin/myWebProject/tomcat/webapps/manager] has finished in [85] ms
21-Feb-2020 10:48:44.412 INFO [main] org.apache.catalina.startup.HostConfig.deployDirectory Deploying web application directory [/Users/lixianlin/myWebProject/tomcat/webapps/examples]
21-Feb-2020 10:48:44.945 INFO [main] org.apache.catalina.startup.HostConfig.deployDirectory Deployment of web application directory [/Users/lixianlin/myWebProject/tomcat/webapps/examples] has finished in [532] ms
21-Feb-2020 10:48:44.946 INFO [main] org.apache.catalina.startup.HostConfig.deployDirectory Deploying web application directory [/Users/lixianlin/myWebProject/tomcat/webapps/ROOT]
21-Feb-2020 10:48:44.976 INFO [main] org.apache.catalina.startup.HostConfig.deployDirectory Deployment of web application directory [/Users/lixianlin/myWebProject/tomcat/webapps/ROOT] has finished in [31] ms
21-Feb-2020 10:48:44.977 INFO [main] org.apache.catalina.startup.HostConfig.deployDirectory Deploying web application directory [/Users/lixianlin/myWebProject/tomcat/webapps/hello]
21-Feb-2020 10:48:45.033 INFO [main] org.apache.catalina.startup.HostConfig.deployDirectory Deployment of web application directory [/Users/lixianlin/myWebProject/tomcat/webapps/hello] has finished in [56] ms
21-Feb-2020 10:48:45.034 INFO [main] org.apache.catalina.startup.HostConfig.deployDirectory Deploying web application directory [/Users/lixianlin/myWebProject/tomcat/webapps/host-manager]
21-Feb-2020 10:48:45.079 INFO [main] org.apache.catalina.startup.HostConfig.deployDirectory Deployment of web application directory [/Users/lixianlin/myWebProject/tomcat/webapps/host-manager] has finished in [44] ms
21-Feb-2020 10:48:45.089 INFO [main] org.apache.coyote.AbstractProtocol.start Starting ProtocolHandler ["http-nio-9999"]
21-Feb-2020 10:48:45.110 INFO [main] org.apache.coyote.AbstractProtocol.start Starting ProtocolHandler ["ajp-nio-8009"]
21-Feb-2020 10:48:45.115 INFO [main] org.apache.catalina.startup.Catalina.start Server startup in [1,507] milliseconds
21-Feb-2020 10:56:25.606 INFO [Catalina-utility-1] org.apache.catalina.startup.HostConfig.reload Reloading context []
21-Feb-2020 10:56:25.608 INFO [Catalina-utility-1] org.apache.catalina.core.StandardContext.reload Reloading Context with name [] has started
21-Feb-2020 10:56:25.699 INFO [Catalina-utility-1] org.apache.catalina.core.StandardContext.reload Reloading Context with name [] is completed
21-Feb-2020 10:56:25.700 INFO [Catalina-utility-1] org.apache.catalina.startup.HostConfig.reload Reloading context [/examples]
21-Feb-2020 10:56:25.700 INFO [Catalina-utility-1] org.apache.catalina.core.StandardContext.reload Reloading Context with name [/examples] has started
21-Feb-2020 10:56:26.053 INFO [Catalina-utility-1] org.apache.catalina.core.StandardContext.reload Reloading Context with name [/examples] is completed
21-Feb-2020 10:56:26.054 INFO [Catalina-utility-1] org.apache.catalina.startup.HostConfig.reload Reloading context [/host-manager]
21-Feb-2020 10:56:26.054 INFO [Catalina-utility-1] org.apache.catalina.core.StandardContext.reload Reloading Context with name [/host-manager] has started
21-Feb-2020 10:56:26.089 INFO [Catalina-utility-1] org.apache.catalina.core.StandardContext.reload Reloading Context with name [/host-manager] is completed
21-Feb-2020 10:56:26.089 INFO [Catalina-utility-1] org.apache.catalina.startup.HostConfig.reload Reloading context [/manager]
21-Feb-2020 10:56:26.089 INFO [Catalina-utility-1] org.apache.catalina.core.StandardContext.reload Reloading Context with name [/manager] has started
21-Feb-2020 10:56:26.133 INFO [Catalina-utility-1] org.apache.catalina.core.StandardContext.reload Reloading Context with name [/manager] is completed
21-Feb-2020 10:56:26.133 INFO [Catalina-utility-1] org.apache.catalina.startup.HostConfig.reload Reloading context [/docs]
21-Feb-2020 10:56:26.134 INFO [Catalina-utility-1] org.apache.catalina.core.StandardContext.reload Reloading Context with name [/docs] has started
21-Feb-2020 10:56:26.166 INFO [Catalina-utility-1] org.apache.catalina.core.StandardContext.reload Reloading Context with name [/docs] is completed
21-Feb-2020 10:56:26.166 INFO [Catalina-utility-1] org.apache.catalina.startup.HostConfig.reload Reloading context [/hello]
21-Feb-2020 10:56:26.167 INFO [Catalina-utility-1] org.apache.catalina.core.StandardContext.reload Reloading Context with name [/hello] has started
21-Feb-2020 10:56:26.189 INFO [Catalina-utility-1] org.apache.catalina.core.StandardContext.reload Reloading Context with name [/hello] is completed
21-Feb-2020 12:07:20.480 INFO [Thread-4] org.apache.coyote.AbstractProtocol.pause Pausing ProtocolHandler ["http-nio-9999"]
21-Feb-2020 12:07:20.497 INFO [Thread-4] org.apache.coyote.AbstractProtocol.pause Pausing ProtocolHandler ["ajp-nio-8009"]
21-Feb-2020 12:07:20.503 INFO [Thread-4] org.apache.catalina.core.StandardService.stopInternal Stopping service [Catalina]
21-Feb-2020 12:07:20.552 INFO [Thread-4] org.apache.coyote.AbstractProtocol.stop Stopping ProtocolHandler ["http-nio-9999"]
21-Feb-2020 12:07:20.555 INFO [Thread-4] org.apache.coyote.AbstractProtocol.stop Stopping ProtocolHandler ["ajp-nio-8009"]
21-Feb-2020 12:07:20.559 INFO [Thread-4] org.apache.coyote.AbstractProtocol.destroy Destroying ProtocolHandler ["http-nio-9999"]
21-Feb-2020 12:07:20.560 INFO [Thread-4] org.apache.coyote.AbstractProtocol.destroy Destroying ProtocolHandler ["ajp-nio-8009"]
21-Feb-2020 12:07:24.884 INFO [main] org.apache.catalina.startup.VersionLoggerListener.log Server version name:   Apache Tomcat/9.0.30
21-Feb-2020 12:07:24.889 INFO [main] org.apache.catalina.startup.VersionLoggerListener.log Server built:          Dec 7 2019 16:42:04 UTC
21-Feb-2020 12:07:24.889 INFO [main] org.apache.catalina.startup.VersionLoggerListener.log Server version number: 9.0.30.0
21-Feb-2020 12:07:24.889 INFO [main] org.apache.catalina.startup.VersionLoggerListener.log OS Name:               Mac OS X
21-Feb-2020 12:07:24.890 INFO [main] org.apache.catalina.startup.VersionLoggerListener.log OS Version:            10.14.6
21-Feb-2020 12:07:24.890 INFO [main] org.apache.catalina.startup.VersionLoggerListener.log Architecture:          x86_64
21-Feb-2020 12:07:24.891 INFO [main] org.apache.catalina.startup.VersionLoggerListener.log Java Home:             /Library/Java/JavaVirtualMachines/jdk-11.0.1.jdk/Contents/Home
21-Feb-2020 12:07:24.891 INFO [main] org.apache.catalina.startup.VersionLoggerListener.log JVM Version:           11.0.1+13-LTS
21-Feb-2020 12:07:24.891 INFO [main] org.apache.catalina.startup.VersionLoggerListener.log JVM Vendor:            Oracle Corporation
21-Feb-2020 12:07:24.891 INFO [main] org.apache.catalina.startup.VersionLoggerListener.log CATALINA_BASE:         /Users/lixianlin/myWebProject/tomcat
21-Feb-2020 12:07:24.891 INFO [main] org.apache.catalina.startup.VersionLoggerListener.log CATALINA_HOME:         /Users/lixianlin/myWebProject/tomcat
21-Feb-2020 12:07:24.913 INFO [main] org.apache.catalina.startup.VersionLoggerListener.log Command line argument: --add-opens=java.base/java.lang=ALL-UNNAMED
21-Feb-2020 12:07:24.914 INFO [main] org.apache.catalina.startup.VersionLoggerListener.log Command line argument: --add-opens=java.base/java.io=ALL-UNNAMED
21-Feb-2020 12:07:24.914 INFO [main] org.apache.catalina.startup.VersionLoggerListener.log Command line argument: --add-opens=java.rmi/sun.rmi.transport=ALL-UNNAMED
21-Feb-2020 12:07:24.914 INFO [main] org.apache.catalina.startup.VersionLoggerListener.log Command line argument: -Djava.util.logging.config.file=/Users/lixianlin/myWebProject/tomcat/conf/logging.properties
21-Feb-2020 12:07:24.915 INFO [main] org.apache.catalina.startup.VersionLoggerListener.log Command line argument: -Djava.util.logging.manager=org.apache.juli.ClassLoaderLogManager
21-Feb-2020 12:07:24.915 INFO [main] org.apache.catalina.startup.VersionLoggerListener.log Command line argument: -Djdk.tls.ephemeralDHKeySize=2048
21-Feb-2020 12:07:24.915 INFO [main] org.apache.catalina.startup.VersionLoggerListener.log Command line argument: -Djava.protocol.handler.pkgs=org.apache.catalina.webresources
21-Feb-2020 12:07:24.915 INFO [main] org.apache.catalina.startup.VersionLoggerListener.log Command line argument: -Dorg.apache.catalina.security.SecurityListener.UMASK=0027
21-Feb-2020 12:07:24.916 INFO [main] org.apache.catalina.startup.VersionLoggerListener.log Command line argument: -Dignore.endorsed.dirs=
21-Feb-2020 12:07:24.916 INFO [main] org.apache.catalina.startup.VersionLoggerListener.log Command line argument: -Dcatalina.base=/Users/lixianlin/myWebProject/tomcat
21-Feb-2020 12:07:24.916 INFO [main] org.apache.catalina.startup.VersionLoggerListener.log Command line argument: -Dcatalina.home=/Users/lixianlin/myWebProject/tomcat
21-Feb-2020 12:07:24.916 INFO [main] org.apache.catalina.startup.VersionLoggerListener.log Command line argument: -Djava.io.tmpdir=/Users/lixianlin/myWebProject/tomcat/temp
21-Feb-2020 12:07:24.917 INFO [main] org.apache.catalina.core.AprLifecycleListener.lifecycleEvent The APR based Apache Tomcat Native library which allows optimal performance in production environments was not found on the java.library.path: [/Users/lixianlin/Library/Java/Extensions:/Library/Java/Extensions:/Network/Library/Java/Extensions:/System/Library/Java/Extensions:/usr/lib/java:.]
21-Feb-2020 12:07:25.369 INFO [main] org.apache.coyote.AbstractProtocol.init Initializing ProtocolHandler ["http-nio-9999"]
21-Feb-2020 12:07:25.423 INFO [main] org.apache.coyote.AbstractProtocol.init Initializing ProtocolHandler ["ajp-nio-8009"]
21-Feb-2020 12:07:25.427 INFO [main] org.apache.catalina.startup.Catalina.load Server initialization in [911] milliseconds
21-Feb-2020 12:07:25.524 INFO [main] org.apache.catalina.core.StandardService.startInternal Starting service [Catalina]
21-Feb-2020 12:07:25.524 INFO [main] org.apache.catalina.core.StandardEngine.startInternal Starting Servlet engine: [Apache Tomcat/9.0.30]
21-Feb-2020 12:07:25.541 INFO [main] org.apache.catalina.startup.HostConfig.deployDirectory Deploying web application directory [/Users/lixianlin/myWebProject/tomcat/webapps/docs]
21-Feb-2020 12:07:26.026 INFO [main] org.apache.catalina.startup.HostConfig.deployDirectory Deployment of web application directory [/Users/lixianlin/myWebProject/tomcat/webapps/docs] has finished in [484] ms
21-Feb-2020 12:07:26.027 INFO [main] org.apache.catalina.startup.HostConfig.deployDirectory Deploying web application directory [/Users/lixianlin/myWebProject/tomcat/webapps/manager]
21-Feb-2020 12:07:26.093 INFO [main] org.apache.catalina.startup.HostConfig.deployDirectory Deployment of web application directory [/Users/lixianlin/myWebProject/tomcat/webapps/manager] has finished in [67] ms
21-Feb-2020 12:07:26.094 INFO [main] org.apache.catalina.startup.HostConfig.deployDirectory Deploying web application directory [/Users/lixianlin/myWebProject/tomcat/webapps/examples]
21-Feb-2020 12:07:26.602 INFO [main] org.apache.catalina.startup.HostConfig.deployDirectory Deployment of web application directory [/Users/lixianlin/myWebProject/tomcat/webapps/examples] has finished in [508] ms
21-Feb-2020 12:07:26.603 INFO [main] org.apache.catalina.startup.HostConfig.deployDirectory Deploying web application directory [/Users/lixianlin/myWebProject/tomcat/webapps/ROOT]
21-Feb-2020 12:07:26.639 INFO [main] org.apache.catalina.startup.HostConfig.deployDirectory Deployment of web application directory [/Users/lixianlin/myWebProject/tomcat/webapps/ROOT] has finished in [36] ms
21-Feb-2020 12:07:26.639 INFO [main] org.apache.catalina.startup.HostConfig.deployDirectory Deploying web application directory [/Users/lixianlin/myWebProject/tomcat/webapps/hello]
21-Feb-2020 12:07:26.699 INFO [main] org.apache.catalina.startup.HostConfig.deployDirectory Deployment of web application directory [/Users/lixianlin/myWebProject/tomcat/webapps/hello] has finished in [60] ms
21-Feb-2020 12:07:26.702 INFO [main] org.apache.catalina.startup.HostConfig.deployDirectory Deploying web application directory [/Users/lixianlin/myWebProject/tomcat/webapps/host-manager]
21-Feb-2020 12:07:26.740 INFO [main] org.apache.catalina.startup.HostConfig.deployDirectory Deployment of web application directory [/Users/lixianlin/myWebProject/tomcat/webapps/host-manager] has finished in [38] ms
21-Feb-2020 12:07:26.751 INFO [main] org.apache.coyote.AbstractProtocol.start Starting ProtocolHandler ["http-nio-9999"]
21-Feb-2020 12:07:26.776 INFO [main] org.apache.coyote.AbstractProtocol.start Starting ProtocolHandler ["ajp-nio-8009"]
21-Feb-2020 12:07:26.781 INFO [main] org.apache.catalina.startup.Catalina.start Server startup in [1,353] milliseconds
