28-Feb-2020 10:29:41.841 INFO [Thread-4] org.apache.coyote.AbstractProtocol.pause Pausing ProtocolHandler ["http-nio-9999"]
28-Feb-2020 10:29:41.862 INFO [Thread-4] org.apache.coyote.AbstractProtocol.pause Pausing ProtocolHandler ["ajp-nio-8009"]
28-Feb-2020 10:29:41.869 INFO [Thread-4] org.apache.catalina.core.StandardService.stopInternal Stopping service [Catalina]
28-Feb-2020 10:29:41.977 INFO [Thread-4] org.apache.coyote.AbstractProtocol.stop Stopping ProtocolHandler ["http-nio-9999"]
28-Feb-2020 10:29:41.989 INFO [Thread-4] org.apache.coyote.AbstractProtocol.stop Stopping ProtocolHandler ["ajp-nio-8009"]
28-Feb-2020 10:29:41.994 INFO [Thread-4] org.apache.coyote.AbstractProtocol.destroy Destroying ProtocolHandler ["http-nio-9999"]
28-Feb-2020 10:29:41.996 INFO [Thread-4] org.apache.coyote.AbstractProtocol.destroy Destroying ProtocolHandler ["ajp-nio-8009"]
28-Feb-2020 10:29:49.313 INFO [main] org.apache.catalina.startup.VersionLoggerListener.log Server version name:   Apache Tomcat/9.0.30
28-Feb-2020 10:29:49.323 INFO [main] org.apache.catalina.startup.VersionLoggerListener.log Server built:          Dec 7 2019 16:42:04 UTC
28-Feb-2020 10:29:49.324 INFO [main] org.apache.catalina.startup.VersionLoggerListener.log Server version number: 9.0.30.0
28-Feb-2020 10:29:49.324 INFO [main] org.apache.catalina.startup.VersionLoggerListener.log OS Name:               Mac OS X
28-Feb-2020 10:29:49.325 INFO [main] org.apache.catalina.startup.VersionLoggerListener.log OS Version:            10.14.6
28-Feb-2020 10:29:49.326 INFO [main] org.apache.catalina.startup.VersionLoggerListener.log Architecture:          x86_64
28-Feb-2020 10:29:49.326 INFO [main] org.apache.catalina.startup.VersionLoggerListener.log Java Home:             /Library/Java/JavaVirtualMachines/jdk-11.0.1.jdk/Contents/Home
28-Feb-2020 10:29:49.327 INFO [main] org.apache.catalina.startup.VersionLoggerListener.log JVM Version:           11.0.1+13-LTS
28-Feb-2020 10:29:49.327 INFO [main] org.apache.catalina.startup.VersionLoggerListener.log JVM Vendor:            Oracle Corporation
28-Feb-2020 10:29:49.328 INFO [main] org.apache.catalina.startup.VersionLoggerListener.log CATALINA_BASE:         /Users/lixianlin/myWebProject/tomcat
28-Feb-2020 10:29:49.328 INFO [main] org.apache.catalina.startup.VersionLoggerListener.log CATALINA_HOME:         /Users/lixianlin/myWebProject/tomcat
28-Feb-2020 10:29:49.348 INFO [main] org.apache.catalina.startup.VersionLoggerListener.log Command line argument: --add-opens=java.base/java.lang=ALL-UNNAMED
28-Feb-2020 10:29:49.350 INFO [main] org.apache.catalina.startup.VersionLoggerListener.log Command line argument: --add-opens=java.base/java.io=ALL-UNNAMED
28-Feb-2020 10:29:49.351 INFO [main] org.apache.catalina.startup.VersionLoggerListener.log Command line argument: --add-opens=java.rmi/sun.rmi.transport=ALL-UNNAMED
28-Feb-2020 10:29:49.351 INFO [main] org.apache.catalina.startup.VersionLoggerListener.log Command line argument: -Djava.util.logging.config.file=/Users/lixianlin/myWebProject/tomcat/conf/logging.properties
28-Feb-2020 10:29:49.351 INFO [main] org.apache.catalina.startup.VersionLoggerListener.log Command line argument: -Djava.util.logging.manager=org.apache.juli.ClassLoaderLogManager
28-Feb-2020 10:29:49.352 INFO [main] org.apache.catalina.startup.VersionLoggerListener.log Command line argument: -Djdk.tls.ephemeralDHKeySize=2048
28-Feb-2020 10:29:49.352 INFO [main] org.apache.catalina.startup.VersionLoggerListener.log Command line argument: -Djava.protocol.handler.pkgs=org.apache.catalina.webresources
28-Feb-2020 10:29:49.353 INFO [main] org.apache.catalina.startup.VersionLoggerListener.log Command line argument: -Dorg.apache.catalina.security.SecurityListener.UMASK=0027
28-Feb-2020 10:29:49.354 INFO [main] org.apache.catalina.startup.VersionLoggerListener.log Command line argument: -Dignore.endorsed.dirs=
28-Feb-2020 10:29:49.354 INFO [main] org.apache.catalina.startup.VersionLoggerListener.log Command line argument: -Dcatalina.base=/Users/lixianlin/myWebProject/tomcat
28-Feb-2020 10:29:49.355 INFO [main] org.apache.catalina.startup.VersionLoggerListener.log Command line argument: -Dcatalina.home=/Users/lixianlin/myWebProject/tomcat
28-Feb-2020 10:29:49.355 INFO [main] org.apache.catalina.startup.VersionLoggerListener.log Command line argument: -Djava.io.tmpdir=/Users/lixianlin/myWebProject/tomcat/temp
28-Feb-2020 10:29:49.355 INFO [main] org.apache.catalina.core.AprLifecycleListener.lifecycleEvent The APR based Apache Tomcat Native library which allows optimal performance in production environments was not found on the java.library.path: [/Users/lixianlin/Library/Java/Extensions:/Library/Java/Extensions:/Network/Library/Java/Extensions:/System/Library/Java/Extensions:/usr/lib/java:.]
28-Feb-2020 10:29:49.763 INFO [main] org.apache.coyote.AbstractProtocol.init Initializing ProtocolHandler ["http-nio-9999"]
28-Feb-2020 10:29:49.816 INFO [main] org.apache.coyote.AbstractProtocol.init Initializing ProtocolHandler ["ajp-nio-8009"]
28-Feb-2020 10:29:49.819 INFO [main] org.apache.catalina.startup.Catalina.load Server initialization in [863] milliseconds
28-Feb-2020 10:29:49.908 INFO [main] org.apache.catalina.core.StandardService.startInternal Starting service [Catalina]
28-Feb-2020 10:29:49.908 INFO [main] org.apache.catalina.core.StandardEngine.startInternal Starting Servlet engine: [Apache Tomcat/9.0.30]
28-Feb-2020 10:29:49.922 INFO [main] org.apache.catalina.startup.HostConfig.deployDirectory Deploying web application directory [/Users/lixianlin/myWebProject/tomcat/webapps/ebookshop]
28-Feb-2020 10:29:50.653 INFO [main] org.apache.jasper.servlet.TldScanner.scanJars At least one JAR was scanned for TLDs yet contained no TLDs. Enable debug logging for this logger for a complete list of JARs that were scanned but no TLDs were found in them. Skipping unneeded JARs during scanning can improve startup time and JSP compilation time.
28-Feb-2020 10:29:50.727 INFO [main] org.apache.catalina.startup.HostConfig.deployDirectory Deployment of web application directory [/Users/lixianlin/myWebProject/tomcat/webapps/ebookshop] has finished in [806] ms
28-Feb-2020 10:29:50.728 INFO [main] org.apache.catalina.startup.HostConfig.deployDirectory Deploying web application directory [/Users/lixianlin/myWebProject/tomcat/webapps/docs]
28-Feb-2020 10:29:50.988 INFO [main] org.apache.jasper.servlet.TldScanner.scanJars At least one JAR was scanned for TLDs yet contained no TLDs. Enable debug logging for this logger for a complete list of JARs that were scanned but no TLDs were found in them. Skipping unneeded JARs during scanning can improve startup time and JSP compilation time.
28-Feb-2020 10:29:50.991 INFO [main] org.apache.catalina.startup.HostConfig.deployDirectory Deployment of web application directory [/Users/lixianlin/myWebProject/tomcat/webapps/docs] has finished in [262] ms
28-Feb-2020 10:29:50.991 INFO [main] org.apache.catalina.startup.HostConfig.deployDirectory Deploying web application directory [/Users/lixianlin/myWebProject/tomcat/webapps/manager]
28-Feb-2020 10:29:51.233 INFO [main] org.apache.jasper.servlet.TldScanner.scanJars At least one JAR was scanned for TLDs yet contained no TLDs. Enable debug logging for this logger for a complete list of JARs that were scanned but no TLDs were found in them. Skipping unneeded JARs during scanning can improve startup time and JSP compilation time.
28-Feb-2020 10:29:51.243 INFO [main] org.apache.catalina.startup.HostConfig.deployDirectory Deployment of web application directory [/Users/lixianlin/myWebProject/tomcat/webapps/manager] has finished in [252] ms
28-Feb-2020 10:29:51.244 INFO [main] org.apache.catalina.startup.HostConfig.deployDirectory Deploying web application directory [/Users/lixianlin/myWebProject/tomcat/webapps/examples]
28-Feb-2020 10:29:51.769 INFO [main] org.apache.jasper.servlet.TldScanner.scanJars At least one JAR was scanned for TLDs yet contained no TLDs. Enable debug logging for this logger for a complete list of JARs that were scanned but no TLDs were found in them. Skipping unneeded JARs during scanning can improve startup time and JSP compilation time.
28-Feb-2020 10:29:51.793 INFO [main] org.apache.catalina.startup.HostConfig.deployDirectory Deployment of web application directory [/Users/lixianlin/myWebProject/tomcat/webapps/examples] has finished in [550] ms
28-Feb-2020 10:29:51.794 INFO [main] org.apache.catalina.startup.HostConfig.deployDirectory Deploying web application directory [/Users/lixianlin/myWebProject/tomcat/webapps/ROOT]
28-Feb-2020 10:29:51.984 INFO [main] org.apache.jasper.servlet.TldScanner.scanJars At least one JAR was scanned for TLDs yet contained no TLDs. Enable debug logging for this logger for a complete list of JARs that were scanned but no TLDs were found in them. Skipping unneeded JARs during scanning can improve startup time and JSP compilation time.
28-Feb-2020 10:29:51.987 INFO [main] org.apache.catalina.startup.HostConfig.deployDirectory Deployment of web application directory [/Users/lixianlin/myWebProject/tomcat/webapps/ROOT] has finished in [193] ms
28-Feb-2020 10:29:51.987 INFO [main] org.apache.catalina.startup.HostConfig.deployDirectory Deploying web application directory [/Users/lixianlin/myWebProject/tomcat/webapps/hello]
28-Feb-2020 10:29:52.225 INFO [main] org.apache.jasper.servlet.TldScanner.scanJars At least one JAR was scanned for TLDs yet contained no TLDs. Enable debug logging for this logger for a complete list of JARs that were scanned but no TLDs were found in them. Skipping unneeded JARs during scanning can improve startup time and JSP compilation time.
28-Feb-2020 10:29:52.231 INFO [main] org.apache.catalina.startup.HostConfig.deployDirectory Deployment of web application directory [/Users/lixianlin/myWebProject/tomcat/webapps/hello] has finished in [243] ms
28-Feb-2020 10:29:52.232 INFO [main] org.apache.catalina.startup.HostConfig.deployDirectory Deploying web application directory [/Users/lixianlin/myWebProject/tomcat/webapps/host-manager]
28-Feb-2020 10:29:52.442 INFO [main] org.apache.jasper.servlet.TldScanner.scanJars At least one JAR was scanned for TLDs yet contained no TLDs. Enable debug logging for this logger for a complete list of JARs that were scanned but no TLDs were found in them. Skipping unneeded JARs during scanning can improve startup time and JSP compilation time.
28-Feb-2020 10:29:52.444 INFO [main] org.apache.catalina.startup.HostConfig.deployDirectory Deployment of web application directory [/Users/lixianlin/myWebProject/tomcat/webapps/host-manager] has finished in [212] ms
28-Feb-2020 10:29:52.452 INFO [main] org.apache.coyote.AbstractProtocol.start Starting ProtocolHandler ["http-nio-9999"]
28-Feb-2020 10:29:52.463 INFO [main] org.apache.coyote.AbstractProtocol.start Starting ProtocolHandler ["ajp-nio-8009"]
28-Feb-2020 10:29:52.468 INFO [main] org.apache.catalina.startup.Catalina.start Server startup in [2,648] milliseconds
28-Feb-2020 10:36:09.940 INFO [Thread-4] org.apache.coyote.AbstractProtocol.pause Pausing ProtocolHandler ["http-nio-9999"]
28-Feb-2020 10:36:09.950 INFO [Thread-4] org.apache.coyote.AbstractProtocol.pause Pausing ProtocolHandler ["ajp-nio-8009"]
28-Feb-2020 10:36:09.957 INFO [Thread-4] org.apache.catalina.core.StandardService.stopInternal Stopping service [Catalina]
28-Feb-2020 10:36:10.049 INFO [Thread-4] org.apache.coyote.AbstractProtocol.stop Stopping ProtocolHandler ["http-nio-9999"]
28-Feb-2020 10:36:10.052 INFO [Thread-4] org.apache.coyote.AbstractProtocol.stop Stopping ProtocolHandler ["ajp-nio-8009"]
28-Feb-2020 10:36:10.057 INFO [Thread-4] org.apache.coyote.AbstractProtocol.destroy Destroying ProtocolHandler ["http-nio-9999"]
28-Feb-2020 10:36:10.058 INFO [Thread-4] org.apache.coyote.AbstractProtocol.destroy Destroying ProtocolHandler ["ajp-nio-8009"]
28-Feb-2020 10:36:30.423 INFO [main] org.apache.catalina.startup.VersionLoggerListener.log Server version name:   Apache Tomcat/9.0.30
28-Feb-2020 10:36:30.430 INFO [main] org.apache.catalina.startup.VersionLoggerListener.log Server built:          Dec 7 2019 16:42:04 UTC
28-Feb-2020 10:36:30.432 INFO [main] org.apache.catalina.startup.VersionLoggerListener.log Server version number: 9.0.30.0
28-Feb-2020 10:36:30.432 INFO [main] org.apache.catalina.startup.VersionLoggerListener.log OS Name:               Mac OS X
28-Feb-2020 10:36:30.432 INFO [main] org.apache.catalina.startup.VersionLoggerListener.log OS Version:            10.14.6
28-Feb-2020 10:36:30.433 INFO [main] org.apache.catalina.startup.VersionLoggerListener.log Architecture:          x86_64
28-Feb-2020 10:36:30.433 INFO [main] org.apache.catalina.startup.VersionLoggerListener.log Java Home:             /Library/Java/JavaVirtualMachines/jdk-11.0.1.jdk/Contents/Home
28-Feb-2020 10:36:30.434 INFO [main] org.apache.catalina.startup.VersionLoggerListener.log JVM Version:           11.0.1+13-LTS
28-Feb-2020 10:36:30.435 INFO [main] org.apache.catalina.startup.VersionLoggerListener.log JVM Vendor:            Oracle Corporation
28-Feb-2020 10:36:30.435 INFO [main] org.apache.catalina.startup.VersionLoggerListener.log CATALINA_BASE:         /Users/lixianlin/myWebProject/tomcat
28-Feb-2020 10:36:30.436 INFO [main] org.apache.catalina.startup.VersionLoggerListener.log CATALINA_HOME:         /Users/lixianlin/myWebProject/tomcat
28-Feb-2020 10:36:30.462 INFO [main] org.apache.catalina.startup.VersionLoggerListener.log Command line argument: --add-opens=java.base/java.lang=ALL-UNNAMED
28-Feb-2020 10:36:30.463 INFO [main] org.apache.catalina.startup.VersionLoggerListener.log Command line argument: --add-opens=java.base/java.io=ALL-UNNAMED
28-Feb-2020 10:36:30.464 INFO [main] org.apache.catalina.startup.VersionLoggerListener.log Command line argument: --add-opens=java.rmi/sun.rmi.transport=ALL-UNNAMED
28-Feb-2020 10:36:30.465 INFO [main] org.apache.catalina.startup.VersionLoggerListener.log Command line argument: -Djava.util.logging.config.file=/Users/lixianlin/myWebProject/tomcat/conf/logging.properties
28-Feb-2020 10:36:30.474 INFO [main] org.apache.catalina.startup.VersionLoggerListener.log Command line argument: -Djava.util.logging.manager=org.apache.juli.ClassLoaderLogManager
28-Feb-2020 10:36:30.475 INFO [main] org.apache.catalina.startup.VersionLoggerListener.log Command line argument: -Djdk.tls.ephemeralDHKeySize=2048
28-Feb-2020 10:36:30.476 INFO [main] org.apache.catalina.startup.VersionLoggerListener.log Command line argument: -Djava.protocol.handler.pkgs=org.apache.catalina.webresources
28-Feb-2020 10:36:30.476 INFO [main] org.apache.catalina.startup.VersionLoggerListener.log Command line argument: -Dorg.apache.catalina.security.SecurityListener.UMASK=0027
28-Feb-2020 10:36:30.479 INFO [main] org.apache.catalina.startup.VersionLoggerListener.log Command line argument: -Dignore.endorsed.dirs=
28-Feb-2020 10:36:30.479 INFO [main] org.apache.catalina.startup.VersionLoggerListener.log Command line argument: -Dcatalina.base=/Users/lixianlin/myWebProject/tomcat
28-Feb-2020 10:36:30.480 INFO [main] org.apache.catalina.startup.VersionLoggerListener.log Command line argument: -Dcatalina.home=/Users/lixianlin/myWebProject/tomcat
28-Feb-2020 10:36:30.480 INFO [main] org.apache.catalina.startup.VersionLoggerListener.log Command line argument: -Djava.io.tmpdir=/Users/lixianlin/myWebProject/tomcat/temp
28-Feb-2020 10:36:30.480 INFO [main] org.apache.catalina.core.AprLifecycleListener.lifecycleEvent The APR based Apache Tomcat Native library which allows optimal performance in production environments was not found on the java.library.path: [/Users/lixianlin/Library/Java/Extensions:/Library/Java/Extensions:/Network/Library/Java/Extensions:/System/Library/Java/Extensions:/usr/lib/java:.]
28-Feb-2020 10:36:31.148 INFO [main] org.apache.coyote.AbstractProtocol.init Initializing ProtocolHandler ["http-nio-9999"]
28-Feb-2020 10:36:31.215 INFO [main] org.apache.coyote.AbstractProtocol.init Initializing ProtocolHandler ["ajp-nio-8009"]
28-Feb-2020 10:36:31.218 INFO [main] org.apache.catalina.startup.Catalina.load Server initialization in [1,162] milliseconds
28-Feb-2020 10:36:31.312 INFO [main] org.apache.catalina.core.StandardService.startInternal Starting service [Catalina]
28-Feb-2020 10:36:31.313 INFO [main] org.apache.catalina.core.StandardEngine.startInternal Starting Servlet engine: [Apache Tomcat/9.0.30]
28-Feb-2020 10:36:31.328 INFO [main] org.apache.catalina.startup.HostConfig.deployDirectory Deploying web application directory [/Users/lixianlin/myWebProject/tomcat/webapps/ebookshop]
28-Feb-2020 10:36:32.316 INFO [main] org.apache.jasper.servlet.TldScanner.scanJars At least one JAR was scanned for TLDs yet contained no TLDs. Enable debug logging for this logger for a complete list of JARs that were scanned but no TLDs were found in them. Skipping unneeded JARs during scanning can improve startup time and JSP compilation time.
28-Feb-2020 10:36:32.419 INFO [main] org.apache.catalina.startup.HostConfig.deployDirectory Deployment of web application directory [/Users/lixianlin/myWebProject/tomcat/webapps/ebookshop] has finished in [1,091] ms
28-Feb-2020 10:36:32.420 INFO [main] org.apache.catalina.startup.HostConfig.deployDirectory Deploying web application directory [/Users/lixianlin/myWebProject/tomcat/webapps/docs]
28-Feb-2020 10:36:32.930 INFO [main] org.apache.jasper.servlet.TldScanner.scanJars At least one JAR was scanned for TLDs yet contained no TLDs. Enable debug logging for this logger for a complete list of JARs that were scanned but no TLDs were found in them. Skipping unneeded JARs during scanning can improve startup time and JSP compilation time.
28-Feb-2020 10:36:32.950 INFO [main] org.apache.catalina.startup.HostConfig.deployDirectory Deployment of web application directory [/Users/lixianlin/myWebProject/tomcat/webapps/docs] has finished in [523] ms
28-Feb-2020 10:36:32.952 INFO [main] org.apache.catalina.startup.HostConfig.deployDirectory Deploying web application directory [/Users/lixianlin/myWebProject/tomcat/webapps/manager]
28-Feb-2020 10:36:33.540 INFO [main] org.apache.jasper.servlet.TldScanner.scanJars At least one JAR was scanned for TLDs yet contained no TLDs. Enable debug logging for this logger for a complete list of JARs that were scanned but no TLDs were found in them. Skipping unneeded JARs during scanning can improve startup time and JSP compilation time.
28-Feb-2020 10:36:33.558 INFO [main] org.apache.catalina.startup.HostConfig.deployDirectory Deployment of web application directory [/Users/lixianlin/myWebProject/tomcat/webapps/manager] has finished in [606] ms
28-Feb-2020 10:36:33.559 INFO [main] org.apache.catalina.startup.HostConfig.deployDirectory Deploying web application directory [/Users/lixianlin/myWebProject/tomcat/webapps/examples]
28-Feb-2020 10:36:34.392 INFO [main] org.apache.jasper.servlet.TldScanner.scanJars At least one JAR was scanned for TLDs yet contained no TLDs. Enable debug logging for this logger for a complete list of JARs that were scanned but no TLDs were found in them. Skipping unneeded JARs during scanning can improve startup time and JSP compilation time.
28-Feb-2020 10:36:34.420 INFO [main] org.apache.catalina.startup.HostConfig.deployDirectory Deployment of web application directory [/Users/lixianlin/myWebProject/tomcat/webapps/examples] has finished in [861] ms
28-Feb-2020 10:36:34.421 INFO [main] org.apache.catalina.startup.HostConfig.deployDirectory Deploying web application directory [/Users/lixianlin/myWebProject/tomcat/webapps/ROOT]
28-Feb-2020 10:36:34.723 INFO [main] org.apache.jasper.servlet.TldScanner.scanJars At least one JAR was scanned for TLDs yet contained no TLDs. Enable debug logging for this logger for a complete list of JARs that were scanned but no TLDs were found in them. Skipping unneeded JARs during scanning can improve startup time and JSP compilation time.
28-Feb-2020 10:36:34.726 INFO [main] org.apache.catalina.startup.HostConfig.deployDirectory Deployment of web application directory [/Users/lixianlin/myWebProject/tomcat/webapps/ROOT] has finished in [305] ms
28-Feb-2020 10:36:34.727 INFO [main] org.apache.catalina.startup.HostConfig.deployDirectory Deploying web application directory [/Users/lixianlin/myWebProject/tomcat/webapps/hello]
28-Feb-2020 10:36:34.973 INFO [main] org.apache.jasper.servlet.TldScanner.scanJars At least one JAR was scanned for TLDs yet contained no TLDs. Enable debug logging for this logger for a complete list of JARs that were scanned but no TLDs were found in them. Skipping unneeded JARs during scanning can improve startup time and JSP compilation time.
28-Feb-2020 10:36:34.977 INFO [main] org.apache.catalina.startup.HostConfig.deployDirectory Deployment of web application directory [/Users/lixianlin/myWebProject/tomcat/webapps/hello] has finished in [251] ms
28-Feb-2020 10:36:34.978 INFO [main] org.apache.catalina.startup.HostConfig.deployDirectory Deploying web application directory [/Users/lixianlin/myWebProject/tomcat/webapps/host-manager]
28-Feb-2020 10:36:35.222 INFO [main] org.apache.jasper.servlet.TldScanner.scanJars At least one JAR was scanned for TLDs yet contained no TLDs. Enable debug logging for this logger for a complete list of JARs that were scanned but no TLDs were found in them. Skipping unneeded JARs during scanning can improve startup time and JSP compilation time.
28-Feb-2020 10:36:35.225 INFO [main] org.apache.catalina.startup.HostConfig.deployDirectory Deployment of web application directory [/Users/lixianlin/myWebProject/tomcat/webapps/host-manager] has finished in [246] ms
28-Feb-2020 10:36:35.232 INFO [main] org.apache.coyote.AbstractProtocol.start Starting ProtocolHandler ["http-nio-9999"]
28-Feb-2020 10:36:35.247 INFO [main] org.apache.coyote.AbstractProtocol.start Starting ProtocolHandler ["ajp-nio-8009"]
28-Feb-2020 10:36:35.252 INFO [main] org.apache.catalina.startup.Catalina.start Server startup in [4,032] milliseconds
28-Feb-2020 10:51:09.914 INFO [Thread-4] org.apache.coyote.AbstractProtocol.pause Pausing ProtocolHandler ["http-nio-9999"]
28-Feb-2020 10:51:09.924 INFO [Thread-4] org.apache.coyote.AbstractProtocol.pause Pausing ProtocolHandler ["ajp-nio-8009"]
28-Feb-2020 10:51:09.933 INFO [Thread-4] org.apache.catalina.core.StandardService.stopInternal Stopping service [Catalina]
28-Feb-2020 10:51:10.013 INFO [Thread-4] org.apache.coyote.AbstractProtocol.stop Stopping ProtocolHandler ["http-nio-9999"]
28-Feb-2020 10:51:10.017 INFO [Thread-4] org.apache.coyote.AbstractProtocol.stop Stopping ProtocolHandler ["ajp-nio-8009"]
28-Feb-2020 10:51:10.022 INFO [Thread-4] org.apache.coyote.AbstractProtocol.destroy Destroying ProtocolHandler ["http-nio-9999"]
28-Feb-2020 10:51:10.025 INFO [Thread-4] org.apache.coyote.AbstractProtocol.destroy Destroying ProtocolHandler ["ajp-nio-8009"]
28-Feb-2020 10:51:14.371 INFO [main] org.apache.catalina.startup.VersionLoggerListener.log Server version name:   Apache Tomcat/9.0.30
28-Feb-2020 10:51:14.378 INFO [main] org.apache.catalina.startup.VersionLoggerListener.log Server built:          Dec 7 2019 16:42:04 UTC
28-Feb-2020 10:51:14.378 INFO [main] org.apache.catalina.startup.VersionLoggerListener.log Server version number: 9.0.30.0
28-Feb-2020 10:51:14.379 INFO [main] org.apache.catalina.startup.VersionLoggerListener.log OS Name:               Mac OS X
28-Feb-2020 10:51:14.379 INFO [main] org.apache.catalina.startup.VersionLoggerListener.log OS Version:            10.14.6
28-Feb-2020 10:51:14.379 INFO [main] org.apache.catalina.startup.VersionLoggerListener.log Architecture:          x86_64
28-Feb-2020 10:51:14.380 INFO [main] org.apache.catalina.startup.VersionLoggerListener.log Java Home:             /Library/Java/JavaVirtualMachines/jdk-11.0.1.jdk/Contents/Home
28-Feb-2020 10:51:14.380 INFO [main] org.apache.catalina.startup.VersionLoggerListener.log JVM Version:           11.0.1+13-LTS
28-Feb-2020 10:51:14.380 INFO [main] org.apache.catalina.startup.VersionLoggerListener.log JVM Vendor:            Oracle Corporation
28-Feb-2020 10:51:14.381 INFO [main] org.apache.catalina.startup.VersionLoggerListener.log CATALINA_BASE:         /Users/lixianlin/myWebProject/tomcat
28-Feb-2020 10:51:14.381 INFO [main] org.apache.catalina.startup.VersionLoggerListener.log CATALINA_HOME:         /Users/lixianlin/myWebProject/tomcat
28-Feb-2020 10:51:14.409 INFO [main] org.apache.catalina.startup.VersionLoggerListener.log Command line argument: --add-opens=java.base/java.lang=ALL-UNNAMED
28-Feb-2020 10:51:14.410 INFO [main] org.apache.catalina.startup.VersionLoggerListener.log Command line argument: --add-opens=java.base/java.io=ALL-UNNAMED
28-Feb-2020 10:51:14.410 INFO [main] org.apache.catalina.startup.VersionLoggerListener.log Command line argument: --add-opens=java.rmi/sun.rmi.transport=ALL-UNNAMED
28-Feb-2020 10:51:14.411 INFO [main] org.apache.catalina.startup.VersionLoggerListener.log Command line argument: -Djava.util.logging.config.file=/Users/lixianlin/myWebProject/tomcat/conf/logging.properties
28-Feb-2020 10:51:14.411 INFO [main] org.apache.catalina.startup.VersionLoggerListener.log Command line argument: -Djava.util.logging.manager=org.apache.juli.ClassLoaderLogManager
28-Feb-2020 10:51:14.411 INFO [main] org.apache.catalina.startup.VersionLoggerListener.log Command line argument: -Djdk.tls.ephemeralDHKeySize=2048
28-Feb-2020 10:51:14.412 INFO [main] org.apache.catalina.startup.VersionLoggerListener.log Command line argument: -Djava.protocol.handler.pkgs=org.apache.catalina.webresources
28-Feb-2020 10:51:14.412 INFO [main] org.apache.catalina.startup.VersionLoggerListener.log Command line argument: -Dorg.apache.catalina.security.SecurityListener.UMASK=0027
28-Feb-2020 10:51:14.412 INFO [main] org.apache.catalina.startup.VersionLoggerListener.log Command line argument: -Dignore.endorsed.dirs=
28-Feb-2020 10:51:14.413 INFO [main] org.apache.catalina.startup.VersionLoggerListener.log Command line argument: -Dcatalina.base=/Users/lixianlin/myWebProject/tomcat
28-Feb-2020 10:51:14.413 INFO [main] org.apache.catalina.startup.VersionLoggerListener.log Command line argument: -Dcatalina.home=/Users/lixianlin/myWebProject/tomcat
28-Feb-2020 10:51:14.414 INFO [main] org.apache.catalina.startup.VersionLoggerListener.log Command line argument: -Djava.io.tmpdir=/Users/lixianlin/myWebProject/tomcat/temp
28-Feb-2020 10:51:14.414 INFO [main] org.apache.catalina.core.AprLifecycleListener.lifecycleEvent The APR based Apache Tomcat Native library which allows optimal performance in production environments was not found on the java.library.path: [/Users/lixianlin/Library/Java/Extensions:/Library/Java/Extensions:/Network/Library/Java/Extensions:/System/Library/Java/Extensions:/usr/lib/java:.]
28-Feb-2020 10:51:14.861 INFO [main] org.apache.coyote.AbstractProtocol.init Initializing ProtocolHandler ["http-nio-9999"]
28-Feb-2020 10:51:14.924 INFO [main] org.apache.coyote.AbstractProtocol.init Initializing ProtocolHandler ["ajp-nio-8009"]
28-Feb-2020 10:51:14.928 INFO [main] org.apache.catalina.startup.Catalina.load Server initialization in [908] milliseconds
28-Feb-2020 10:51:15.035 INFO [main] org.apache.catalina.core.StandardService.startInternal Starting service [Catalina]
28-Feb-2020 10:51:15.036 INFO [main] org.apache.catalina.core.StandardEngine.startInternal Starting Servlet engine: [Apache Tomcat/9.0.30]
28-Feb-2020 10:51:15.053 INFO [main] org.apache.catalina.startup.HostConfig.deployDirectory Deploying web application directory [/Users/lixianlin/myWebProject/tomcat/webapps/ebookshop]
28-Feb-2020 10:51:15.385 SEVERE [main] org.apache.catalina.startup.HostConfig.deployDirectory Error deploying web application directory [/Users/lixianlin/myWebProject/tomcat/webapps/ebookshop]
	java.lang.IllegalStateException: Error starting child
		at org.apache.catalina.core.ContainerBase.addChildInternal(ContainerBase.java:720)
		at org.apache.catalina.core.ContainerBase.addChild(ContainerBase.java:690)
		at org.apache.catalina.core.StandardHost.addChild(StandardHost.java:705)
		at org.apache.catalina.startup.HostConfig.deployDirectory(HostConfig.java:1133)
		at org.apache.catalina.startup.HostConfig$DeployDirectory.run(HostConfig.java:1867)
		at java.base/java.util.concurrent.Executors$RunnableAdapter.call(Executors.java:515)
		at java.base/java.util.concurrent.FutureTask.run(FutureTask.java:264)
		at org.apache.tomcat.util.threads.InlineExecutorService.execute(InlineExecutorService.java:75)
		at java.base/java.util.concurrent.AbstractExecutorService.submit(AbstractExecutorService.java:118)
		at org.apache.catalina.startup.HostConfig.deployDirectories(HostConfig.java:1045)
		at org.apache.catalina.startup.HostConfig.deployApps(HostConfig.java:429)
		at org.apache.catalina.startup.HostConfig.start(HostConfig.java:1576)
		at org.apache.catalina.startup.HostConfig.lifecycleEvent(HostConfig.java:309)
		at org.apache.catalina.util.LifecycleBase.fireLifecycleEvent(LifecycleBase.java:123)
		at org.apache.catalina.util.LifecycleBase.setStateInternal(LifecycleBase.java:423)
		at org.apache.catalina.util.LifecycleBase.setState(LifecycleBase.java:366)
		at org.apache.catalina.core.ContainerBase.startInternal(ContainerBase.java:936)
		at org.apache.catalina.core.StandardHost.startInternal(StandardHost.java:841)
		at org.apache.catalina.util.LifecycleBase.start(LifecycleBase.java:183)
		at org.apache.catalina.core.ContainerBase$StartChild.call(ContainerBase.java:1384)
		at org.apache.catalina.core.ContainerBase$StartChild.call(ContainerBase.java:1374)
		at java.base/java.util.concurrent.FutureTask.run(FutureTask.java:264)
		at org.apache.tomcat.util.threads.InlineExecutorService.execute(InlineExecutorService.java:75)
		at java.base/java.util.concurrent.AbstractExecutorService.submit(AbstractExecutorService.java:140)
		at org.apache.catalina.core.ContainerBase.startInternal(ContainerBase.java:909)
		at org.apache.catalina.core.StandardEngine.startInternal(StandardEngine.java:262)
		at org.apache.catalina.util.LifecycleBase.start(LifecycleBase.java:183)
		at org.apache.catalina.core.StandardService.startInternal(StandardService.java:421)
		at org.apache.catalina.util.LifecycleBase.start(LifecycleBase.java:183)
		at org.apache.catalina.core.StandardServer.startInternal(StandardServer.java:930)
		at org.apache.catalina.util.LifecycleBase.start(LifecycleBase.java:183)
		at org.apache.catalina.startup.Catalina.start(Catalina.java:633)
		at java.base/jdk.internal.reflect.NativeMethodAccessorImpl.invoke0(Native Method)
		at java.base/jdk.internal.reflect.NativeMethodAccessorImpl.invoke(NativeMethodAccessorImpl.java:62)
		at java.base/jdk.internal.reflect.DelegatingMethodAccessorImpl.invoke(DelegatingMethodAccessorImpl.java:43)
		at java.base/java.lang.reflect.Method.invoke(Method.java:566)
		at org.apache.catalina.startup.Bootstrap.start(Bootstrap.java:343)
		at org.apache.catalina.startup.Bootstrap.main(Bootstrap.java:474)
	Caused by: org.apache.catalina.LifecycleException: Failed to start component [StandardEngine[Catalina].StandardHost[localhost].StandardContext[/ebookshop]]
		at org.apache.catalina.util.LifecycleBase.handleSubClassException(LifecycleBase.java:440)
		at org.apache.catalina.util.LifecycleBase.start(LifecycleBase.java:198)
		at org.apache.catalina.core.ContainerBase.addChildInternal(ContainerBase.java:717)
		... 37 more
	Caused by: java.lang.IllegalArgumentException: The servlets named [QueryPostServlet] and [QueryServlet] are both mapped to the url-pattern [/query] which is not permitted
		at org.apache.tomcat.util.descriptor.web.WebXml.addServletMappingDecoded(WebXml.java:342)
		at org.apache.tomcat.util.descriptor.web.WebXml.addServletMapping(WebXml.java:335)
		at org.apache.catalina.startup.ContextConfig.processAnnotationWebServlet(ContextConfig.java:2465)
		at org.apache.catalina.startup.ContextConfig.processClass(ContextConfig.java:2141)
		at org.apache.catalina.startup.ContextConfig.processAnnotationsStream(ContextConfig.java:2130)
		at org.apache.catalina.startup.ContextConfig.processAnnotationsWebResource(ContextConfig.java:2022)
		at org.apache.catalina.startup.ContextConfig.processClasses(ContextConfig.java:1233)
		at org.apache.catalina.startup.ContextConfig.webConfig(ContextConfig.java:1142)
		at org.apache.catalina.startup.ContextConfig.configureStart(ContextConfig.java:774)
		at org.apache.catalina.startup.ContextConfig.lifecycleEvent(ContextConfig.java:301)
		at org.apache.catalina.util.LifecycleBase.fireLifecycleEvent(LifecycleBase.java:123)
		at org.apache.catalina.core.StandardContext.startInternal(StandardContext.java:5051)
		at org.apache.catalina.util.LifecycleBase.start(LifecycleBase.java:183)
		... 38 more
28-Feb-2020 10:51:15.389 INFO [main] org.apache.catalina.startup.HostConfig.deployDirectory Deployment of web application directory [/Users/lixianlin/myWebProject/tomcat/webapps/ebookshop] has finished in [336] ms
28-Feb-2020 10:51:15.390 INFO [main] org.apache.catalina.startup.HostConfig.deployDirectory Deploying web application directory [/Users/lixianlin/myWebProject/tomcat/webapps/docs]
28-Feb-2020 10:51:15.965 INFO [main] org.apache.jasper.servlet.TldScanner.scanJars At least one JAR was scanned for TLDs yet contained no TLDs. Enable debug logging for this logger for a complete list of JARs that were scanned but no TLDs were found in them. Skipping unneeded JARs during scanning can improve startup time and JSP compilation time.
28-Feb-2020 10:51:16.048 INFO [main] org.apache.catalina.startup.HostConfig.deployDirectory Deployment of web application directory [/Users/lixianlin/myWebProject/tomcat/webapps/docs] has finished in [657] ms
28-Feb-2020 10:51:16.048 INFO [main] org.apache.catalina.startup.HostConfig.deployDirectory Deploying web application directory [/Users/lixianlin/myWebProject/tomcat/webapps/manager]
28-Feb-2020 10:51:16.409 INFO [main] org.apache.jasper.servlet.TldScanner.scanJars At least one JAR was scanned for TLDs yet contained no TLDs. Enable debug logging for this logger for a complete list of JARs that were scanned but no TLDs were found in them. Skipping unneeded JARs during scanning can improve startup time and JSP compilation time.
28-Feb-2020 10:51:16.423 INFO [main] org.apache.catalina.startup.HostConfig.deployDirectory Deployment of web application directory [/Users/lixianlin/myWebProject/tomcat/webapps/manager] has finished in [374] ms
28-Feb-2020 10:51:16.423 INFO [main] org.apache.catalina.startup.HostConfig.deployDirectory Deploying web application directory [/Users/lixianlin/myWebProject/tomcat/webapps/examples]
28-Feb-2020 10:51:17.047 INFO [main] org.apache.jasper.servlet.TldScanner.scanJars At least one JAR was scanned for TLDs yet contained no TLDs. Enable debug logging for this logger for a complete list of JARs that were scanned but no TLDs were found in them. Skipping unneeded JARs during scanning can improve startup time and JSP compilation time.
28-Feb-2020 10:51:17.078 INFO [main] org.apache.catalina.startup.HostConfig.deployDirectory Deployment of web application directory [/Users/lixianlin/myWebProject/tomcat/webapps/examples] has finished in [654] ms
28-Feb-2020 10:51:17.078 INFO [main] org.apache.catalina.startup.HostConfig.deployDirectory Deploying web application directory [/Users/lixianlin/myWebProject/tomcat/webapps/ROOT]
28-Feb-2020 10:51:17.329 INFO [main] org.apache.jasper.servlet.TldScanner.scanJars At least one JAR was scanned for TLDs yet contained no TLDs. Enable debug logging for this logger for a complete list of JARs that were scanned but no TLDs were found in them. Skipping unneeded JARs during scanning can improve startup time and JSP compilation time.
28-Feb-2020 10:51:17.332 INFO [main] org.apache.catalina.startup.HostConfig.deployDirectory Deployment of web application directory [/Users/lixianlin/myWebProject/tomcat/webapps/ROOT] has finished in [253] ms
28-Feb-2020 10:51:17.332 INFO [main] org.apache.catalina.startup.HostConfig.deployDirectory Deploying web application directory [/Users/lixianlin/myWebProject/tomcat/webapps/hello]
28-Feb-2020 10:51:17.625 INFO [main] org.apache.jasper.servlet.TldScanner.scanJars At least one JAR was scanned for TLDs yet contained no TLDs. Enable debug logging for this logger for a complete list of JARs that were scanned but no TLDs were found in them. Skipping unneeded JARs during scanning can improve startup time and JSP compilation time.
28-Feb-2020 10:51:17.639 INFO [main] org.apache.catalina.startup.HostConfig.deployDirectory Deployment of web application directory [/Users/lixianlin/myWebProject/tomcat/webapps/hello] has finished in [307] ms
28-Feb-2020 10:51:17.640 INFO [main] org.apache.catalina.startup.HostConfig.deployDirectory Deploying web application directory [/Users/lixianlin/myWebProject/tomcat/webapps/host-manager]
28-Feb-2020 10:51:17.874 INFO [main] org.apache.jasper.servlet.TldScanner.scanJars At least one JAR was scanned for TLDs yet contained no TLDs. Enable debug logging for this logger for a complete list of JARs that were scanned but no TLDs were found in them. Skipping unneeded JARs during scanning can improve startup time and JSP compilation time.
28-Feb-2020 10:51:17.878 INFO [main] org.apache.catalina.startup.HostConfig.deployDirectory Deployment of web application directory [/Users/lixianlin/myWebProject/tomcat/webapps/host-manager] has finished in [237] ms
28-Feb-2020 10:51:17.885 INFO [main] org.apache.coyote.AbstractProtocol.start Starting ProtocolHandler ["http-nio-9999"]
28-Feb-2020 10:51:17.897 INFO [main] org.apache.coyote.AbstractProtocol.start Starting ProtocolHandler ["ajp-nio-8009"]
28-Feb-2020 10:51:17.904 INFO [main] org.apache.catalina.startup.Catalina.start Server startup in [2,974] milliseconds
28-Feb-2020 10:52:18.993 INFO [Thread-4] org.apache.coyote.AbstractProtocol.pause Pausing ProtocolHandler ["http-nio-9999"]
28-Feb-2020 10:52:19.003 INFO [Thread-4] org.apache.coyote.AbstractProtocol.pause Pausing ProtocolHandler ["ajp-nio-8009"]
28-Feb-2020 10:52:19.011 INFO [Thread-4] org.apache.catalina.core.StandardService.stopInternal Stopping service [Catalina]
28-Feb-2020 10:52:19.085 INFO [Thread-4] org.apache.coyote.AbstractProtocol.stop Stopping ProtocolHandler ["http-nio-9999"]
28-Feb-2020 10:52:19.089 INFO [Thread-4] org.apache.coyote.AbstractProtocol.stop Stopping ProtocolHandler ["ajp-nio-8009"]
28-Feb-2020 10:52:19.093 INFO [Thread-4] org.apache.coyote.AbstractProtocol.destroy Destroying ProtocolHandler ["http-nio-9999"]
28-Feb-2020 10:52:19.095 INFO [Thread-4] org.apache.coyote.AbstractProtocol.destroy Destroying ProtocolHandler ["ajp-nio-8009"]
28-Feb-2020 10:52:40.805 INFO [main] org.apache.catalina.startup.VersionLoggerListener.log Server version name:   Apache Tomcat/9.0.30
28-Feb-2020 10:52:40.811 INFO [main] org.apache.catalina.startup.VersionLoggerListener.log Server built:          Dec 7 2019 16:42:04 UTC
28-Feb-2020 10:52:40.812 INFO [main] org.apache.catalina.startup.VersionLoggerListener.log Server version number: 9.0.30.0
28-Feb-2020 10:52:40.812 INFO [main] org.apache.catalina.startup.VersionLoggerListener.log OS Name:               Mac OS X
28-Feb-2020 10:52:40.812 INFO [main] org.apache.catalina.startup.VersionLoggerListener.log OS Version:            10.14.6
28-Feb-2020 10:52:40.812 INFO [main] org.apache.catalina.startup.VersionLoggerListener.log Architecture:          x86_64
28-Feb-2020 10:52:40.813 INFO [main] org.apache.catalina.startup.VersionLoggerListener.log Java Home:             /Library/Java/JavaVirtualMachines/jdk-11.0.1.jdk/Contents/Home
28-Feb-2020 10:52:40.813 INFO [main] org.apache.catalina.startup.VersionLoggerListener.log JVM Version:           11.0.1+13-LTS
28-Feb-2020 10:52:40.814 INFO [main] org.apache.catalina.startup.VersionLoggerListener.log JVM Vendor:            Oracle Corporation
28-Feb-2020 10:52:40.814 INFO [main] org.apache.catalina.startup.VersionLoggerListener.log CATALINA_BASE:         /Users/lixianlin/myWebProject/tomcat
28-Feb-2020 10:52:40.814 INFO [main] org.apache.catalina.startup.VersionLoggerListener.log CATALINA_HOME:         /Users/lixianlin/myWebProject/tomcat
28-Feb-2020 10:52:40.837 INFO [main] org.apache.catalina.startup.VersionLoggerListener.log Command line argument: --add-opens=java.base/java.lang=ALL-UNNAMED
28-Feb-2020 10:52:40.838 INFO [main] org.apache.catalina.startup.VersionLoggerListener.log Command line argument: --add-opens=java.base/java.io=ALL-UNNAMED
28-Feb-2020 10:52:40.838 INFO [main] org.apache.catalina.startup.VersionLoggerListener.log Command line argument: --add-opens=java.rmi/sun.rmi.transport=ALL-UNNAMED
28-Feb-2020 10:52:40.838 INFO [main] org.apache.catalina.startup.VersionLoggerListener.log Command line argument: -Djava.util.logging.config.file=/Users/lixianlin/myWebProject/tomcat/conf/logging.properties
28-Feb-2020 10:52:40.839 INFO [main] org.apache.catalina.startup.VersionLoggerListener.log Command line argument: -Djava.util.logging.manager=org.apache.juli.ClassLoaderLogManager
28-Feb-2020 10:52:40.839 INFO [main] org.apache.catalina.startup.VersionLoggerListener.log Command line argument: -Djdk.tls.ephemeralDHKeySize=2048
28-Feb-2020 10:52:40.840 INFO [main] org.apache.catalina.startup.VersionLoggerListener.log Command line argument: -Djava.protocol.handler.pkgs=org.apache.catalina.webresources
28-Feb-2020 10:52:40.840 INFO [main] org.apache.catalina.startup.VersionLoggerListener.log Command line argument: -Dorg.apache.catalina.security.SecurityListener.UMASK=0027
28-Feb-2020 10:52:40.840 INFO [main] org.apache.catalina.startup.VersionLoggerListener.log Command line argument: -Dignore.endorsed.dirs=
28-Feb-2020 10:52:40.840 INFO [main] org.apache.catalina.startup.VersionLoggerListener.log Command line argument: -Dcatalina.base=/Users/lixianlin/myWebProject/tomcat
28-Feb-2020 10:52:40.841 INFO [main] org.apache.catalina.startup.VersionLoggerListener.log Command line argument: -Dcatalina.home=/Users/lixianlin/myWebProject/tomcat
28-Feb-2020 10:52:40.841 INFO [main] org.apache.catalina.startup.VersionLoggerListener.log Command line argument: -Djava.io.tmpdir=/Users/lixianlin/myWebProject/tomcat/temp
28-Feb-2020 10:52:40.841 INFO [main] org.apache.catalina.core.AprLifecycleListener.lifecycleEvent The APR based Apache Tomcat Native library which allows optimal performance in production environments was not found on the java.library.path: [/Users/lixianlin/Library/Java/Extensions:/Library/Java/Extensions:/Network/Library/Java/Extensions:/System/Library/Java/Extensions:/usr/lib/java:.]
28-Feb-2020 10:52:41.246 INFO [main] org.apache.coyote.AbstractProtocol.init Initializing ProtocolHandler ["http-nio-9999"]
28-Feb-2020 10:52:41.292 INFO [main] org.apache.coyote.AbstractProtocol.init Initializing ProtocolHandler ["ajp-nio-8009"]
28-Feb-2020 10:52:41.296 INFO [main] org.apache.catalina.startup.Catalina.load Server initialization in [839] milliseconds
28-Feb-2020 10:52:41.381 INFO [main] org.apache.catalina.core.StandardService.startInternal Starting service [Catalina]
28-Feb-2020 10:52:41.382 INFO [main] org.apache.catalina.core.StandardEngine.startInternal Starting Servlet engine: [Apache Tomcat/9.0.30]
28-Feb-2020 10:52:41.394 INFO [main] org.apache.catalina.startup.HostConfig.deployDirectory Deploying web application directory [/Users/lixianlin/myWebProject/tomcat/webapps/ebookshop]
28-Feb-2020 10:52:42.114 INFO [main] org.apache.jasper.servlet.TldScanner.scanJars At least one JAR was scanned for TLDs yet contained no TLDs. Enable debug logging for this logger for a complete list of JARs that were scanned but no TLDs were found in them. Skipping unneeded JARs during scanning can improve startup time and JSP compilation time.
28-Feb-2020 10:52:42.205 INFO [main] org.apache.catalina.startup.HostConfig.deployDirectory Deployment of web application directory [/Users/lixianlin/myWebProject/tomcat/webapps/ebookshop] has finished in [811] ms
28-Feb-2020 10:52:42.207 INFO [main] org.apache.catalina.startup.HostConfig.deployDirectory Deploying web application directory [/Users/lixianlin/myWebProject/tomcat/webapps/docs]
28-Feb-2020 10:52:42.529 INFO [main] org.apache.jasper.servlet.TldScanner.scanJars At least one JAR was scanned for TLDs yet contained no TLDs. Enable debug logging for this logger for a complete list of JARs that were scanned but no TLDs were found in them. Skipping unneeded JARs during scanning can improve startup time and JSP compilation time.
28-Feb-2020 10:52:42.531 INFO [main] org.apache.catalina.startup.HostConfig.deployDirectory Deployment of web application directory [/Users/lixianlin/myWebProject/tomcat/webapps/docs] has finished in [324] ms
28-Feb-2020 10:52:42.532 INFO [main] org.apache.catalina.startup.HostConfig.deployDirectory Deploying web application directory [/Users/lixianlin/myWebProject/tomcat/webapps/manager]
28-Feb-2020 10:52:42.835 INFO [main] org.apache.jasper.servlet.TldScanner.scanJars At least one JAR was scanned for TLDs yet contained no TLDs. Enable debug logging for this logger for a complete list of JARs that were scanned but no TLDs were found in them. Skipping unneeded JARs during scanning can improve startup time and JSP compilation time.
28-Feb-2020 10:52:42.850 INFO [main] org.apache.catalina.startup.HostConfig.deployDirectory Deployment of web application directory [/Users/lixianlin/myWebProject/tomcat/webapps/manager] has finished in [317] ms
28-Feb-2020 10:52:42.850 INFO [main] org.apache.catalina.startup.HostConfig.deployDirectory Deploying web application directory [/Users/lixianlin/myWebProject/tomcat/webapps/examples]
28-Feb-2020 10:52:43.512 INFO [main] org.apache.jasper.servlet.TldScanner.scanJars At least one JAR was scanned for TLDs yet contained no TLDs. Enable debug logging for this logger for a complete list of JARs that were scanned but no TLDs were found in them. Skipping unneeded JARs during scanning can improve startup time and JSP compilation time.
28-Feb-2020 10:52:43.540 INFO [main] org.apache.catalina.startup.HostConfig.deployDirectory Deployment of web application directory [/Users/lixianlin/myWebProject/tomcat/webapps/examples] has finished in [689] ms
28-Feb-2020 10:52:43.541 INFO [main] org.apache.catalina.startup.HostConfig.deployDirectory Deploying web application directory [/Users/lixianlin/myWebProject/tomcat/webapps/ROOT]
28-Feb-2020 10:52:43.819 INFO [main] org.apache.jasper.servlet.TldScanner.scanJars At least one JAR was scanned for TLDs yet contained no TLDs. Enable debug logging for this logger for a complete list of JARs that were scanned but no TLDs were found in them. Skipping unneeded JARs during scanning can improve startup time and JSP compilation time.
28-Feb-2020 10:52:43.822 INFO [main] org.apache.catalina.startup.HostConfig.deployDirectory Deployment of web application directory [/Users/lixianlin/myWebProject/tomcat/webapps/ROOT] has finished in [281] ms
28-Feb-2020 10:52:43.823 INFO [main] org.apache.catalina.startup.HostConfig.deployDirectory Deploying web application directory [/Users/lixianlin/myWebProject/tomcat/webapps/hello]
28-Feb-2020 10:52:44.083 INFO [main] org.apache.jasper.servlet.TldScanner.scanJars At least one JAR was scanned for TLDs yet contained no TLDs. Enable debug logging for this logger for a complete list of JARs that were scanned but no TLDs were found in them. Skipping unneeded JARs during scanning can improve startup time and JSP compilation time.
28-Feb-2020 10:52:44.087 INFO [main] org.apache.catalina.startup.HostConfig.deployDirectory Deployment of web application directory [/Users/lixianlin/myWebProject/tomcat/webapps/hello] has finished in [264] ms
28-Feb-2020 10:52:44.087 INFO [main] org.apache.catalina.startup.HostConfig.deployDirectory Deploying web application directory [/Users/lixianlin/myWebProject/tomcat/webapps/host-manager]
28-Feb-2020 10:52:44.470 INFO [main] org.apache.jasper.servlet.TldScanner.scanJars At least one JAR was scanned for TLDs yet contained no TLDs. Enable debug logging for this logger for a complete list of JARs that were scanned but no TLDs were found in them. Skipping unneeded JARs during scanning can improve startup time and JSP compilation time.
28-Feb-2020 10:52:44.474 INFO [main] org.apache.catalina.startup.HostConfig.deployDirectory Deployment of web application directory [/Users/lixianlin/myWebProject/tomcat/webapps/host-manager] has finished in [387] ms
28-Feb-2020 10:52:44.489 INFO [main] org.apache.coyote.AbstractProtocol.start Starting ProtocolHandler ["http-nio-9999"]
28-Feb-2020 10:52:44.508 INFO [main] org.apache.coyote.AbstractProtocol.start Starting ProtocolHandler ["ajp-nio-8009"]
28-Feb-2020 10:52:44.515 INFO [main] org.apache.catalina.startup.Catalina.start Server startup in [3,217] milliseconds
28-Feb-2020 10:58:54.936 INFO [Catalina-utility-2] org.apache.catalina.core.StandardContext.reload Reloading Context with name [/ebookshop] has started
28-Feb-2020 10:58:55.267 INFO [Catalina-utility-2] org.apache.jasper.servlet.TldScanner.scanJars At least one JAR was scanned for TLDs yet contained no TLDs. Enable debug logging for this logger for a complete list of JARs that were scanned but no TLDs were found in them. Skipping unneeded JARs during scanning can improve startup time and JSP compilation time.
28-Feb-2020 10:58:55.282 INFO [Catalina-utility-2] org.apache.catalina.core.StandardContext.reload Reloading Context with name [/ebookshop] is completed
