21-Feb-2020 10:29:31.455 INFO [main] org.apache.catalina.core.ApplicationContext.log ContextListener: contextInitialized()
21-Feb-2020 10:29:31.455 INFO [main] org.apache.catalina.core.ApplicationContext.log SessionListener: contextInitialized()
21-Feb-2020 10:29:31.457 INFO [main] org.apache.catalina.core.ApplicationContext.log ContextListener: attributeAdded('StockTicker', 'async.Stockticker@f5c79a6')
21-Feb-2020 10:31:28.246 INFO [Thread-4] org.apache.catalina.core.ApplicationContext.log SessionListener: contextDestroyed()
21-Feb-2020 10:31:28.247 INFO [Thread-4] org.apache.catalina.core.ApplicationContext.log ContextListener: contextDestroyed()
21-Feb-2020 10:31:33.125 INFO [main] org.apache.catalina.core.ApplicationContext.log ContextListener: contextInitialized()
21-Feb-2020 10:31:33.126 INFO [main] org.apache.catalina.core.ApplicationContext.log SessionListener: contextInitialized()
21-Feb-2020 10:31:33.129 INFO [main] org.apache.catalina.core.ApplicationContext.log ContextListener: attributeAdded('StockTicker', 'async.Stockticker@70eecdc2')
21-Feb-2020 10:38:55.434 INFO [Thread-4] org.apache.catalina.core.ApplicationContext.log SessionListener: contextDestroyed()
21-Feb-2020 10:38:55.434 INFO [Thread-4] org.apache.catalina.core.ApplicationContext.log ContextListener: contextDestroyed()
21-Feb-2020 10:48:44.932 INFO [main] org.apache.catalina.core.ApplicationContext.log ContextListener: contextInitialized()
21-Feb-2020 10:48:44.933 INFO [main] org.apache.catalina.core.ApplicationContext.log SessionListener: contextInitialized()
21-Feb-2020 10:48:44.935 INFO [main] org.apache.catalina.core.ApplicationContext.log ContextListener: attributeAdded('StockTicker', 'async.Stockticker@32f61a31')
21-Feb-2020 10:56:25.708 INFO [Catalina-utility-1] org.apache.catalina.core.ApplicationContext.log SessionListener: contextDestroyed()
21-Feb-2020 10:56:25.709 INFO [Catalina-utility-1] org.apache.catalina.core.ApplicationContext.log ContextListener: contextDestroyed()
21-Feb-2020 10:56:26.047 INFO [Catalina-utility-1] org.apache.catalina.core.ApplicationContext.log ContextListener: contextInitialized()
21-Feb-2020 10:56:26.048 INFO [Catalina-utility-1] org.apache.catalina.core.ApplicationContext.log SessionListener: contextInitialized()
21-Feb-2020 10:56:26.050 INFO [Catalina-utility-1] org.apache.catalina.core.ApplicationContext.log ContextListener: attributeAdded('StockTicker', 'async.Stockticker@4bddb9bc')
21-Feb-2020 12:07:20.525 INFO [Thread-4] org.apache.catalina.core.ApplicationContext.log SessionListener: contextDestroyed()
21-Feb-2020 12:07:20.525 INFO [Thread-4] org.apache.catalina.core.ApplicationContext.log ContextListener: contextDestroyed()
21-Feb-2020 12:07:26.589 INFO [main] org.apache.catalina.core.ApplicationContext.log ContextListener: contextInitialized()
21-Feb-2020 12:07:26.589 INFO [main] org.apache.catalina.core.ApplicationContext.log SessionListener: contextInitialized()
21-Feb-2020 12:07:26.592 INFO [main] org.apache.catalina.core.ApplicationContext.log ContextListener: attributeAdded('StockTicker', 'async.Stockticker@70eecdc2')
