28-Feb-2020 10:29:41.946 INFO [Thread-4] org.apache.catalina.core.ApplicationContext.log SessionListener: contextDestroyed()
28-Feb-2020 10:29:41.946 INFO [Thread-4] org.apache.catalina.core.ApplicationContext.log ContextListener: contextDestroyed()
28-Feb-2020 10:29:51.782 INFO [main] org.apache.catalina.core.ApplicationContext.log ContextListener: contextInitialized()
28-Feb-2020 10:29:51.783 INFO [main] org.apache.catalina.core.ApplicationContext.log SessionListener: contextInitialized()
28-Feb-2020 10:29:51.785 INFO [main] org.apache.catalina.core.ApplicationContext.log ContextListener: attributeAdded('StockTicker', 'async.Stockticker@11c7a0b4')
28-Feb-2020 10:36:10.016 INFO [Thread-4] org.apache.catalina.core.ApplicationContext.log SessionListener: contextDestroyed()
28-Feb-2020 10:36:10.017 INFO [Thread-4] org.apache.catalina.core.ApplicationContext.log ContextListener: contextDestroyed()
28-Feb-2020 10:36:34.409 INFO [main] org.apache.catalina.core.ApplicationContext.log ContextListener: contextInitialized()
28-Feb-2020 10:36:34.409 INFO [main] org.apache.catalina.core.ApplicationContext.log SessionListener: contextInitialized()
28-Feb-2020 10:36:34.411 INFO [main] org.apache.catalina.core.ApplicationContext.log ContextListener: attributeAdded('StockTicker', 'async.Stockticker@2c579202')
28-Feb-2020 10:51:09.983 INFO [Thread-4] org.apache.catalina.core.ApplicationContext.log SessionListener: contextDestroyed()
28-Feb-2020 10:51:09.984 INFO [Thread-4] org.apache.catalina.core.ApplicationContext.log ContextListener: contextDestroyed()
28-Feb-2020 10:51:17.065 INFO [main] org.apache.catalina.core.ApplicationContext.log ContextListener: contextInitialized()
28-Feb-2020 10:51:17.066 INFO [main] org.apache.catalina.core.ApplicationContext.log SessionListener: contextInitialized()
28-Feb-2020 10:51:17.068 INFO [main] org.apache.catalina.core.ApplicationContext.log ContextListener: attributeAdded('StockTicker', 'async.Stockticker@1d7eb170')
28-Feb-2020 10:52:19.050 INFO [Thread-4] org.apache.catalina.core.ApplicationContext.log SessionListener: contextDestroyed()
28-Feb-2020 10:52:19.050 INFO [Thread-4] org.apache.catalina.core.ApplicationContext.log ContextListener: contextDestroyed()
28-Feb-2020 10:52:43.529 INFO [main] org.apache.catalina.core.ApplicationContext.log ContextListener: contextInitialized()
28-Feb-2020 10:52:43.530 INFO [main] org.apache.catalina.core.ApplicationContext.log SessionListener: contextInitialized()
28-Feb-2020 10:52:43.532 INFO [main] org.apache.catalina.core.ApplicationContext.log ContextListener: attributeAdded('StockTicker', 'async.Stockticker@59a09be')
